{"/Users/ilmari/code/covid-vis/src/App.tsx": {"path":"/Users/ilmari/code/covid-vis/src/App.tsx","statementMap":{"0":{"start":{"line":13,"column":18},"end":{"line":13,"column":77}},"1":{"start":{"line":29,"column":2},"end":{"line":29,"column":15}},"2":{"start":{"line":30,"column":2},"end":{"line":36,"column":4}},"3":{"start":{"line":37,"column":2},"end":{"line":37,"column":44}},"4":{"start":{"line":40,"column":15},"end":{"line":40,"column":17}},"5":{"start":{"line":42,"column":20},"end":{"line":42,"column":36}},"6":{"start":{"line":42,"column":33},"end":{"line":42,"column":35}},"7":{"start":{"line":46,"column":2},"end":{"line":46,"column":25}},"8":{"start":{"line":49,"column":12},"end":{"line":52,"column":2}},"9":{"start":{"line":50,"column":2},"end":{"line":50,"column":22}},"10":{"start":{"line":51,"column":2},"end":{"line":51,"column":52}},"11":{"start":{"line":55,"column":2},"end":{"line":74,"column":4}},"12":{"start":{"line":63,"column":9},"end":{"line":67,"column":11}}},"fnMap":{"0":{"name":"(anonymous_0)","decl":{"start":{"line":28,"column":1},"end":{"line":28,"column":2}},"loc":{"start":{"line":28,"column":25},"end":{"line":38,"column":2}},"line":28},"1":{"name":"(anonymous_1)","decl":{"start":{"line":42,"column":20},"end":{"line":42,"column":21}},"loc":{"start":{"line":42,"column":33},"end":{"line":42,"column":35}},"line":42},"2":{"name":"(anonymous_2)","decl":{"start":{"line":44,"column":1},"end":{"line":44,"column":2}},"loc":{"start":{"line":44,"column":10},"end":{"line":47,"column":2}},"line":44},"3":{"name":"(anonymous_3)","decl":{"start":{"line":49,"column":12},"end":{"line":49,"column":13}},"loc":{"start":{"line":49,"column":32},"end":{"line":52,"column":2}},"line":49},"4":{"name":"(anonymous_4)","decl":{"start":{"line":54,"column":1},"end":{"line":54,"column":2}},"loc":{"start":{"line":54,"column":10},"end":{"line":75,"column":2}},"line":54},"5":{"name":"(anonymous_5)","decl":{"start":{"line":62,"column":19},"end":{"line":62,"column":20}},"loc":{"start":{"line":63,"column":9},"end":{"line":67,"column":11}},"line":63}},"branchMap":{},"s":{"0":1,"1":1,"2":1,"3":1,"4":1,"5":1,"6":0,"7":0,"8":1,"9":0,"10":0,"11":1,"12":1},"f":{"0":1,"1":0,"2":0,"3":0,"4":1,"5":1},"b":{},"_coverageSchema":"43e27e138ebf9cfc5966b082cf9a028302ed4184","hash":"1619cfd813dcdddffe42a24cdf2248b21f67f68f"}
,"/Users/ilmari/code/covid-vis/src/index.tsx": {"path":"/Users/ilmari/code/covid-vis/src/index.tsx","statementMap":{"0":{"start":{"line":11,"column":0},"end":{"line":13,"column":2}},"1":{"start":{"line":12,"column":32},"end":{"line":12,"column":86}},"2":{"start":{"line":15,"column":0},"end":{"line":15,"column":95}},"3":{"start":{"line":32,"column":0},"end":{"line":74,"column":3}},"4":{"start":{"line":33,"column":1},"end":{"line":73,"column":2}},"5":{"start":{"line":34,"column":2},"end":{"line":34,"column":34}},"6":{"start":{"line":36,"column":25},"end":{"line":41,"column":3}},"7":{"start":{"line":42,"column":2},"end":{"line":72,"column":3}},"8":{"start":{"line":43,"column":26},"end":{"line":48,"column":4}},"9":{"start":{"line":49,"column":19},"end":{"line":49,"column":70}},"10":{"start":{"line":50,"column":17},"end":{"line":68,"column":4}},"11":{"start":{"line":69,"column":3},"end":{"line":69,"column":71}},"12":{"start":{"line":69,"column":24},"end":{"line":69,"column":69}},"13":{"start":{"line":70,"column":3},"end":{"line":70,"column":30}},"14":{"start":{"line":71,"column":3},"end":{"line":71,"column":21}},"15":{"start":{"line":77,"column":1},"end":{"line":82,"column":3}},"16":{"start":{"line":86,"column":9},"end":{"line":86,"column":16}},"17":{"start":{"line":87,"column":9},"end":{"line":87,"column":16}},"18":{"start":{"line":88,"column":1},"end":{"line":88,"column":51}},"19":{"start":{"line":91,"column":0},"end":{"line":91,"column":58}},"20":{"start":{"line":96,"column":0},"end":{"line":96,"column":69}},"21":{"start":{"line":96,"column":41},"end":{"line":96,"column":65}}},"fnMap":{"0":{"name":"(anonymous_0)","decl":{"start":{"line":12,"column":20},"end":{"line":12,"column":21}},"loc":{"start":{"line":12,"column":32},"end":{"line":12,"column":86}},"line":12},"1":{"name":"(anonymous_1)","decl":{"start":{"line":32,"column":37},"end":{"line":32,"column":38}},"loc":{"start":{"line":32,"column":53},"end":{"line":74,"column":1}},"line":32},"2":{"name":"(anonymous_2)","decl":{"start":{"line":69,"column":14},"end":{"line":69,"column":15}},"loc":{"start":{"line":69,"column":24},"end":{"line":69,"column":69}},"line":69},"3":{"name":"createPoint","decl":{"start":{"line":76,"column":9},"end":{"line":76,"column":20}},"loc":{"start":{"line":76,"column":57},"end":{"line":83,"column":1}},"line":76},"4":{"name":"getDistance","decl":{"start":{"line":85,"column":9},"end":{"line":85,"column":20}},"loc":{"start":{"line":85,"column":69},"end":{"line":89,"column":1}},"line":85},"5":{"name":"(anonymous_5)","decl":{"start":{"line":96,"column":35},"end":{"line":96,"column":36}},"loc":{"start":{"line":96,"column":41},"end":{"line":96,"column":65}},"line":96}},"branchMap":{"0":{"loc":{"start":{"line":15,"column":28},"end":{"line":15,"column":93}},"type":"cond-expr","locations":[{"start":{"line":15,"column":73},"end":{"line":15,"column":81}},{"start":{"line":15,"column":84},"end":{"line":15,"column":93}}],"line":15},"1":{"loc":{"start":{"line":33,"column":1},"end":{"line":73,"column":2}},"type":"if","locations":[{"start":{"line":33,"column":1},"end":{"line":73,"column":2}},{"start":{"line":33,"column":1},"end":{"line":73,"column":2}}],"line":33},"2":{"loc":{"start":{"line":42,"column":2},"end":{"line":72,"column":3}},"type":"if","locations":[{"start":{"line":42,"column":2},"end":{"line":72,"column":3}},{"start":{"line":42,"column":2},"end":{"line":72,"column":3}}],"line":42}},"s":{"0":0,"1":0,"2":0,"3":0,"4":0,"5":0,"6":0,"7":0,"8":0,"9":0,"10":0,"11":0,"12":0,"13":0,"14":0,"15":0,"16":0,"17":0,"18":0,"19":0,"20":0,"21":0},"f":{"0":0,"1":0,"2":0,"3":0,"4":0,"5":0},"b":{"0":[0,0],"1":[0,0],"2":[0,0]},"hash":"f91dc0a90c6c2bde6db5bf5c0082014ae25b55ff"}
,"/Users/ilmari/code/covid-vis/src/serviceWorker.js": {"path":"/Users/ilmari/code/covid-vis/src/serviceWorker.js","statementMap":{"0":{"start":{"line":13,"column":20},"end":{"line":19,"column":1}},"1":{"start":{"line":22,"column":1},"end":{"line":53,"column":2}},"2":{"start":{"line":24,"column":20},"end":{"line":24,"column":73}},"3":{"start":{"line":25,"column":2},"end":{"line":30,"column":3}},"4":{"start":{"line":29,"column":3},"end":{"line":29,"column":10}},"5":{"start":{"line":32,"column":2},"end":{"line":52,"column":5}},"6":{"start":{"line":33,"column":17},"end":{"line":33,"column":62}},"7":{"start":{"line":35,"column":3},"end":{"line":51,"column":4}},"8":{"start":{"line":37,"column":4},"end":{"line":37,"column":43}},"9":{"start":{"line":41,"column":4},"end":{"line":47,"column":7}},"10":{"start":{"line":42,"column":5},"end":{"line":46,"column":8}},"11":{"start":{"line":50,"column":4},"end":{"line":50,"column":35}},"12":{"start":{"line":57,"column":1},"end":{"line":98,"column":5}},"13":{"start":{"line":60,"column":3},"end":{"line":94,"column":5}},"14":{"start":{"line":61,"column":29},"end":{"line":61,"column":52}},"15":{"start":{"line":62,"column":4},"end":{"line":64,"column":5}},"16":{"start":{"line":63,"column":5},"end":{"line":63,"column":12}},"17":{"start":{"line":65,"column":4},"end":{"line":93,"column":6}},"18":{"start":{"line":66,"column":5},"end":{"line":92,"column":6}},"19":{"start":{"line":67,"column":6},"end":{"line":91,"column":7}},"20":{"start":{"line":71,"column":7},"end":{"line":75,"column":10}},"21":{"start":{"line":78,"column":7},"end":{"line":80,"column":8}},"22":{"start":{"line":79,"column":8},"end":{"line":79,"column":38}},"23":{"start":{"line":85,"column":7},"end":{"line":85,"column":75}},"24":{"start":{"line":88,"column":7},"end":{"line":90,"column":8}},"25":{"start":{"line":89,"column":8},"end":{"line":89,"column":39}},"26":{"start":{"line":97,"column":3},"end":{"line":97,"column":69}},"27":{"start":{"line":103,"column":1},"end":{"line":125,"column":5}},"28":{"start":{"line":106,"column":23},"end":{"line":106,"column":59}},"29":{"start":{"line":107,"column":3},"end":{"line":120,"column":4}},"30":{"start":{"line":112,"column":4},"end":{"line":116,"column":7}},"31":{"start":{"line":113,"column":5},"end":{"line":115,"column":8}},"32":{"start":{"line":114,"column":6},"end":{"line":114,"column":31}},"33":{"start":{"line":119,"column":4},"end":{"line":119,"column":35}},"34":{"start":{"line":123,"column":3},"end":{"line":124,"column":81}},"35":{"start":{"line":129,"column":1},"end":{"line":133,"column":2}},"36":{"start":{"line":130,"column":2},"end":{"line":132,"column":5}},"37":{"start":{"line":131,"column":3},"end":{"line":131,"column":29}}},"fnMap":{"0":{"name":"register","decl":{"start":{"line":21,"column":16},"end":{"line":21,"column":24}},"loc":{"start":{"line":21,"column":33},"end":{"line":54,"column":1}},"line":21},"1":{"name":"(anonymous_1)","decl":{"start":{"line":32,"column":34},"end":{"line":32,"column":35}},"loc":{"start":{"line":32,"column":40},"end":{"line":52,"column":3}},"line":32},"2":{"name":"(anonymous_2)","decl":{"start":{"line":41,"column":39},"end":{"line":41,"column":40}},"loc":{"start":{"line":41,"column":45},"end":{"line":47,"column":5}},"line":41},"3":{"name":"registerValidSW","decl":{"start":{"line":56,"column":9},"end":{"line":56,"column":24}},"loc":{"start":{"line":56,"column":40},"end":{"line":99,"column":1}},"line":56},"4":{"name":"(anonymous_4)","decl":{"start":{"line":59,"column":8},"end":{"line":59,"column":9}},"loc":{"start":{"line":59,"column":26},"end":{"line":95,"column":3}},"line":59},"5":{"name":"(anonymous_5)","decl":{"start":{"line":60,"column":32},"end":{"line":60,"column":33}},"loc":{"start":{"line":60,"column":38},"end":{"line":94,"column":4}},"line":60},"6":{"name":"(anonymous_6)","decl":{"start":{"line":65,"column":37},"end":{"line":65,"column":38}},"loc":{"start":{"line":65,"column":43},"end":{"line":93,"column":5}},"line":65},"7":{"name":"(anonymous_7)","decl":{"start":{"line":96,"column":9},"end":{"line":96,"column":10}},"loc":{"start":{"line":96,"column":20},"end":{"line":98,"column":3}},"line":96},"8":{"name":"checkValidServiceWorker","decl":{"start":{"line":101,"column":9},"end":{"line":101,"column":32}},"loc":{"start":{"line":101,"column":48},"end":{"line":126,"column":1}},"line":101},"9":{"name":"(anonymous_9)","decl":{"start":{"line":104,"column":8},"end":{"line":104,"column":9}},"loc":{"start":{"line":104,"column":22},"end":{"line":121,"column":3}},"line":104},"10":{"name":"(anonymous_10)","decl":{"start":{"line":112,"column":39},"end":{"line":112,"column":40}},"loc":{"start":{"line":112,"column":57},"end":{"line":116,"column":5}},"line":112},"11":{"name":"(anonymous_11)","decl":{"start":{"line":113,"column":36},"end":{"line":113,"column":37}},"loc":{"start":{"line":113,"column":42},"end":{"line":115,"column":6}},"line":113},"12":{"name":"(anonymous_12)","decl":{"start":{"line":122,"column":9},"end":{"line":122,"column":10}},"loc":{"start":{"line":122,"column":15},"end":{"line":125,"column":3}},"line":122},"13":{"name":"unregister","decl":{"start":{"line":128,"column":16},"end":{"line":128,"column":26}},"loc":{"start":{"line":128,"column":29},"end":{"line":134,"column":1}},"line":128},"14":{"name":"(anonymous_14)","decl":{"start":{"line":130,"column":37},"end":{"line":130,"column":38}},"loc":{"start":{"line":130,"column":55},"end":{"line":132,"column":3}},"line":130}},"branchMap":{"0":{"loc":{"start":{"line":14,"column":1},"end":{"line":18,"column":90}},"type":"binary-expr","locations":[{"start":{"line":14,"column":1},"end":{"line":14,"column":41}},{"start":{"line":16,"column":2},"end":{"line":16,"column":38}},{"start":{"line":18,"column":2},"end":{"line":18,"column":90}}],"line":14},"1":{"loc":{"start":{"line":22,"column":1},"end":{"line":53,"column":2}},"type":"if","locations":[{"start":{"line":22,"column":1},"end":{"line":53,"column":2}},{"start":{"line":22,"column":1},"end":{"line":53,"column":2}}],"line":22},"2":{"loc":{"start":{"line":22,"column":5},"end":{"line":22,"column":74}},"type":"binary-expr","locations":[{"start":{"line":22,"column":5},"end":{"line":22,"column":42}},{"start":{"line":22,"column":46},"end":{"line":22,"column":74}}],"line":22},"3":{"loc":{"start":{"line":25,"column":2},"end":{"line":30,"column":3}},"type":"if","locations":[{"start":{"line":25,"column":2},"end":{"line":30,"column":3}},{"start":{"line":25,"column":2},"end":{"line":30,"column":3}}],"line":25},"4":{"loc":{"start":{"line":35,"column":3},"end":{"line":51,"column":4}},"type":"if","locations":[{"start":{"line":35,"column":3},"end":{"line":51,"column":4}},{"start":{"line":35,"column":3},"end":{"line":51,"column":4}}],"line":35},"5":{"loc":{"start":{"line":42,"column":5},"end":{"line":46,"column":7}},"type":"binary-expr","locations":[{"start":{"line":42,"column":5},"end":{"line":42,"column":19}},{"start":{"line":43,"column":6},"end":{"line":46,"column":7}}],"line":42},"6":{"loc":{"start":{"line":62,"column":4},"end":{"line":64,"column":5}},"type":"if","locations":[{"start":{"line":62,"column":4},"end":{"line":64,"column":5}},{"start":{"line":62,"column":4},"end":{"line":64,"column":5}}],"line":62},"7":{"loc":{"start":{"line":66,"column":5},"end":{"line":92,"column":6}},"type":"if","locations":[{"start":{"line":66,"column":5},"end":{"line":92,"column":6}},{"start":{"line":66,"column":5},"end":{"line":92,"column":6}}],"line":66},"8":{"loc":{"start":{"line":67,"column":6},"end":{"line":91,"column":7}},"type":"if","locations":[{"start":{"line":67,"column":6},"end":{"line":91,"column":7}},{"start":{"line":67,"column":6},"end":{"line":91,"column":7}}],"line":67},"9":{"loc":{"start":{"line":71,"column":7},"end":{"line":75,"column":9}},"type":"binary-expr","locations":[{"start":{"line":71,"column":7},"end":{"line":71,"column":21}},{"start":{"line":72,"column":8},"end":{"line":75,"column":9}}],"line":71},"10":{"loc":{"start":{"line":78,"column":7},"end":{"line":80,"column":8}},"type":"if","locations":[{"start":{"line":78,"column":7},"end":{"line":80,"column":8}},{"start":{"line":78,"column":7},"end":{"line":80,"column":8}}],"line":78},"11":{"loc":{"start":{"line":78,"column":11},"end":{"line":78,"column":36}},"type":"binary-expr","locations":[{"start":{"line":78,"column":11},"end":{"line":78,"column":17}},{"start":{"line":78,"column":21},"end":{"line":78,"column":36}}],"line":78},"12":{"loc":{"start":{"line":85,"column":7},"end":{"line":85,"column":74}},"type":"binary-expr","locations":[{"start":{"line":85,"column":7},"end":{"line":85,"column":21}},{"start":{"line":85,"column":25},"end":{"line":85,"column":74}}],"line":85},"13":{"loc":{"start":{"line":88,"column":7},"end":{"line":90,"column":8}},"type":"if","locations":[{"start":{"line":88,"column":7},"end":{"line":90,"column":8}},{"start":{"line":88,"column":7},"end":{"line":90,"column":8}}],"line":88},"14":{"loc":{"start":{"line":88,"column":11},"end":{"line":88,"column":37}},"type":"binary-expr","locations":[{"start":{"line":88,"column":11},"end":{"line":88,"column":17}},{"start":{"line":88,"column":21},"end":{"line":88,"column":37}}],"line":88},"15":{"loc":{"start":{"line":107,"column":3},"end":{"line":120,"column":4}},"type":"if","locations":[{"start":{"line":107,"column":3},"end":{"line":120,"column":4}},{"start":{"line":107,"column":3},"end":{"line":120,"column":4}}],"line":107},"16":{"loc":{"start":{"line":108,"column":4},"end":{"line":109,"column":69}},"type":"binary-expr","locations":[{"start":{"line":108,"column":4},"end":{"line":108,"column":27}},{"start":{"line":109,"column":5},"end":{"line":109,"column":24}},{"start":{"line":109,"column":28},"end":{"line":109,"column":68}}],"line":108},"17":{"loc":{"start":{"line":123,"column":3},"end":{"line":124,"column":80}},"type":"binary-expr","locations":[{"start":{"line":123,"column":3},"end":{"line":123,"column":17}},{"start":{"line":124,"column":4},"end":{"line":124,"column":80}}],"line":123},"18":{"loc":{"start":{"line":129,"column":1},"end":{"line":133,"column":2}},"type":"if","locations":[{"start":{"line":129,"column":1},"end":{"line":133,"column":2}},{"start":{"line":129,"column":1},"end":{"line":133,"column":2}}],"line":129}},"s":{"0":0,"1":0,"2":0,"3":0,"4":0,"5":0,"6":0,"7":0,"8":0,"9":0,"10":0,"11":0,"12":0,"13":0,"14":0,"15":0,"16":0,"17":0,"18":0,"19":0,"20":0,"21":0,"22":0,"23":0,"24":0,"25":0,"26":0,"27":0,"28":0,"29":0,"30":0,"31":0,"32":0,"33":0,"34":0,"35":0,"36":0,"37":0},"f":{"0":0,"1":0,"2":0,"3":0,"4":0,"5":0,"6":0,"7":0,"8":0,"9":0,"10":0,"11":0,"12":0,"13":0,"14":0},"b":{"0":[0,0,0],"1":[0,0],"2":[0,0],"3":[0,0],"4":[0,0],"5":[0,0],"6":[0,0],"7":[0,0],"8":[0,0],"9":[0,0],"10":[0,0],"11":[0,0],"12":[0,0],"13":[0,0],"14":[0,0],"15":[0,0],"16":[0,0,0],"17":[0,0],"18":[0,0]},"hash":"9b32e8b1ed48a2c12ca97505e254920f04582872"}
,"/Users/ilmari/code/covid-vis/src/sw-epilog.js": {"path":"/Users/ilmari/code/covid-vis/src/sw-epilog.js","statementMap":{"0":{"start":{"line":1,"column":0},"end":{"line":4,"column":2}},"1":{"start":{"line":5,"column":0},"end":{"line":7,"column":3}},"2":{"start":{"line":6,"column":1},"end":{"line":6,"column":20}}},"fnMap":{"0":{"name":"(anonymous_0)","decl":{"start":{"line":5,"column":33},"end":{"line":5,"column":34}},"loc":{"start":{"line":5,"column":44},"end":{"line":7,"column":1}},"line":5}},"branchMap":{},"s":{"0":0,"1":0,"2":0},"f":{"0":0},"b":{},"hash":"57996a3e2510ea401997552b338ff8b93ad95df3"}
,"/Users/ilmari/code/covid-vis/src/Montaan/index.tsx": {"path":"/Users/ilmari/code/covid-vis/src/Montaan/index.tsx","statementMap":{},"fnMap":{},"branchMap":{},"s":{},"f":{},"b":{},"_coverageSchema":"43e27e138ebf9cfc5966b082cf9a028302ed4184","hash":"ac1e84b376cbc9d5569c58f6c61e70d3fe75b708"}
,"/Users/ilmari/code/covid-vis/src/Montaan/Breadcrumb/Breadcrumb.tsx": {"path":"/Users/ilmari/code/covid-vis/src/Montaan/Breadcrumb/Breadcrumb.tsx","statementMap":{"0":{"start":{"line":10,"column":17},"end":{"line":10,"column":61}},"1":{"start":{"line":12,"column":26},"end":{"line":48,"column":1}},"2":{"start":{"line":23,"column":25},"end":{"line":23,"column":40}},"3":{"start":{"line":24,"column":22},"end":{"line":24,"column":65}},"4":{"start":{"line":24,"column":40},"end":{"line":24,"column":53}},"5":{"start":{"line":25,"column":22},"end":{"line":25,"column":66}},"6":{"start":{"line":25,"column":40},"end":{"line":25,"column":54}},"7":{"start":{"line":26,"column":22},"end":{"line":41,"column":38}},"8":{"start":{"line":28,"column":18},"end":{"line":28,"column":33}},"9":{"start":{"line":29,"column":2},"end":{"line":40,"column":4}},"10":{"start":{"line":33,"column":6},"end":{"line":37,"column":7}},"11":{"start":{"line":42,"column":1},"end":{"line":47,"column":3}},"12":{"start":{"line":56,"column":19},"end":{"line":81,"column":1}},"13":{"start":{"line":57,"column":18},"end":{"line":75,"column":50}},"14":{"start":{"line":59,"column":18},"end":{"line":59,"column":33}},"15":{"start":{"line":60,"column":23},"end":{"line":60,"column":59}},"16":{"start":{"line":61,"column":13},"end":{"line":61,"column":15}},"17":{"start":{"line":62,"column":14},"end":{"line":65,"column":4}},"18":{"start":{"line":63,"column":3},"end":{"line":63,"column":25}},"19":{"start":{"line":64,"column":3},"end":{"line":64,"column":28}},"20":{"start":{"line":66,"column":2},"end":{"line":74,"column":5}},"21":{"start":{"line":67,"column":3},"end":{"line":73,"column":5}},"22":{"start":{"line":76,"column":1},"end":{"line":80,"column":3}}},"fnMap":{"0":{"name":"(anonymous_0)","decl":{"start":{"line":12,"column":26},"end":{"line":12,"column":27}},"loc":{"start":{"line":22,"column":6},"end":{"line":48,"column":1}},"line":22},"1":{"name":"(anonymous_1)","decl":{"start":{"line":24,"column":34},"end":{"line":24,"column":35}},"loc":{"start":{"line":24,"column":40},"end":{"line":24,"column":53}},"line":24},"2":{"name":"(anonymous_2)","decl":{"start":{"line":25,"column":34},"end":{"line":25,"column":35}},"loc":{"start":{"line":25,"column":40},"end":{"line":25,"column":54}},"line":25},"3":{"name":"(anonymous_3)","decl":{"start":{"line":26,"column":30},"end":{"line":26,"column":31}},"loc":{"start":{"line":26,"column":36},"end":{"line":41,"column":2}},"line":26},"4":{"name":"(anonymous_4)","decl":{"start":{"line":32,"column":5},"end":{"line":32,"column":6}},"loc":{"start":{"line":33,"column":6},"end":{"line":37,"column":7}},"line":33},"5":{"name":"(anonymous_5)","decl":{"start":{"line":56,"column":19},"end":{"line":56,"column":20}},"loc":{"start":{"line":56,"column":89},"end":{"line":81,"column":1}},"line":56},"6":{"name":"(anonymous_6)","decl":{"start":{"line":57,"column":26},"end":{"line":57,"column":27}},"loc":{"start":{"line":57,"column":32},"end":{"line":75,"column":2}},"line":57},"7":{"name":"(anonymous_7)","decl":{"start":{"line":62,"column":31},"end":{"line":62,"column":32}},"loc":{"start":{"line":62,"column":44},"end":{"line":65,"column":3}},"line":62},"8":{"name":"(anonymous_8)","decl":{"start":{"line":66,"column":19},"end":{"line":66,"column":20}},"loc":{"start":{"line":67,"column":3},"end":{"line":73,"column":5}},"line":67}},"branchMap":{"0":{"loc":{"start":{"line":33,"column":6},"end":{"line":37,"column":7}},"type":"binary-expr","locations":[{"start":{"line":33,"column":6},"end":{"line":33,"column":26}},{"start":{"line":34,"column":7},"end":{"line":36,"column":12}}],"line":33},"1":{"loc":{"start":{"line":45,"column":4},"end":{"line":45,"column":24}},"type":"binary-expr","locations":[{"start":{"line":45,"column":4},"end":{"line":45,"column":8}},{"start":{"line":45,"column":12},"end":{"line":45,"column":24}}],"line":45}},"s":{"0":4,"1":4,"2":3,"3":3,"4":0,"5":3,"6":0,"7":3,"8":3,"9":3,"10":0,"11":3,"12":4,"13":3,"14":3,"15":3,"16":3,"17":3,"18":3,"19":3,"20":3,"21":3,"22":3},"f":{"0":3,"1":0,"2":0,"3":3,"4":0,"5":3,"6":3,"7":3,"8":3},"b":{"0":[0,0],"1":[3,0]},"_coverageSchema":"43e27e138ebf9cfc5966b082cf9a028302ed4184","hash":"4fd921217ccc55b1a344392c2e149a92a3f0b3eb"}
,"/Users/ilmari/code/covid-vis/src/Montaan/Breadcrumb/index.tsx": {"path":"/Users/ilmari/code/covid-vis/src/Montaan/Breadcrumb/index.tsx","statementMap":{},"fnMap":{},"branchMap":{},"s":{},"f":{},"b":{},"_coverageSchema":"43e27e138ebf9cfc5966b082cf9a028302ed4184","hash":"257655caa3b8d2764a4b2c6ce655522906b0dfe6"}
,"/Users/ilmari/code/covid-vis/src/Montaan/Colors/Colors.ts": {"path":"/Users/ilmari/code/covid-vis/src/Montaan/Colors/Colors.ts","statementMap":{"0":{"start":{"line":51,"column":15},"end":{"line":289,"column":1}},"1":{"start":{"line":115,"column":13},"end":{"line":115,"column":22}},"2":{"start":{"line":117,"column":2},"end":{"line":130,"column":3}},"3":{"start":{"line":118,"column":3},"end":{"line":129,"column":4}},"4":{"start":{"line":120,"column":5},"end":{"line":120,"column":36}},"5":{"start":{"line":122,"column":5},"end":{"line":122,"column":36}},"6":{"start":{"line":124,"column":5},"end":{"line":124,"column":36}},"7":{"start":{"line":126,"column":5},"end":{"line":126,"column":36}},"8":{"start":{"line":128,"column":5},"end":{"line":128,"column":36}},"9":{"start":{"line":141,"column":2},"end":{"line":165,"column":3}},"10":{"start":{"line":142,"column":3},"end":{"line":142,"column":32}},"11":{"start":{"line":143,"column":9},"end":{"line":165,"column":3}},"12":{"start":{"line":144,"column":3},"end":{"line":144,"column":33}},"13":{"start":{"line":145,"column":9},"end":{"line":165,"column":3}},"14":{"start":{"line":146,"column":3},"end":{"line":146,"column":32}},"15":{"start":{"line":147,"column":9},"end":{"line":165,"column":3}},"16":{"start":{"line":148,"column":3},"end":{"line":148,"column":32}},"17":{"start":{"line":149,"column":9},"end":{"line":165,"column":3}},"18":{"start":{"line":150,"column":3},"end":{"line":150,"column":33}},"19":{"start":{"line":151,"column":9},"end":{"line":165,"column":3}},"20":{"start":{"line":152,"column":3},"end":{"line":152,"column":35}},"21":{"start":{"line":153,"column":9},"end":{"line":165,"column":3}},"22":{"start":{"line":154,"column":3},"end":{"line":154,"column":34}},"23":{"start":{"line":155,"column":9},"end":{"line":165,"column":3}},"24":{"start":{"line":156,"column":3},"end":{"line":156,"column":30}},"25":{"start":{"line":157,"column":9},"end":{"line":165,"column":3}},"26":{"start":{"line":158,"column":3},"end":{"line":158,"column":33}},"27":{"start":{"line":159,"column":9},"end":{"line":165,"column":3}},"28":{"start":{"line":160,"column":3},"end":{"line":160,"column":32}},"29":{"start":{"line":161,"column":9},"end":{"line":165,"column":3}},"30":{"start":{"line":162,"column":3},"end":{"line":162,"column":33}},"31":{"start":{"line":164,"column":3},"end":{"line":164,"column":34}},"32":{"start":{"line":169,"column":2},"end":{"line":182,"column":3}},"33":{"start":{"line":170,"column":3},"end":{"line":181,"column":4}},"34":{"start":{"line":172,"column":5},"end":{"line":172,"column":35}},"35":{"start":{"line":174,"column":5},"end":{"line":174,"column":35}},"36":{"start":{"line":176,"column":5},"end":{"line":176,"column":35}},"37":{"start":{"line":178,"column":5},"end":{"line":178,"column":35}},"38":{"start":{"line":180,"column":5},"end":{"line":180,"column":35}},"39":{"start":{"line":183,"column":13},"end":{"line":183,"column":22}},"40":{"start":{"line":184,"column":2},"end":{"line":200,"column":3}},"41":{"start":{"line":185,"column":3},"end":{"line":185,"column":31}},"42":{"start":{"line":186,"column":9},"end":{"line":200,"column":3}},"43":{"start":{"line":187,"column":3},"end":{"line":187,"column":31}},"44":{"start":{"line":188,"column":9},"end":{"line":200,"column":3}},"45":{"start":{"line":189,"column":3},"end":{"line":189,"column":34}},"46":{"start":{"line":190,"column":9},"end":{"line":200,"column":3}},"47":{"start":{"line":191,"column":3},"end":{"line":191,"column":33}},"48":{"start":{"line":192,"column":9},"end":{"line":200,"column":3}},"49":{"start":{"line":193,"column":3},"end":{"line":193,"column":31}},"50":{"start":{"line":194,"column":9},"end":{"line":200,"column":3}},"51":{"start":{"line":195,"column":3},"end":{"line":195,"column":29}},"52":{"start":{"line":196,"column":9},"end":{"line":200,"column":3}},"53":{"start":{"line":197,"column":3},"end":{"line":197,"column":32}},"54":{"start":{"line":199,"column":3},"end":{"line":199,"column":33}},"55":{"start":{"line":204,"column":14},"end":{"line":204,"column":36}},"56":{"start":{"line":205,"column":12},"end":{"line":205,"column":27}},"57":{"start":{"line":206,"column":19},"end":{"line":206,"column":40}},"58":{"start":{"line":207,"column":2},"end":{"line":209,"column":3}},"59":{"start":{"line":208,"column":3},"end":{"line":208,"column":86}},"60":{"start":{"line":210,"column":2},"end":{"line":210,"column":20}},"61":{"start":{"line":214,"column":2},"end":{"line":216,"column":3}},"62":{"start":{"line":215,"column":3},"end":{"line":215,"column":42}},"63":{"start":{"line":217,"column":2},"end":{"line":217,"column":36}},"64":{"start":{"line":221,"column":14},"end":{"line":221,"column":43}},"65":{"start":{"line":222,"column":2},"end":{"line":222,"column":33}},"66":{"start":{"line":223,"column":38},"end":{"line":254,"column":3}},"67":{"start":{"line":255,"column":13},"end":{"line":255,"column":29}},"68":{"start":{"line":256,"column":2},"end":{"line":262,"column":5}},"69":{"start":{"line":257,"column":3},"end":{"line":257,"column":21}},"70":{"start":{"line":258,"column":17},"end":{"line":258,"column":50}},"71":{"start":{"line":260,"column":24},"end":{"line":260,"column":74}},"72":{"start":{"line":261,"column":3},"end":{"line":261,"column":78}},"73":{"start":{"line":263,"column":2},"end":{"line":263,"column":33}},"74":{"start":{"line":265,"column":18},"end":{"line":265,"column":49}},"75":{"start":{"line":270,"column":4},"end":{"line":270,"column":72}},"76":{"start":{"line":271,"column":3},"end":{"line":275,"column":5}},"77":{"start":{"line":281,"column":4},"end":{"line":281,"column":82}},"78":{"start":{"line":282,"column":3},"end":{"line":286,"column":5}},"79":{"start":{"line":291,"column":0},"end":{"line":291,"column":21}}},"fnMap":{"0":{"name":"(anonymous_0)","decl":{"start":{"line":114,"column":15},"end":{"line":114,"column":16}},"loc":{"start":{"line":114,"column":51},"end":{"line":166,"column":2}},"line":114},"1":{"name":"(anonymous_1)","decl":{"start":{"line":168,"column":20},"end":{"line":168,"column":21}},"loc":{"start":{"line":168,"column":56},"end":{"line":201,"column":2}},"line":168},"2":{"name":"(anonymous_2)","decl":{"start":{"line":203,"column":16},"end":{"line":203,"column":17}},"loc":{"start":{"line":203,"column":56},"end":{"line":211,"column":2}},"line":203},"3":{"name":"(anonymous_3)","decl":{"start":{"line":213,"column":11},"end":{"line":213,"column":12}},"loc":{"start":{"line":213,"column":38},"end":{"line":218,"column":2}},"line":213},"4":{"name":"(anonymous_4)","decl":{"start":{"line":220,"column":14},"end":{"line":220,"column":15}},"loc":{"start":{"line":220,"column":25},"end":{"line":288,"column":2}},"line":220},"5":{"name":"(anonymous_5)","decl":{"start":{"line":256,"column":16},"end":{"line":256,"column":17}},"loc":{"start":{"line":256,"column":23},"end":{"line":262,"column":3}},"line":256}},"branchMap":{"0":{"loc":{"start":{"line":117,"column":2},"end":{"line":130,"column":3}},"type":"if","locations":[{"start":{"line":117,"column":2},"end":{"line":130,"column":3}},{"start":{"line":117,"column":2},"end":{"line":130,"column":3}}],"line":117},"1":{"loc":{"start":{"line":118,"column":3},"end":{"line":129,"column":4}},"type":"switch","locations":[{"start":{"line":119,"column":4},"end":{"line":120,"column":36}},{"start":{"line":121,"column":4},"end":{"line":122,"column":36}},{"start":{"line":123,"column":4},"end":{"line":124,"column":36}},{"start":{"line":125,"column":4},"end":{"line":126,"column":36}},{"start":{"line":127,"column":4},"end":{"line":128,"column":36}}],"line":118},"2":{"loc":{"start":{"line":141,"column":2},"end":{"line":165,"column":3}},"type":"if","locations":[{"start":{"line":141,"column":2},"end":{"line":165,"column":3}},{"start":{"line":141,"column":2},"end":{"line":165,"column":3}}],"line":141},"3":{"loc":{"start":{"line":143,"column":9},"end":{"line":165,"column":3}},"type":"if","locations":[{"start":{"line":143,"column":9},"end":{"line":165,"column":3}},{"start":{"line":143,"column":9},"end":{"line":165,"column":3}}],"line":143},"4":{"loc":{"start":{"line":145,"column":9},"end":{"line":165,"column":3}},"type":"if","locations":[{"start":{"line":145,"column":9},"end":{"line":165,"column":3}},{"start":{"line":145,"column":9},"end":{"line":165,"column":3}}],"line":145},"5":{"loc":{"start":{"line":147,"column":9},"end":{"line":165,"column":3}},"type":"if","locations":[{"start":{"line":147,"column":9},"end":{"line":165,"column":3}},{"start":{"line":147,"column":9},"end":{"line":165,"column":3}}],"line":147},"6":{"loc":{"start":{"line":149,"column":9},"end":{"line":165,"column":3}},"type":"if","locations":[{"start":{"line":149,"column":9},"end":{"line":165,"column":3}},{"start":{"line":149,"column":9},"end":{"line":165,"column":3}}],"line":149},"7":{"loc":{"start":{"line":151,"column":9},"end":{"line":165,"column":3}},"type":"if","locations":[{"start":{"line":151,"column":9},"end":{"line":165,"column":3}},{"start":{"line":151,"column":9},"end":{"line":165,"column":3}}],"line":151},"8":{"loc":{"start":{"line":153,"column":9},"end":{"line":165,"column":3}},"type":"if","locations":[{"start":{"line":153,"column":9},"end":{"line":165,"column":3}},{"start":{"line":153,"column":9},"end":{"line":165,"column":3}}],"line":153},"9":{"loc":{"start":{"line":155,"column":9},"end":{"line":165,"column":3}},"type":"if","locations":[{"start":{"line":155,"column":9},"end":{"line":165,"column":3}},{"start":{"line":155,"column":9},"end":{"line":165,"column":3}}],"line":155},"10":{"loc":{"start":{"line":157,"column":9},"end":{"line":165,"column":3}},"type":"if","locations":[{"start":{"line":157,"column":9},"end":{"line":165,"column":3}},{"start":{"line":157,"column":9},"end":{"line":165,"column":3}}],"line":157},"11":{"loc":{"start":{"line":159,"column":9},"end":{"line":165,"column":3}},"type":"if","locations":[{"start":{"line":159,"column":9},"end":{"line":165,"column":3}},{"start":{"line":159,"column":9},"end":{"line":165,"column":3}}],"line":159},"12":{"loc":{"start":{"line":161,"column":9},"end":{"line":165,"column":3}},"type":"if","locations":[{"start":{"line":161,"column":9},"end":{"line":165,"column":3}},{"start":{"line":161,"column":9},"end":{"line":165,"column":3}}],"line":161},"13":{"loc":{"start":{"line":169,"column":2},"end":{"line":182,"column":3}},"type":"if","locations":[{"start":{"line":169,"column":2},"end":{"line":182,"column":3}},{"start":{"line":169,"column":2},"end":{"line":182,"column":3}}],"line":169},"14":{"loc":{"start":{"line":170,"column":3},"end":{"line":181,"column":4}},"type":"switch","locations":[{"start":{"line":171,"column":4},"end":{"line":172,"column":35}},{"start":{"line":173,"column":4},"end":{"line":174,"column":35}},{"start":{"line":175,"column":4},"end":{"line":176,"column":35}},{"start":{"line":177,"column":4},"end":{"line":178,"column":35}},{"start":{"line":179,"column":4},"end":{"line":180,"column":35}}],"line":170},"15":{"loc":{"start":{"line":184,"column":2},"end":{"line":200,"column":3}},"type":"if","locations":[{"start":{"line":184,"column":2},"end":{"line":200,"column":3}},{"start":{"line":184,"column":2},"end":{"line":200,"column":3}}],"line":184},"16":{"loc":{"start":{"line":186,"column":9},"end":{"line":200,"column":3}},"type":"if","locations":[{"start":{"line":186,"column":9},"end":{"line":200,"column":3}},{"start":{"line":186,"column":9},"end":{"line":200,"column":3}}],"line":186},"17":{"loc":{"start":{"line":188,"column":9},"end":{"line":200,"column":3}},"type":"if","locations":[{"start":{"line":188,"column":9},"end":{"line":200,"column":3}},{"start":{"line":188,"column":9},"end":{"line":200,"column":3}}],"line":188},"18":{"loc":{"start":{"line":190,"column":9},"end":{"line":200,"column":3}},"type":"if","locations":[{"start":{"line":190,"column":9},"end":{"line":200,"column":3}},{"start":{"line":190,"column":9},"end":{"line":200,"column":3}}],"line":190},"19":{"loc":{"start":{"line":192,"column":9},"end":{"line":200,"column":3}},"type":"if","locations":[{"start":{"line":192,"column":9},"end":{"line":200,"column":3}},{"start":{"line":192,"column":9},"end":{"line":200,"column":3}}],"line":192},"20":{"loc":{"start":{"line":194,"column":9},"end":{"line":200,"column":3}},"type":"if","locations":[{"start":{"line":194,"column":9},"end":{"line":200,"column":3}},{"start":{"line":194,"column":9},"end":{"line":200,"column":3}}],"line":194},"21":{"loc":{"start":{"line":196,"column":9},"end":{"line":200,"column":3}},"type":"if","locations":[{"start":{"line":196,"column":9},"end":{"line":200,"column":3}},{"start":{"line":196,"column":9},"end":{"line":200,"column":3}}],"line":196},"22":{"loc":{"start":{"line":207,"column":2},"end":{"line":209,"column":3}},"type":"if","locations":[{"start":{"line":207,"column":2},"end":{"line":209,"column":3}},{"start":{"line":207,"column":2},"end":{"line":209,"column":3}}],"line":207},"23":{"loc":{"start":{"line":214,"column":2},"end":{"line":216,"column":3}},"type":"if","locations":[{"start":{"line":214,"column":2},"end":{"line":216,"column":3}},{"start":{"line":214,"column":2},"end":{"line":216,"column":3}}],"line":214},"24":{"loc":{"start":{"line":258,"column":17},"end":{"line":258,"column":50}},"type":"binary-expr","locations":[{"start":{"line":258,"column":17},"end":{"line":258,"column":44}},{"start":{"line":258,"column":48},"end":{"line":258,"column":50}}],"line":258},"25":{"loc":{"start":{"line":260,"column":24},"end":{"line":260,"column":74}},"type":"binary-expr","locations":[{"start":{"line":260,"column":24},"end":{"line":260,"column":68}},{"start":{"line":260,"column":72},"end":{"line":260,"column":74}}],"line":260},"26":{"loc":{"start":{"line":270,"column":4},"end":{"line":270,"column":72}},"type":"binary-expr","locations":[{"start":{"line":270,"column":4},"end":{"line":270,"column":66}},{"start":{"line":270,"column":70},"end":{"line":270,"column":72}}],"line":270},"27":{"loc":{"start":{"line":270,"column":5},"end":{"line":270,"column":26}},"type":"binary-expr","locations":[{"start":{"line":270,"column":5},"end":{"line":270,"column":20}},{"start":{"line":270,"column":24},"end":{"line":270,"column":26}}],"line":270},"28":{"loc":{"start":{"line":281,"column":4},"end":{"line":281,"column":82}},"type":"binary-expr","locations":[{"start":{"line":281,"column":4},"end":{"line":281,"column":76}},{"start":{"line":281,"column":80},"end":{"line":281,"column":82}}],"line":281},"29":{"loc":{"start":{"line":281,"column":5},"end":{"line":281,"column":36}},"type":"binary-expr","locations":[{"start":{"line":281,"column":5},"end":{"line":281,"column":30}},{"start":{"line":281,"column":34},"end":{"line":281,"column":36}}],"line":281}},"s":{"0":4,"1":1,"2":1,"3":0,"4":0,"5":0,"6":0,"7":0,"8":0,"9":1,"10":0,"11":1,"12":0,"13":1,"14":0,"15":1,"16":0,"17":1,"18":0,"19":1,"20":1,"21":0,"22":0,"23":0,"24":0,"25":0,"26":0,"27":0,"28":0,"29":0,"30":0,"31":0,"32":1,"33":0,"34":0,"35":0,"36":0,"37":0,"38":0,"39":1,"40":1,"41":0,"42":1,"43":0,"44":1,"45":1,"46":0,"47":0,"48":0,"49":0,"50":0,"51":0,"52":0,"53":0,"54":0,"55":0,"56":0,"57":0,"58":0,"59":0,"60":0,"61":0,"62":0,"63":0,"64":4,"65":4,"66":4,"67":4,"68":4,"69":120,"70":120,"71":120,"72":120,"73":4,"74":4,"75":4,"76":4,"77":4,"78":4,"79":4},"f":{"0":1,"1":1,"2":0,"3":0,"4":4,"5":120},"b":{"0":[0,1],"1":[0,0,0,0,0],"2":[0,1],"3":[0,1],"4":[0,1],"5":[0,1],"6":[0,1],"7":[1,0],"8":[0,0],"9":[0,0],"10":[0,0],"11":[0,0],"12":[0,0],"13":[0,1],"14":[0,0,0,0,0],"15":[0,1],"16":[0,1],"17":[1,0],"18":[0,0],"19":[0,0],"20":[0,0],"21":[0,0],"22":[0,0],"23":[0,0],"24":[120,120],"25":[120,0],"26":[4,0],"27":[4,4],"28":[4,0],"29":[4,4]},"_coverageSchema":"43e27e138ebf9cfc5966b082cf9a028302ed4184","hash":"259815d63465e961e3e19a7d5dfc646ce8b2adbb"}
,"/Users/ilmari/code/covid-vis/src/Montaan/CommitControls/index.tsx": {"path":"/Users/ilmari/code/covid-vis/src/Montaan/CommitControls/index.tsx","statementMap":{"0":{"start":{"line":6,"column":2},"end":{"line":6,"column":15}},"1":{"start":{"line":7,"column":2},"end":{"line":7,"column":33}},"2":{"start":{"line":10,"column":17},"end":{"line":12,"column":2}},"3":{"start":{"line":11,"column":2},"end":{"line":11,"column":50}},"4":{"start":{"line":15,"column":2},"end":{"line":36,"column":4}}},"fnMap":{"0":{"name":"(anonymous_0)","decl":{"start":{"line":5,"column":1},"end":{"line":5,"column":2}},"loc":{"start":{"line":5,"column":25},"end":{"line":8,"column":2}},"line":5},"1":{"name":"(anonymous_1)","decl":{"start":{"line":10,"column":17},"end":{"line":10,"column":18}},"loc":{"start":{"line":10,"column":37},"end":{"line":12,"column":2}},"line":10},"2":{"name":"(anonymous_2)","decl":{"start":{"line":14,"column":1},"end":{"line":14,"column":2}},"loc":{"start":{"line":14,"column":10},"end":{"line":37,"column":2}},"line":14}},"branchMap":{"0":{"loc":{"start":{"line":18,"column":15},"end":{"line":18,"column":56}},"type":"cond-expr","locations":[{"start":{"line":18,"column":36},"end":{"line":18,"column":45}},{"start":{"line":18,"column":48},"end":{"line":18,"column":56}}],"line":18}},"s":{"0":0,"1":0,"2":0,"3":0,"4":0},"f":{"0":0,"1":0,"2":0},"b":{"0":[0,0]},"hash":"e1edf7c325d0964e27c6d09b70ab511f608d3f0c"}
,"/Users/ilmari/code/covid-vis/src/Montaan/CommitInfo/CommitInfo.tsx": {"path":"/Users/ilmari/code/covid-vis/src/Montaan/CommitInfo/CommitInfo.tsx","statementMap":{"0":{"start":{"line":24,"column":0},"end":{"line":29,"column":3}},"1":{"start":{"line":88,"column":2},"end":{"line":88,"column":15}},"2":{"start":{"line":89,"column":2},"end":{"line":94,"column":4}},"3":{"start":{"line":95,"column":2},"end":{"line":95,"column":25}},"4":{"start":{"line":98,"column":12},"end":{"line":101,"column":2}},"5":{"start":{"line":99,"column":2},"end":{"line":100,"column":65}},"6":{"start":{"line":99,"column":19},"end":{"line":99,"column":94}},"7":{"start":{"line":100,"column":7},"end":{"line":100,"column":65}},"8":{"start":{"line":104,"column":2},"end":{"line":104,"column":37}},"9":{"start":{"line":104,"column":22},"end":{"line":104,"column":37}},"10":{"start":{"line":105,"column":2},"end":{"line":105,"column":11}},"11":{"start":{"line":109,"column":2},"end":{"line":118,"column":6}},"12":{"start":{"line":110,"column":3},"end":{"line":113,"column":6}},"13":{"start":{"line":115,"column":3},"end":{"line":118,"column":6}},"14":{"start":{"line":121,"column":42},"end":{"line":126,"column":2}},"15":{"start":{"line":122,"column":17},"end":{"line":122,"column":45}},"16":{"start":{"line":123,"column":2},"end":{"line":125,"column":3}},"17":{"start":{"line":124,"column":3},"end":{"line":124,"column":49}},"18":{"start":{"line":127,"column":43},"end":{"line":136,"column":2}},"19":{"start":{"line":128,"column":17},"end":{"line":128,"column":45}},"20":{"start":{"line":129,"column":2},"end":{"line":135,"column":3}},"21":{"start":{"line":130,"column":3},"end":{"line":134,"column":5}},"22":{"start":{"line":137,"column":41},"end":{"line":140,"column":2}},"23":{"start":{"line":138,"column":17},"end":{"line":138,"column":45}},"24":{"start":{"line":139,"column":2},"end":{"line":139,"column":52}},"25":{"start":{"line":142,"column":14},"end":{"line":144,"column":2}},"26":{"start":{"line":143,"column":2},"end":{"line":143,"column":61}},"27":{"start":{"line":147,"column":13},"end":{"line":147,"column":50}},"28":{"start":{"line":148,"column":2},"end":{"line":148,"column":18}},"29":{"start":{"line":148,"column":11},"end":{"line":148,"column":18}},"30":{"start":{"line":149,"column":2},"end":{"line":149,"column":54}},"31":{"start":{"line":149,"column":24},"end":{"line":149,"column":54}},"32":{"start":{"line":150,"column":2},"end":{"line":150,"column":29}},"33":{"start":{"line":150,"column":22},"end":{"line":150,"column":29}},"34":{"start":{"line":151,"column":2},"end":{"line":151,"column":53}},"35":{"start":{"line":153,"column":19},"end":{"line":158,"column":3}},"36":{"start":{"line":159,"column":2},"end":{"line":159,"column":27}},"37":{"start":{"line":161,"column":23},"end":{"line":161,"column":25}},"38":{"start":{"line":163,"column":20},"end":{"line":163,"column":49}},"39":{"start":{"line":164,"column":2},"end":{"line":164,"column":42}},"40":{"start":{"line":165,"column":2},"end":{"line":165,"column":40}},"41":{"start":{"line":166,"column":2},"end":{"line":166,"column":70}},"42":{"start":{"line":168,"column":53},"end":{"line":168,"column":55}},"43":{"start":{"line":174,"column":2},"end":{"line":174,"column":32}},"44":{"start":{"line":174,"column":25},"end":{"line":174,"column":32}},"45":{"start":{"line":176,"column":2},"end":{"line":203,"column":4}},"46":{"start":{"line":177,"column":3},"end":{"line":177,"column":33}},"47":{"start":{"line":177,"column":26},"end":{"line":177,"column":33}},"48":{"start":{"line":178,"column":14},"end":{"line":178,"column":54}},"49":{"start":{"line":180,"column":4},"end":{"line":180,"column":80}},"50":{"start":{"line":181,"column":23},"end":{"line":181,"column":45}},"51":{"start":{"line":182,"column":21},"end":{"line":185,"column":4}},"52":{"start":{"line":186,"column":3},"end":{"line":195,"column":4}},"53":{"start":{"line":186,"column":16},"end":{"line":186,"column":29}},"54":{"start":{"line":187,"column":4},"end":{"line":194,"column":5}},"55":{"start":{"line":188,"column":5},"end":{"line":192,"column":7}},"56":{"start":{"line":193,"column":5},"end":{"line":193,"column":39}},"57":{"start":{"line":196,"column":3},"end":{"line":202,"column":4}},"58":{"start":{"line":197,"column":15},"end":{"line":197,"column":26}},"59":{"start":{"line":198,"column":4},"end":{"line":201,"column":5}},"60":{"start":{"line":199,"column":5},"end":{"line":199,"column":25}},"61":{"start":{"line":200,"column":5},"end":{"line":200,"column":23}},"62":{"start":{"line":205,"column":23},"end":{"line":209,"column":3}},"63":{"start":{"line":210,"column":56},"end":{"line":210,"column":58}},"64":{"start":{"line":211,"column":2},"end":{"line":211,"column":51}},"65":{"start":{"line":213,"column":2},"end":{"line":237,"column":3}},"66":{"start":{"line":213,"column":15},"end":{"line":213,"column":16}},"67":{"start":{"line":214,"column":17},"end":{"line":214,"column":39}},"68":{"start":{"line":215,"column":3},"end":{"line":236,"column":4}},"69":{"start":{"line":215,"column":16},"end":{"line":215,"column":17}},"70":{"start":{"line":216,"column":17},"end":{"line":216,"column":25}},"71":{"start":{"line":217,"column":4},"end":{"line":217,"column":46}},"72":{"start":{"line":217,"column":37},"end":{"line":217,"column":46}},"73":{"start":{"line":218,"column":20},"end":{"line":218,"column":45}},"74":{"start":{"line":219,"column":4},"end":{"line":220,"column":52}},"75":{"start":{"line":219,"column":17},"end":{"line":219,"column":18}},"76":{"start":{"line":220,"column":5},"end":{"line":220,"column":52}},"77":{"start":{"line":220,"column":46},"end":{"line":220,"column":52}},"78":{"start":{"line":221,"column":19},"end":{"line":221,"column":44}},"79":{"start":{"line":222,"column":4},"end":{"line":235,"column":5}},"80":{"start":{"line":223,"column":16},"end":{"line":223,"column":23}},"81":{"start":{"line":224,"column":5},"end":{"line":227,"column":6}},"82":{"start":{"line":225,"column":6},"end":{"line":225,"column":30}},"83":{"start":{"line":226,"column":6},"end":{"line":226,"column":32}},"84":{"start":{"line":228,"column":5},"end":{"line":234,"column":6}},"85":{"start":{"line":229,"column":6},"end":{"line":229,"column":23}},"86":{"start":{"line":230,"column":6},"end":{"line":233,"column":7}},"87":{"start":{"line":231,"column":7},"end":{"line":231,"column":31}},"88":{"start":{"line":232,"column":7},"end":{"line":232,"column":33}},"89":{"start":{"line":239,"column":21},"end":{"line":302,"column":3}},"90":{"start":{"line":240,"column":13},"end":{"line":240,"column":42}},"91":{"start":{"line":241,"column":3},"end":{"line":241,"column":35}},"92":{"start":{"line":242,"column":3},"end":{"line":242,"column":30}},"93":{"start":{"line":243,"column":18},"end":{"line":243,"column":52}},"94":{"start":{"line":244,"column":18},"end":{"line":244,"column":67}},"95":{"start":{"line":245,"column":20},"end":{"line":245,"column":59}},"96":{"start":{"line":246,"column":21},"end":{"line":246,"column":62}},"97":{"start":{"line":247,"column":21},"end":{"line":247,"column":71}},"98":{"start":{"line":248,"column":3},"end":{"line":256,"column":5}},"99":{"start":{"line":249,"column":4},"end":{"line":255,"column":6}},"100":{"start":{"line":250,"column":25},"end":{"line":254,"column":6}},"101":{"start":{"line":257,"column":3},"end":{"line":259,"column":5}},"102":{"start":{"line":258,"column":4},"end":{"line":258,"column":28}},"103":{"start":{"line":260,"column":3},"end":{"line":294,"column":5}},"104":{"start":{"line":261,"column":4},"end":{"line":261,"column":24}},"105":{"start":{"line":262,"column":21},"end":{"line":262,"column":56}},"106":{"start":{"line":263,"column":4},"end":{"line":263,"column":26}},"107":{"start":{"line":263,"column":19},"end":{"line":263,"column":26}},"108":{"start":{"line":264,"column":4},"end":{"line":264,"column":27}},"109":{"start":{"line":265,"column":4},"end":{"line":271,"column":5}},"110":{"start":{"line":269,"column":5},"end":{"line":269,"column":75}},"111":{"start":{"line":269,"column":33},"end":{"line":269,"column":75}},"112":{"start":{"line":270,"column":5},"end":{"line":270,"column":12}},"113":{"start":{"line":272,"column":4},"end":{"line":272,"column":74}},"114":{"start":{"line":272,"column":32},"end":{"line":272,"column":74}},"115":{"start":{"line":273,"column":4},"end":{"line":273,"column":82}},"116":{"start":{"line":273,"column":30},"end":{"line":273,"column":82}},"117":{"start":{"line":274,"column":4},"end":{"line":274,"column":56}},"118":{"start":{"line":275,"column":4},"end":{"line":275,"column":47}},"119":{"start":{"line":276,"column":21},"end":{"line":276,"column":48}},"120":{"start":{"line":277,"column":4},"end":{"line":285,"column":6}},"121":{"start":{"line":286,"column":4},"end":{"line":293,"column":6}},"122":{"start":{"line":295,"column":3},"end":{"line":299,"column":5}},"123":{"start":{"line":296,"column":4},"end":{"line":296,"column":24}},"124":{"start":{"line":297,"column":4},"end":{"line":297,"column":43}},"125":{"start":{"line":297,"column":36},"end":{"line":297,"column":43}},"126":{"start":{"line":298,"column":4},"end":{"line":298,"column":73}},"127":{"start":{"line":300,"column":3},"end":{"line":300,"column":59}},"128":{"start":{"line":301,"column":3},"end":{"line":301,"column":14}},"129":{"start":{"line":304,"column":2},"end":{"line":304,"column":28}},"130":{"start":{"line":305,"column":2},"end":{"line":309,"column":9}},"131":{"start":{"line":306,"column":3},"end":{"line":308,"column":4}},"132":{"start":{"line":307,"column":4},"end":{"line":307,"column":56}},"133":{"start":{"line":318,"column":11},"end":{"line":318,"column":49}},"134":{"start":{"line":319,"column":2},"end":{"line":319,"column":54}},"135":{"start":{"line":319,"column":24},"end":{"line":319,"column":54}},"136":{"start":{"line":320,"column":2},"end":{"line":320,"column":23}},"137":{"start":{"line":320,"column":16},"end":{"line":320,"column":23}},"138":{"start":{"line":321,"column":2},"end":{"line":321,"column":47}},"139":{"start":{"line":322,"column":2},"end":{"line":337,"column":3}},"140":{"start":{"line":324,"column":4},"end":{"line":324,"column":47}},"141":{"start":{"line":324,"column":27},"end":{"line":324,"column":45}},"142":{"start":{"line":325,"column":4},"end":{"line":325,"column":10}},"143":{"start":{"line":327,"column":4},"end":{"line":327,"column":47}},"144":{"start":{"line":327,"column":27},"end":{"line":327,"column":45}},"145":{"start":{"line":328,"column":4},"end":{"line":328,"column":10}},"146":{"start":{"line":330,"column":4},"end":{"line":330,"column":74}},"147":{"start":{"line":330,"column":27},"end":{"line":330,"column":72}},"148":{"start":{"line":331,"column":4},"end":{"line":331,"column":10}},"149":{"start":{"line":333,"column":4},"end":{"line":333,"column":47}},"150":{"start":{"line":333,"column":27},"end":{"line":333,"column":45}},"151":{"start":{"line":334,"column":4},"end":{"line":334,"column":10}},"152":{"start":{"line":336,"column":4},"end":{"line":336,"column":47}},"153":{"start":{"line":336,"column":27},"end":{"line":336,"column":45}},"154":{"start":{"line":338,"column":27},"end":{"line":338,"column":28}},"155":{"start":{"line":339,"column":16},"end":{"line":339,"column":21}},"156":{"start":{"line":340,"column":13},"end":{"line":340,"column":18}},"157":{"start":{"line":341,"column":13},"end":{"line":341,"column":18}},"158":{"start":{"line":342,"column":22},"end":{"line":342,"column":23}},"159":{"start":{"line":343,"column":19},"end":{"line":343,"column":20}},"160":{"start":{"line":344,"column":19},"end":{"line":344,"column":20}},"161":{"start":{"line":345,"column":2},"end":{"line":380,"column":5}},"162":{"start":{"line":346,"column":15},"end":{"line":346,"column":44}},"163":{"start":{"line":347,"column":3},"end":{"line":347,"column":67}},"164":{"start":{"line":348,"column":20},"end":{"line":348,"column":55}},"165":{"start":{"line":349,"column":3},"end":{"line":349,"column":24}},"166":{"start":{"line":350,"column":3},"end":{"line":362,"column":5}},"167":{"start":{"line":351,"column":4},"end":{"line":351,"column":24}},"168":{"start":{"line":352,"column":4},"end":{"line":361,"column":8}},"169":{"start":{"line":353,"column":5},"end":{"line":356,"column":8}},"170":{"start":{"line":358,"column":5},"end":{"line":361,"column":8}},"171":{"start":{"line":363,"column":3},"end":{"line":363,"column":23}},"172":{"start":{"line":364,"column":3},"end":{"line":364,"column":52}},"173":{"start":{"line":365,"column":3},"end":{"line":379,"column":4}},"174":{"start":{"line":366,"column":4},"end":{"line":378,"column":5}},"175":{"start":{"line":367,"column":5},"end":{"line":367,"column":40}},"176":{"start":{"line":368,"column":5},"end":{"line":368,"column":27}},"177":{"start":{"line":369,"column":5},"end":{"line":369,"column":47}},"178":{"start":{"line":370,"column":11},"end":{"line":378,"column":5}},"179":{"start":{"line":371,"column":5},"end":{"line":371,"column":30}},"180":{"start":{"line":372,"column":5},"end":{"line":372,"column":27}},"181":{"start":{"line":373,"column":5},"end":{"line":373,"column":47}},"182":{"start":{"line":374,"column":11},"end":{"line":378,"column":5}},"183":{"start":{"line":375,"column":5},"end":{"line":375,"column":20}},"184":{"start":{"line":376,"column":5},"end":{"line":376,"column":27}},"185":{"start":{"line":377,"column":5},"end":{"line":377,"column":47}},"186":{"start":{"line":381,"column":2},"end":{"line":381,"column":58}},"187":{"start":{"line":381,"column":27},"end":{"line":381,"column":58}},"188":{"start":{"line":382,"column":2},"end":{"line":382,"column":57}},"189":{"start":{"line":382,"column":27},"end":{"line":382,"column":57}},"190":{"start":{"line":383,"column":2},"end":{"line":383,"column":57}},"191":{"start":{"line":383,"column":27},"end":{"line":383,"column":57}},"192":{"start":{"line":384,"column":2},"end":{"line":385,"column":79}},"193":{"start":{"line":386,"column":2},"end":{"line":387,"column":79}},"194":{"start":{"line":388,"column":2},"end":{"line":389,"column":79}},"195":{"start":{"line":392,"column":17},"end":{"line":394,"column":2}},"196":{"start":{"line":393,"column":2},"end":{"line":393,"column":59}},"197":{"start":{"line":397,"column":2},"end":{"line":416,"column":3}},"198":{"start":{"line":398,"column":3},"end":{"line":412,"column":4}},"199":{"start":{"line":399,"column":53},"end":{"line":399,"column":79}},"200":{"start":{"line":400,"column":21},"end":{"line":400,"column":57}},"201":{"start":{"line":401,"column":4},"end":{"line":401,"column":74}},"202":{"start":{"line":401,"column":32},"end":{"line":401,"column":74}},"203":{"start":{"line":402,"column":4},"end":{"line":402,"column":76}},"204":{"start":{"line":403,"column":4},"end":{"line":403,"column":45}},"205":{"start":{"line":404,"column":10},"end":{"line":412,"column":4}},"206":{"start":{"line":405,"column":53},"end":{"line":405,"column":79}},"207":{"start":{"line":406,"column":4},"end":{"line":411,"column":6}},"208":{"start":{"line":414,"column":3},"end":{"line":414,"column":49}},"209":{"start":{"line":415,"column":3},"end":{"line":415,"column":39}},"210":{"start":{"line":417,"column":2},"end":{"line":427,"column":3}},"211":{"start":{"line":418,"column":3},"end":{"line":426,"column":4}},"212":{"start":{"line":419,"column":18},"end":{"line":419,"column":49}},"213":{"start":{"line":420,"column":4},"end":{"line":420,"column":87}},"214":{"start":{"line":421,"column":4},"end":{"line":421,"column":86}},"215":{"start":{"line":422,"column":10},"end":{"line":426,"column":4}},"216":{"start":{"line":423,"column":4},"end":{"line":425,"column":73}},"217":{"start":{"line":428,"column":2},"end":{"line":428,"column":14}},"218":{"start":{"line":432,"column":2},"end":{"line":432,"column":38}},"219":{"start":{"line":432,"column":28},"end":{"line":432,"column":38}},"220":{"start":{"line":433,"column":2},"end":{"line":433,"column":42}},"221":{"start":{"line":436,"column":28},"end":{"line":455,"column":2}},"222":{"start":{"line":437,"column":2},"end":{"line":437,"column":39}},"223":{"start":{"line":437,"column":32},"end":{"line":437,"column":39}},"224":{"start":{"line":438,"column":19},"end":{"line":442,"column":3}},"225":{"start":{"line":443,"column":19},"end":{"line":447,"column":3}},"226":{"start":{"line":448,"column":2},"end":{"line":448,"column":46}},"227":{"start":{"line":449,"column":2},"end":{"line":453,"column":5}},"228":{"start":{"line":450,"column":3},"end":{"line":450,"column":39}},"229":{"start":{"line":451,"column":3},"end":{"line":451,"column":22}},"230":{"start":{"line":452,"column":3},"end":{"line":452,"column":22}},"231":{"start":{"line":454,"column":2},"end":{"line":454,"column":46}},"232":{"start":{"line":457,"column":24},"end":{"line":470,"column":2}},"233":{"start":{"line":458,"column":2},"end":{"line":458,"column":39}},"234":{"start":{"line":458,"column":32},"end":{"line":458,"column":39}},"235":{"start":{"line":459,"column":16},"end":{"line":463,"column":3}},"236":{"start":{"line":464,"column":2},"end":{"line":464,"column":25}},"237":{"start":{"line":465,"column":2},"end":{"line":468,"column":5}},"238":{"start":{"line":466,"column":3},"end":{"line":466,"column":19}},"239":{"start":{"line":467,"column":3},"end":{"line":467,"column":35}},"240":{"start":{"line":469,"column":2},"end":{"line":469,"column":46}},"241":{"start":{"line":472,"column":24},"end":{"line":484,"column":2}},"242":{"start":{"line":473,"column":23},"end":{"line":473,"column":64}},"243":{"start":{"line":474,"column":2},"end":{"line":474,"column":35}},"244":{"start":{"line":476,"column":2},"end":{"line":483,"column":4}},"245":{"start":{"line":478,"column":4},"end":{"line":481,"column":6}},"246":{"start":{"line":486,"column":24},"end":{"line":497,"column":2}},"247":{"start":{"line":487,"column":17},"end":{"line":487,"column":58}},"248":{"start":{"line":488,"column":2},"end":{"line":488,"column":35}},"249":{"start":{"line":489,"column":2},"end":{"line":496,"column":4}},"250":{"start":{"line":491,"column":4},"end":{"line":494,"column":6}},"251":{"start":{"line":499,"column":14},"end":{"line":499,"column":57}},"252":{"start":{"line":499,"column":20},"end":{"line":499,"column":57}},"253":{"start":{"line":500,"column":15},"end":{"line":500,"column":59}},"254":{"start":{"line":500,"column":21},"end":{"line":500,"column":59}},"255":{"start":{"line":501,"column":17},"end":{"line":501,"column":63}},"256":{"start":{"line":501,"column":23},"end":{"line":501,"column":63}},"257":{"start":{"line":502,"column":14},"end":{"line":502,"column":57}},"258":{"start":{"line":502,"column":20},"end":{"line":502,"column":57}},"259":{"start":{"line":503,"column":19},"end":{"line":503,"column":60}},"260":{"start":{"line":503,"column":25},"end":{"line":503,"column":60}},"261":{"start":{"line":505,"column":21},"end":{"line":510,"column":2}},"262":{"start":{"line":506,"column":2},"end":{"line":506,"column":37}},"263":{"start":{"line":507,"column":2},"end":{"line":509,"column":5}},"264":{"start":{"line":513,"column":2},"end":{"line":513,"column":40}},"265":{"start":{"line":513,"column":30},"end":{"line":513,"column":40}},"266":{"start":{"line":514,"column":14},"end":{"line":514,"column":16}},"267":{"start":{"line":515,"column":18},"end":{"line":515,"column":47}},"268":{"start":{"line":516,"column":20},"end":{"line":516,"column":24}},"269":{"start":{"line":517,"column":2},"end":{"line":531,"column":3}},"270":{"start":{"line":517,"column":15},"end":{"line":517,"column":16}},"271":{"start":{"line":518,"column":13},"end":{"line":518,"column":23}},"272":{"start":{"line":519,"column":3},"end":{"line":530,"column":4}},"273":{"start":{"line":520,"column":4},"end":{"line":528,"column":5}},"274":{"start":{"line":520,"column":17},"end":{"line":520,"column":18}},"275":{"start":{"line":521,"column":16},"end":{"line":521,"column":26}},"276":{"start":{"line":522,"column":5},"end":{"line":527,"column":6}},"277":{"start":{"line":522,"column":18},"end":{"line":522,"column":19}},"278":{"start":{"line":523,"column":16},"end":{"line":523,"column":27}},"279":{"start":{"line":524,"column":6},"end":{"line":526,"column":7}},"280":{"start":{"line":525,"column":7},"end":{"line":525,"column":31}},"281":{"start":{"line":529,"column":4},"end":{"line":529,"column":10}},"282":{"start":{"line":532,"column":2},"end":{"line":544,"column":3}},"283":{"start":{"line":532,"column":15},"end":{"line":532,"column":16}},"284":{"start":{"line":533,"column":13},"end":{"line":533,"column":23}},"285":{"start":{"line":534,"column":3},"end":{"line":543,"column":4}},"286":{"start":{"line":534,"column":16},"end":{"line":534,"column":17}},"287":{"start":{"line":535,"column":14},"end":{"line":535,"column":24}},"288":{"start":{"line":536,"column":4},"end":{"line":538,"column":5}},"289":{"start":{"line":537,"column":5},"end":{"line":537,"column":26}},"290":{"start":{"line":539,"column":4},"end":{"line":542,"column":5}},"291":{"start":{"line":540,"column":5},"end":{"line":540,"column":48}},"292":{"start":{"line":541,"column":5},"end":{"line":541,"column":11}},"293":{"start":{"line":545,"column":2},"end":{"line":545,"column":13}},"294":{"start":{"line":548,"column":23},"end":{"line":566,"column":2}},"295":{"start":{"line":549,"column":2},"end":{"line":549,"column":39}},"296":{"start":{"line":549,"column":32},"end":{"line":549,"column":39}},"297":{"start":{"line":550,"column":22},"end":{"line":553,"column":3}},"298":{"start":{"line":554,"column":15},"end":{"line":554,"column":43}},"299":{"start":{"line":555,"column":14},"end":{"line":555,"column":72}},"300":{"start":{"line":555,"column":52},"end":{"line":555,"column":71}},"301":{"start":{"line":556,"column":2},"end":{"line":565,"column":3}},"302":{"start":{"line":557,"column":28},"end":{"line":557,"column":48}},"303":{"start":{"line":558,"column":20},"end":{"line":558,"column":84}},"304":{"start":{"line":559,"column":3},"end":{"line":564,"column":5}},"305":{"start":{"line":568,"column":19},"end":{"line":586,"column":2}},"306":{"start":{"line":569,"column":2},"end":{"line":569,"column":39}},"307":{"start":{"line":569,"column":32},"end":{"line":569,"column":39}},"308":{"start":{"line":570,"column":22},"end":{"line":573,"column":3}},"309":{"start":{"line":574,"column":15},"end":{"line":574,"column":43}},"310":{"start":{"line":575,"column":14},"end":{"line":575,"column":72}},"311":{"start":{"line":575,"column":52},"end":{"line":575,"column":71}},"312":{"start":{"line":576,"column":2},"end":{"line":585,"column":3}},"313":{"start":{"line":577,"column":28},"end":{"line":577,"column":44}},"314":{"start":{"line":578,"column":20},"end":{"line":578,"column":40}},"315":{"start":{"line":579,"column":3},"end":{"line":584,"column":5}},"316":{"start":{"line":589,"column":25},"end":{"line":589,"column":35}},"317":{"start":{"line":590,"column":2},"end":{"line":702,"column":4}}},"fnMap":{"0":{"name":"(anonymous_0)","decl":{"start":{"line":87,"column":1},"end":{"line":87,"column":2}},"loc":{"start":{"line":87,"column":37},"end":{"line":96,"column":2}},"line":87},"1":{"name":"(anonymous_1)","decl":{"start":{"line":98,"column":12},"end":{"line":98,"column":13}},"loc":{"start":{"line":98,"column":81},"end":{"line":101,"column":2}},"line":98},"2":{"name":"(anonymous_2)","decl":{"start":{"line":103,"column":1},"end":{"line":103,"column":2}},"loc":{"start":{"line":103,"column":17},"end":{"line":106,"column":2}},"line":103},"3":{"name":"(anonymous_3)","decl":{"start":{"line":108,"column":1},"end":{"line":108,"column":2}},"loc":{"start":{"line":108,"column":29},"end":{"line":119,"column":2}},"line":108},"4":{"name":"(anonymous_4)","decl":{"start":{"line":121,"column":42},"end":{"line":121,"column":43}},"loc":{"start":{"line":121,"column":50},"end":{"line":126,"column":2}},"line":121},"5":{"name":"(anonymous_5)","decl":{"start":{"line":127,"column":43},"end":{"line":127,"column":44}},"loc":{"start":{"line":127,"column":51},"end":{"line":136,"column":2}},"line":127},"6":{"name":"(anonymous_6)","decl":{"start":{"line":137,"column":41},"end":{"line":137,"column":42}},"loc":{"start":{"line":137,"column":49},"end":{"line":140,"column":2}},"line":137},"7":{"name":"(anonymous_7)","decl":{"start":{"line":142,"column":14},"end":{"line":142,"column":15}},"loc":{"start":{"line":142,"column":36},"end":{"line":144,"column":2}},"line":142},"8":{"name":"(anonymous_8)","decl":{"start":{"line":146,"column":1},"end":{"line":146,"column":2}},"loc":{"start":{"line":146,"column":53},"end":{"line":310,"column":2}},"line":146},"9":{"name":"(anonymous_9)","decl":{"start":{"line":176,"column":30},"end":{"line":176,"column":31}},"loc":{"start":{"line":176,"column":43},"end":{"line":203,"column":3}},"line":176},"10":{"name":"(anonymous_10)","decl":{"start":{"line":239,"column":21},"end":{"line":239,"column":22}},"loc":{"start":{"line":239,"column":73},"end":{"line":302,"column":3}},"line":239},"11":{"name":"(anonymous_11)","decl":{"start":{"line":248,"column":22},"end":{"line":248,"column":23}},"loc":{"start":{"line":248,"column":30},"end":{"line":256,"column":4}},"line":248},"12":{"name":"(anonymous_12)","decl":{"start":{"line":250,"column":17},"end":{"line":250,"column":18}},"loc":{"start":{"line":250,"column":25},"end":{"line":254,"column":6}},"line":250},"13":{"name":"(anonymous_13)","decl":{"start":{"line":257,"column":22},"end":{"line":257,"column":23}},"loc":{"start":{"line":257,"column":30},"end":{"line":259,"column":4}},"line":257},"14":{"name":"(anonymous_14)","decl":{"start":{"line":260,"column":21},"end":{"line":260,"column":22}},"loc":{"start":{"line":260,"column":35},"end":{"line":294,"column":4}},"line":260},"15":{"name":"(anonymous_15)","decl":{"start":{"line":295,"column":29},"end":{"line":295,"column":30}},"loc":{"start":{"line":295,"column":42},"end":{"line":299,"column":4}},"line":295},"16":{"name":"(anonymous_16)","decl":{"start":{"line":305,"column":13},"end":{"line":305,"column":14}},"loc":{"start":{"line":305,"column":19},"end":{"line":309,"column":3}},"line":305},"17":{"name":"(anonymous_17)","decl":{"start":{"line":312,"column":1},"end":{"line":312,"column":2}},"loc":{"start":{"line":317,"column":3},"end":{"line":390,"column":2}},"line":317},"18":{"name":"(anonymous_18)","decl":{"start":{"line":324,"column":17},"end":{"line":324,"column":18}},"loc":{"start":{"line":324,"column":27},"end":{"line":324,"column":45}},"line":324},"19":{"name":"(anonymous_19)","decl":{"start":{"line":327,"column":17},"end":{"line":327,"column":18}},"loc":{"start":{"line":327,"column":27},"end":{"line":327,"column":45}},"line":327},"20":{"name":"(anonymous_20)","decl":{"start":{"line":330,"column":17},"end":{"line":330,"column":18}},"loc":{"start":{"line":330,"column":27},"end":{"line":330,"column":72}},"line":330},"21":{"name":"(anonymous_21)","decl":{"start":{"line":333,"column":17},"end":{"line":333,"column":18}},"loc":{"start":{"line":333,"column":27},"end":{"line":333,"column":45}},"line":333},"22":{"name":"(anonymous_22)","decl":{"start":{"line":336,"column":17},"end":{"line":336,"column":18}},"loc":{"start":{"line":336,"column":27},"end":{"line":336,"column":45}},"line":336},"23":{"name":"(anonymous_23)","decl":{"start":{"line":345,"column":18},"end":{"line":345,"column":19}},"loc":{"start":{"line":345,"column":33},"end":{"line":380,"column":3}},"line":345},"24":{"name":"(anonymous_24)","decl":{"start":{"line":350,"column":21},"end":{"line":350,"column":22}},"loc":{"start":{"line":350,"column":29},"end":{"line":362,"column":4}},"line":350},"25":{"name":"(anonymous_25)","decl":{"start":{"line":392,"column":17},"end":{"line":392,"column":18}},"loc":{"start":{"line":392,"column":37},"end":{"line":394,"column":2}},"line":392},"26":{"name":"(anonymous_26)","decl":{"start":{"line":396,"column":1},"end":{"line":396,"column":2}},"loc":{"start":{"line":396,"column":79},"end":{"line":429,"column":2}},"line":396},"27":{"name":"(anonymous_27)","decl":{"start":{"line":431,"column":1},"end":{"line":431,"column":2}},"loc":{"start":{"line":431,"column":62},"end":{"line":434,"column":2}},"line":431},"28":{"name":"(anonymous_28)","decl":{"start":{"line":436,"column":28},"end":{"line":436,"column":29}},"loc":{"start":{"line":436,"column":71},"end":{"line":455,"column":2}},"line":436},"29":{"name":"(anonymous_29)","decl":{"start":{"line":449,"column":26},"end":{"line":449,"column":27}},"loc":{"start":{"line":449,"column":32},"end":{"line":453,"column":3}},"line":449},"30":{"name":"(anonymous_30)","decl":{"start":{"line":457,"column":24},"end":{"line":457,"column":25}},"loc":{"start":{"line":457,"column":49},"end":{"line":470,"column":2}},"line":457},"31":{"name":"(anonymous_31)","decl":{"start":{"line":465,"column":22},"end":{"line":465,"column":23}},"loc":{"start":{"line":465,"column":28},"end":{"line":468,"column":3}},"line":465},"32":{"name":"(anonymous_32)","decl":{"start":{"line":472,"column":24},"end":{"line":472,"column":25}},"loc":{"start":{"line":472,"column":63},"end":{"line":484,"column":2}},"line":472},"33":{"name":"(anonymous_33)","decl":{"start":{"line":477,"column":4},"end":{"line":477,"column":5}},"loc":{"start":{"line":478,"column":4},"end":{"line":481,"column":6}},"line":478},"34":{"name":"(anonymous_34)","decl":{"start":{"line":486,"column":24},"end":{"line":486,"column":25}},"loc":{"start":{"line":486,"column":63},"end":{"line":497,"column":2}},"line":486},"35":{"name":"(anonymous_35)","decl":{"start":{"line":490,"column":4},"end":{"line":490,"column":5}},"loc":{"start":{"line":491,"column":4},"end":{"line":494,"column":6}},"line":491},"36":{"name":"(anonymous_36)","decl":{"start":{"line":499,"column":14},"end":{"line":499,"column":15}},"loc":{"start":{"line":499,"column":20},"end":{"line":499,"column":57}},"line":499},"37":{"name":"(anonymous_37)","decl":{"start":{"line":500,"column":15},"end":{"line":500,"column":16}},"loc":{"start":{"line":500,"column":21},"end":{"line":500,"column":59}},"line":500},"38":{"name":"(anonymous_38)","decl":{"start":{"line":501,"column":17},"end":{"line":501,"column":18}},"loc":{"start":{"line":501,"column":23},"end":{"line":501,"column":63}},"line":501},"39":{"name":"(anonymous_39)","decl":{"start":{"line":502,"column":14},"end":{"line":502,"column":15}},"loc":{"start":{"line":502,"column":20},"end":{"line":502,"column":57}},"line":502},"40":{"name":"(anonymous_40)","decl":{"start":{"line":503,"column":19},"end":{"line":503,"column":20}},"loc":{"start":{"line":503,"column":25},"end":{"line":503,"column":60}},"line":503},"41":{"name":"(anonymous_41)","decl":{"start":{"line":505,"column":21},"end":{"line":505,"column":22}},"loc":{"start":{"line":505,"column":87},"end":{"line":510,"column":2}},"line":505},"42":{"name":"(anonymous_42)","decl":{"start":{"line":512,"column":1},"end":{"line":512,"column":2}},"loc":{"start":{"line":512,"column":80},"end":{"line":546,"column":2}},"line":512},"43":{"name":"(anonymous_43)","decl":{"start":{"line":548,"column":23},"end":{"line":548,"column":24}},"loc":{"start":{"line":548,"column":35},"end":{"line":566,"column":2}},"line":548},"44":{"name":"(anonymous_44)","decl":{"start":{"line":555,"column":36},"end":{"line":555,"column":37}},"loc":{"start":{"line":555,"column":52},"end":{"line":555,"column":71}},"line":555},"45":{"name":"(anonymous_45)","decl":{"start":{"line":568,"column":19},"end":{"line":568,"column":20}},"loc":{"start":{"line":568,"column":31},"end":{"line":586,"column":2}},"line":568},"46":{"name":"(anonymous_46)","decl":{"start":{"line":575,"column":36},"end":{"line":575,"column":37}},"loc":{"start":{"line":575,"column":52},"end":{"line":575,"column":71}},"line":575},"47":{"name":"(anonymous_47)","decl":{"start":{"line":588,"column":1},"end":{"line":588,"column":2}},"loc":{"start":{"line":588,"column":10},"end":{"line":703,"column":2}},"line":588}},"branchMap":{"0":{"loc":{"start":{"line":99,"column":2},"end":{"line":100,"column":65}},"type":"if","locations":[{"start":{"line":99,"column":2},"end":{"line":100,"column":65}},{"start":{"line":99,"column":2},"end":{"line":100,"column":65}}],"line":99},"1":{"loc":{"start":{"line":104,"column":2},"end":{"line":104,"column":37}},"type":"if","locations":[{"start":{"line":104,"column":2},"end":{"line":104,"column":37}},{"start":{"line":104,"column":2},"end":{"line":104,"column":37}}],"line":104},"2":{"loc":{"start":{"line":109,"column":2},"end":{"line":118,"column":6}},"type":"if","locations":[{"start":{"line":109,"column":2},"end":{"line":118,"column":6}},{"start":{"line":109,"column":2},"end":{"line":118,"column":6}}],"line":109},"3":{"loc":{"start":{"line":123,"column":2},"end":{"line":125,"column":3}},"type":"if","locations":[{"start":{"line":123,"column":2},"end":{"line":125,"column":3}},{"start":{"line":123,"column":2},"end":{"line":125,"column":3}}],"line":123},"4":{"loc":{"start":{"line":124,"column":22},"end":{"line":124,"column":47}},"type":"binary-expr","locations":[{"start":{"line":124,"column":22},"end":{"line":124,"column":41}},{"start":{"line":124,"column":45},"end":{"line":124,"column":47}}],"line":124},"5":{"loc":{"start":{"line":129,"column":2},"end":{"line":135,"column":3}},"type":"if","locations":[{"start":{"line":129,"column":2},"end":{"line":135,"column":3}},{"start":{"line":129,"column":2},"end":{"line":135,"column":3}}],"line":129},"6":{"loc":{"start":{"line":129,"column":6},"end":{"line":129,"column":73}},"type":"binary-expr","locations":[{"start":{"line":129,"column":6},"end":{"line":129,"column":49}},{"start":{"line":129,"column":53},"end":{"line":129,"column":73}}],"line":129},"7":{"loc":{"start":{"line":131,"column":5},"end":{"line":131,"column":44}},"type":"binary-expr","locations":[{"start":{"line":131,"column":5},"end":{"line":131,"column":38}},{"start":{"line":131,"column":42},"end":{"line":131,"column":44}}],"line":131},"8":{"loc":{"start":{"line":133,"column":15},"end":{"line":133,"column":41}},"type":"binary-expr","locations":[{"start":{"line":133,"column":15},"end":{"line":133,"column":35}},{"start":{"line":133,"column":39},"end":{"line":133,"column":41}}],"line":133},"9":{"loc":{"start":{"line":139,"column":21},"end":{"line":139,"column":50}},"type":"binary-expr","locations":[{"start":{"line":139,"column":21},"end":{"line":139,"column":44}},{"start":{"line":139,"column":48},"end":{"line":139,"column":50}}],"line":139},"10":{"loc":{"start":{"line":143,"column":34},"end":{"line":143,"column":59}},"type":"binary-expr","locations":[{"start":{"line":143,"column":34},"end":{"line":143,"column":46}},{"start":{"line":143,"column":50},"end":{"line":143,"column":59}}],"line":143},"11":{"loc":{"start":{"line":148,"column":2},"end":{"line":148,"column":18}},"type":"if","locations":[{"start":{"line":148,"column":2},"end":{"line":148,"column":18}},{"start":{"line":148,"column":2},"end":{"line":148,"column":18}}],"line":148},"12":{"loc":{"start":{"line":150,"column":2},"end":{"line":150,"column":29}},"type":"if","locations":[{"start":{"line":150,"column":2},"end":{"line":150,"column":29}},{"start":{"line":150,"column":2},"end":{"line":150,"column":29}}],"line":150},"13":{"loc":{"start":{"line":174,"column":2},"end":{"line":174,"column":32}},"type":"if","locations":[{"start":{"line":174,"column":2},"end":{"line":174,"column":32}},{"start":{"line":174,"column":2},"end":{"line":174,"column":32}}],"line":174},"14":{"loc":{"start":{"line":177,"column":3},"end":{"line":177,"column":33}},"type":"if","locations":[{"start":{"line":177,"column":3},"end":{"line":177,"column":33}},{"start":{"line":177,"column":3},"end":{"line":177,"column":33}}],"line":177},"15":{"loc":{"start":{"line":187,"column":4},"end":{"line":194,"column":5}},"type":"if","locations":[{"start":{"line":187,"column":4},"end":{"line":194,"column":5}},{"start":{"line":187,"column":4},"end":{"line":194,"column":5}}],"line":187},"16":{"loc":{"start":{"line":198,"column":4},"end":{"line":201,"column":5}},"type":"if","locations":[{"start":{"line":198,"column":4},"end":{"line":201,"column":5}},{"start":{"line":198,"column":4},"end":{"line":201,"column":5}}],"line":198},"17":{"loc":{"start":{"line":198,"column":8},"end":{"line":198,"column":46}},"type":"binary-expr","locations":[{"start":{"line":198,"column":8},"end":{"line":198,"column":26}},{"start":{"line":198,"column":30},"end":{"line":198,"column":46}}],"line":198},"18":{"loc":{"start":{"line":217,"column":4},"end":{"line":217,"column":46}},"type":"if","locations":[{"start":{"line":217,"column":4},"end":{"line":217,"column":46}},{"start":{"line":217,"column":4},"end":{"line":217,"column":46}}],"line":217},"19":{"loc":{"start":{"line":218,"column":20},"end":{"line":218,"column":45}},"type":"binary-expr","locations":[{"start":{"line":218,"column":20},"end":{"line":218,"column":32}},{"start":{"line":218,"column":36},"end":{"line":218,"column":45}}],"line":218},"20":{"loc":{"start":{"line":220,"column":5},"end":{"line":220,"column":52}},"type":"if","locations":[{"start":{"line":220,"column":5},"end":{"line":220,"column":52}},{"start":{"line":220,"column":5},"end":{"line":220,"column":52}}],"line":220},"21":{"loc":{"start":{"line":222,"column":4},"end":{"line":235,"column":5}},"type":"if","locations":[{"start":{"line":222,"column":4},"end":{"line":235,"column":5}},{"start":{"line":222,"column":4},"end":{"line":235,"column":5}}],"line":222},"22":{"loc":{"start":{"line":224,"column":5},"end":{"line":227,"column":6}},"type":"if","locations":[{"start":{"line":224,"column":5},"end":{"line":227,"column":6}},{"start":{"line":224,"column":5},"end":{"line":227,"column":6}}],"line":224},"23":{"loc":{"start":{"line":228,"column":5},"end":{"line":234,"column":6}},"type":"if","locations":[{"start":{"line":228,"column":5},"end":{"line":234,"column":6}},{"start":{"line":228,"column":5},"end":{"line":234,"column":6}}],"line":228},"24":{"loc":{"start":{"line":230,"column":6},"end":{"line":233,"column":7}},"type":"if","locations":[{"start":{"line":230,"column":6},"end":{"line":233,"column":7}},{"start":{"line":230,"column":6},"end":{"line":233,"column":7}}],"line":230},"25":{"loc":{"start":{"line":263,"column":4},"end":{"line":263,"column":26}},"type":"if","locations":[{"start":{"line":263,"column":4},"end":{"line":263,"column":26}},{"start":{"line":263,"column":4},"end":{"line":263,"column":26}}],"line":263},"26":{"loc":{"start":{"line":265,"column":4},"end":{"line":271,"column":5}},"type":"if","locations":[{"start":{"line":265,"column":4},"end":{"line":271,"column":5}},{"start":{"line":265,"column":4},"end":{"line":271,"column":5}}],"line":265},"27":{"loc":{"start":{"line":266,"column":5},"end":{"line":267,"column":61}},"type":"binary-expr","locations":[{"start":{"line":266,"column":5},"end":{"line":266,"column":24}},{"start":{"line":267,"column":5},"end":{"line":267,"column":61}}],"line":266},"28":{"loc":{"start":{"line":273,"column":4},"end":{"line":273,"column":82}},"type":"if","locations":[{"start":{"line":273,"column":4},"end":{"line":273,"column":82}},{"start":{"line":273,"column":4},"end":{"line":273,"column":82}}],"line":273},"29":{"loc":{"start":{"line":280,"column":6},"end":{"line":280,"column":18}},"type":"binary-expr","locations":[{"start":{"line":280,"column":6},"end":{"line":280,"column":12}},{"start":{"line":280,"column":16},"end":{"line":280,"column":18}}],"line":280},"30":{"loc":{"start":{"line":282,"column":6},"end":{"line":282,"column":42}},"type":"binary-expr","locations":[{"start":{"line":282,"column":6},"end":{"line":282,"column":20}},{"start":{"line":282,"column":24},"end":{"line":282,"column":42}}],"line":282},"31":{"loc":{"start":{"line":297,"column":4},"end":{"line":297,"column":43}},"type":"if","locations":[{"start":{"line":297,"column":4},"end":{"line":297,"column":43}},{"start":{"line":297,"column":4},"end":{"line":297,"column":43}}],"line":297},"32":{"loc":{"start":{"line":306,"column":3},"end":{"line":308,"column":4}},"type":"if","locations":[{"start":{"line":306,"column":3},"end":{"line":308,"column":4}},{"start":{"line":306,"column":3},"end":{"line":308,"column":4}}],"line":306},"33":{"loc":{"start":{"line":306,"column":7},"end":{"line":306,"column":58}},"type":"binary-expr","locations":[{"start":{"line":306,"column":7},"end":{"line":306,"column":9}},{"start":{"line":306,"column":13},"end":{"line":306,"column":29}},{"start":{"line":306,"column":33},"end":{"line":306,"column":58}}],"line":306},"34":{"loc":{"start":{"line":316,"column":2},"end":{"line":316,"column":36}},"type":"default-arg","locations":[{"start":{"line":316,"column":15},"end":{"line":316,"column":36}}],"line":316},"35":{"loc":{"start":{"line":320,"column":2},"end":{"line":320,"column":23}},"type":"if","locations":[{"start":{"line":320,"column":2},"end":{"line":320,"column":23}},{"start":{"line":320,"column":2},"end":{"line":320,"column":23}}],"line":320},"36":{"loc":{"start":{"line":322,"column":2},"end":{"line":337,"column":3}},"type":"switch","locations":[{"start":{"line":323,"column":3},"end":{"line":325,"column":10}},{"start":{"line":326,"column":
[...]
line":22,"column":1},"end":{"line":22,"column":2}},"loc":{"start":{"line":22,"column":20},"end":{"line":29,"column":2}},"line":22},"1":{"name":"(anonymous_1)","decl":{"start":{"line":31,"column":16},"end":{"line":31,"column":17}},"loc":{"start":{"line":31,"column":27},"end":{"line":35,"column":2}},"line":31},"2":{"name":"(anonymous_2)","decl":{"start":{"line":37,"column":16},"end":{"line":37,"column":17}},"loc":{"start":{"line":37,"column":34},"end":{"line":45,"column":2}},"line":37},"3":{"name":"(anonymous_3)","decl":{"start":{"line":47,"column":12},"end":{"line":47,"column":13}},"loc":{"start":{"line":47,"column":20},"end":{"line":51,"column":2}},"line":47},"4":{"name":"(anonymous_4)","decl":{"start":{"line":53,"column":1},"end":{"line":53,"column":2}},"loc":{"start":{"line":53,"column":21},"end":{"line":55,"column":2}},"line":53},"5":{"name":"(anonymous_5)","decl":{"start":{"line":57,"column":1},"end":{"line":57,"column":2}},"loc":{"start":{"line":57,"column":10},"end":{"line":143,"column":2}},"line":57},"6":{"name":"(anonymous_6)","decl":{"start":{"line":63,"column":15},"end":{"line":63,"column":16}},"loc":{"start":{"line":63,"column":52},"end":{"line":67,"column":6}},"line":63},"7":{"name":"(anonymous_7)","decl":{"start":{"line":69,"column":6},"end":{"line":69,"column":7}},"loc":{"start":{"line":79,"column":7},"end":{"line":138,"column":14}},"line":79},"8":{"name":"(anonymous_8)","decl":{"start":{"line":94,"column":11},"end":{"line":94,"column":12}},"loc":{"start":{"line":94,"column":20},"end":{"line":94,"column":68}},"line":94},"9":{"name":"(anonymous_9)","decl":{"start":{"line":111,"column":11},"end":{"line":111,"column":12}},"loc":{"start":{"line":111,"column":20},"end":{"line":111,"column":68}},"line":111}},"branchMap":{"0":{"loc":{"start":{"line":88,"column":19},"end":{"line":88,"column":49}},"type":"binary-expr","locations":[{"start":{"line":88,"column":19},"end":{"line":88,"column":32}},{"start":{"line":88,"column":36},"end":{"line":88,"column":49}}],"line":88},"1":{"loc":{"start":{"line":89,"column":21},"end":{"line":89,"column":50}},"type":"binary-expr","locations":[{"start":{"line":89,"column":21},"end":{"line":89,"column":34}},{"start":{"line":89,"column":38},"end":{"line":89,"column":50}}],"line":89},"2":{"loc":{"start":{"line":105,"column":19},"end":{"line":105,"column":55}},"type":"binary-expr","locations":[{"start":{"line":105,"column":19},"end":{"line":105,"column":35}},{"start":{"line":105,"column":39},"end":{"line":105,"column":55}}],"line":105},"3":{"loc":{"start":{"line":106,"column":21},"end":{"line":106,"column":56}},"type":"binary-expr","locations":[{"start":{"line":106,"column":21},"end":{"line":106,"column":37}},{"start":{"line":106,"column":41},"end":{"line":106,"column":56}}],"line":106}},"s":{"0":0,"1":0,"2":0,"3":0,"4":0,"5":0,"6":0,"7":0,"8":0,"9":0,"10":0,"11":0,"12":0,"13":0,"14":0,"15":0,"16":0,"17":0,"18":0,"19":0},"f":{"0":0,"1":0,"2":0,"3":0,"4":0,"5":0,"6":0,"7":0,"8":0,"9":0},"b":{"0":[0,0],"1":[0,0],"2":[0,0],"3":[0,0]},"hash":"ab954343e1d98a4186a27aab04293913a467fb8f"}
,"/Users/ilmari/code/covid-vis/src/qframe/RecoverForm/index.jsx": {"path":"/Users/ilmari/code/covid-vis/src/qframe/RecoverForm/index.jsx","statementMap":{"0":{"start":{"line":13,"column":28},"end":{"line":21,"column":2}},"1":{"start":{"line":25,"column":2},"end":{"line":25,"column":24}},"2":{"start":{"line":28,"column":16},"end":{"line":38,"column":2}},"3":{"start":{"line":29,"column":16},"end":{"line":29,"column":28}},"4":{"start":{"line":30,"column":19},"end":{"line":30,"column":34}},"5":{"start":{"line":31,"column":24},"end":{"line":31,"column":44}},"6":{"start":{"line":32,"column":2},"end":{"line":37,"column":6}},"7":{"start":{"line":35,"column":4},"end":{"line":35,"column":36}},"8":{"start":{"line":36,"column":4},"end":{"line":36,"column":33}},"9":{"start":{"line":41,"column":2},"end":{"line":120,"column":4}},"10":{"start":{"line":51,"column":6},"end":{"line":51,"column":26}},"11":{"start":{"line":52,"column":6},"end":{"line":52,"column":38}},"12":{"start":{"line":53,"column":6},"end":{"line":53,"column":27}},"13":{"start":{"line":66,"column":6},"end":{"line":116,"column":13}},"14":{"start":{"line":81,"column":19},"end":{"line":81,"column":67}},"15":{"start":{"line":98,"column":19},"end":{"line":98,"column":67}},"16":{"start":{"line":124,"column":15},"end":{"line":129,"column":2}},"17":{"start":{"line":133,"column":2},"end":{"line":133,"column":15}},"18":{"start":{"line":134,"column":2},"end":{"line":134,"column":39}},"19":{"start":{"line":138,"column":2},"end":{"line":138,"column":24}},"20":{"start":{"line":141,"column":16},"end":{"line":146,"column":2}},"21":{"start":{"line":142,"column":16},"end":{"line":142,"column":28}},"22":{"start":{"line":143,"column":2},"end":{"line":145,"column":5}},"23":{"start":{"line":144,"column":3},"end":{"line":144,"column":42}},"24":{"start":{"line":149,"column":2},"end":{"line":158,"column":3}},"25":{"start":{"line":150,"column":3},"end":{"line":157,"column":5}},"26":{"start":{"line":159,"column":2},"end":{"line":206,"column":4}},"27":{"start":{"line":165,"column":6},"end":{"line":165,"column":26}},"28":{"start":{"line":166,"column":6},"end":{"line":166,"column":38}},"29":{"start":{"line":167,"column":6},"end":{"line":167,"column":27}},"30":{"start":{"line":180,"column":6},"end":{"line":202,"column":13}},"31":{"start":{"line":195,"column":19},"end":{"line":195,"column":67}},"32":{"start":{"line":210,"column":33},"end":{"line":210,"column":63}},"33":{"start":{"line":211,"column":27},"end":{"line":211,"column":51}}},"fnMap":{"0":{"name":"(anonymous_0)","decl":{"start":{"line":24,"column":1},"end":{"line":24,"column":2}},"loc":{"start":{"line":24,"column":21},"end":{"line":26,"column":2}},"line":24},"1":{"name":"(anonymous_1)","decl":{"start":{"line":28,"column":16},"end":{"line":28,"column":17}},"loc":{"start":{"line":28,"column":28},"end":{"line":38,"column":2}},"line":28},"2":{"name":"(anonymous_2)","decl":{"start":{"line":34,"column":9},"end":{"line":34,"column":10}},"loc":{"start":{"line":34,"column":19},"end":{"line":37,"column":4}},"line":34},"3":{"name":"(anonymous_3)","decl":{"start":{"line":40,"column":1},"end":{"line":40,"column":2}},"loc":{"start":{"line":40,"column":10},"end":{"line":121,"column":2}},"line":40},"4":{"name":"(anonymous_4)","decl":{"start":{"line":50,"column":15},"end":{"line":50,"column":16}},"loc":{"start":{"line":50,"column":52},"end":{"line":54,"column":6}},"line":50},"5":{"name":"(anonymous_5)","decl":{"start":{"line":56,"column":6},"end":{"line":56,"column":7}},"loc":{"start":{"line":66,"column":6},"end":{"line":116,"column":13}},"line":66},"6":{"name":"(anonymous_6)","decl":{"start":{"line":81,"column":10},"end":{"line":81,"column":11}},"loc":{"start":{"line":81,"column":19},"end":{"line":81,"column":67}},"line":81},"7":{"name":"(anonymous_7)","decl":{"start":{"line":98,"column":10},"end":{"line":98,"column":11}},"loc":{"start":{"line":98,"column":19},"end":{"line":98,"column":67}},"line":98},"8":{"name":"(anonymous_8)","decl":{"start":{"line":132,"column":1},"end":{"line":132,"column":2}},"loc":{"start":{"line":132,"column":20},"end":{"line":135,"column":2}},"line":132},"9":{"name":"(anonymous_9)","decl":{"start":{"line":137,"column":1},"end":{"line":137,"column":2}},"loc":{"start":{"line":137,"column":21},"end":{"line":139,"column":2}},"line":137},"10":{"name":"(anonymous_10)","decl":{"start":{"line":141,"column":16},"end":{"line":141,"column":17}},"loc":{"start":{"line":141,"column":28},"end":{"line":146,"column":2}},"line":141},"11":{"name":"(anonymous_11)","decl":{"start":{"line":143,"column":55},"end":{"line":143,"column":56}},"loc":{"start":{"line":143,"column":61},"end":{"line":145,"column":3}},"line":143},"12":{"name":"(anonymous_12)","decl":{"start":{"line":148,"column":1},"end":{"line":148,"column":2}},"loc":{"start":{"line":148,"column":10},"end":{"line":207,"column":2}},"line":148},"13":{"name":"(anonymous_13)","decl":{"start":{"line":164,"column":15},"end":{"line":164,"column":16}},"loc":{"start":{"line":164,"column":52},"end":{"line":168,"column":6}},"line":164},"14":{"name":"(anonymous_14)","decl":{"start":{"line":170,"column":6},"end":{"line":170,"column":7}},"loc":{"start":{"line":180,"column":6},"end":{"line":202,"column":13}},"line":180},"15":{"name":"(anonymous_15)","decl":{"start":{"line":195,"column":10},"end":{"line":195,"column":11}},"loc":{"start":{"line":195,"column":19},"end":{"line":195,"column":67}},"line":195}},"branchMap":{"0":{"loc":{"start":{"line":75,"column":18},"end":{"line":75,"column":48}},"type":"binary-expr","locations":[{"start":{"line":75,"column":18},"end":{"line":75,"column":31}},{"start":{"line":75,"column":35},"end":{"line":75,"column":48}}],"line":75},"1":{"loc":{"start":{"line":76,"column":20},"end":{"line":76,"column":49}},"type":"binary-expr","locations":[{"start":{"line":76,"column":20},"end":{"line":76,"column":33}},{"start":{"line":76,"column":37},"end":{"line":76,"column":49}}],"line":76},"2":{"loc":{"start":{"line":92,"column":18},"end":{"line":92,"column":54}},"type":"binary-expr","locations":[{"start":{"line":92,"column":18},"end":{"line":92,"column":34}},{"start":{"line":92,"column":38},"end":{"line":92,"column":54}}],"line":92},"3":{"loc":{"start":{"line":93,"column":20},"end":{"line":93,"column":55}},"type":"binary-expr","locations":[{"start":{"line":93,"column":20},"end":{"line":93,"column":36}},{"start":{"line":93,"column":40},"end":{"line":93,"column":55}}],"line":93},"4":{"loc":{"start":{"line":149,"column":2},"end":{"line":158,"column":3}},"type":"if","locations":[{"start":{"line":149,"column":2},"end":{"line":158,"column":3}},{"start":{"line":149,"column":2},"end":{"line":158,"column":3}}],"line":149},"5":{"loc":{"start":{"line":189,"column":18},"end":{"line":189,"column":48}},"type":"binary-expr","locations":[{"start":{"line":189,"column":18},"end":{"line":189,"column":31}},{"start":{"line":189,"column":35},"end":{"line":189,"column":48}}],"line":189},"6":{"loc":{"start":{"line":190,"column":20},"end":{"line":190,"column":49}},"type":"binary-expr","locations":[{"start":{"line":190,"column":20},"end":{"line":190,"column":33}},{"start":{"line":190,"column":37},"end":{"line":190,"column":49}}],"line":190}},"s":{"0":0,"1":0,"2":0,"3":0,"4":0,"5":0,"6":0,"7":0,"8":0,"9":0,"10":0,"11":0,"12":0,"13":0,"14":0,"15":0,"16":0,"17":0,"18":0,"19":0,"20":0,"21":0,"22":0,"23":0,"24":0,"25":0,"26":0,"27":0,"28":0,"29":0,"30":0,"31":0,"32":0,"33":0},"f":{"0":0,"1":0,"2":0,"3":0,"4":0,"5":0,"6":0,"7":0,"8":0,"9":0,"10":0,"11":0,"12":0,"13":0,"14":0,"15":0},"b":{"0":[0,0],"1":[0,0],"2":[0,0],"3":[0,0],"4":[0,0],"5":[0,0],"6":[0,0]},"hash":"fa34fec82698302ea69f0c1d8538bf1db072456c"}
,"/Users/ilmari/code/covid-vis/src/qframe/SignUpForm/index.jsx": {"path":"/Users/ilmari/code/covid-vis/src/qframe/SignUpForm/index.jsx","statementMap":{"0":{"start":{"line":14,"column":21},"end":{"line":31,"column":2}},"1":{"start":{"line":35,"column":2},"end":{"line":35,"column":15}},"2":{"start":{"line":37,"column":2},"end":{"line":40,"column":4}},"3":{"start":{"line":43,"column":16},"end":{"line":47,"column":2}},"4":{"start":{"line":44,"column":2},"end":{"line":46,"column":5}},"5":{"start":{"line":50,"column":2},"end":{"line":50,"column":39}},"6":{"start":{"line":51,"column":2},"end":{"line":72,"column":3}},"7":{"start":{"line":52,"column":15},"end":{"line":52,"column":29}},"8":{"start":{"line":53,"column":23},"end":{"line":57,"column":5}},"9":{"start":{"line":58,"column":3},"end":{"line":60,"column":4}},"10":{"start":{"line":59,"column":4},"end":{"line":59,"column":63}},"11":{"start":{"line":61,"column":16},"end":{"line":65,"column":5}},"12":{"start":{"line":66,"column":3},"end":{"line":66,"column":26}},"13":{"start":{"line":67,"column":3},"end":{"line":67,"column":28}},"14":{"start":{"line":68,"column":3},"end":{"line":68,"column":30}},"15":{"start":{"line":69,"column":3},"end":{"line":69,"column":32}},"16":{"start":{"line":71,"column":3},"end":{"line":71,"column":41}},"17":{"start":{"line":75,"column":12},"end":{"line":79,"column":2}},"18":{"start":{"line":76,"column":2},"end":{"line":76,"column":22}},"19":{"start":{"line":77,"column":2},"end":{"line":77,"column":23}},"20":{"start":{"line":78,"column":2},"end":{"line":78,"column":26}},"21":{"start":{"line":82,"column":2},"end":{"line":82,"column":24}},"22":{"start":{"line":86,"column":21},"end":{"line":86,"column":39}},"23":{"start":{"line":87,"column":20},"end":{"line":87,"column":37}},"24":{"start":{"line":88,"column":2},"end":{"line":166,"column":4}},"25":{"start":{"line":94,"column":6},"end":{"line":94,"column":26}},"26":{"start":{"line":95,"column":6},"end":{"line":95,"column":38}},"27":{"start":{"line":96,"column":6},"end":{"line":96,"column":27}},"28":{"start":{"line":109,"column":6},"end":{"line":162,"column":13}}},"fnMap":{"0":{"name":"(anonymous_0)","decl":{"start":{"line":34,"column":1},"end":{"line":34,"column":2}},"loc":{"start":{"line":34,"column":20},"end":{"line":41,"column":2}},"line":34},"1":{"name":"(anonymous_1)","decl":{"start":{"line":43,"column":16},"end":{"line":43,"column":17}},"loc":{"start":{"line":43,"column":27},"end":{"line":47,"column":2}},"line":43},"2":{"name":"(anonymous_2)","decl":{"start":{"line":49,"column":1},"end":{"line":49,"column":2}},"loc":{"start":{"line":49,"column":43},"end":{"line":73,"column":2}},"line":49},"3":{"name":"(anonymous_3)","decl":{"start":{"line":75,"column":12},"end":{"line":75,"column":13}},"loc":{"start":{"line":75,"column":20},"end":{"line":79,"column":2}},"line":75},"4":{"name":"(anonymous_4)","decl":{"start":{"line":81,"column":1},"end":{"line":81,"column":2}},"loc":{"start":{"line":81,"column":21},"end":{"line":83,"column":2}},"line":81},"5":{"name":"(anonymous_5)","decl":{"start":{"line":85,"column":1},"end":{"line":85,"column":2}},"loc":{"start":{"line":85,"column":10},"end":{"line":167,"column":2}},"line":85},"6":{"name":"(anonymous_6)","decl":{"start":{"line":93,"column":15},"end":{"line":93,"column":16}},"loc":{"start":{"line":93,"column":52},"end":{"line":97,"column":6}},"line":93},"7":{"name":"(anonymous_7)","decl":{"start":{"line":99,"column":6},"end":{"line":99,"column":7}},"loc":{"start":{"line":109,"column":6},"end":{"line":162,"column":13}},"line":109}},"branchMap":{"0":{"loc":{"start":{"line":50,"column":2},"end":{"line":50,"column":38}},"type":"binary-expr","locations":[{"start":{"line":50,"column":2},"end":{"line":50,"column":15}},{"start":{"line":50,"column":19},"end":{"line":50,"column":38}}],"line":50},"1":{"loc":{"start":{"line":58,"column":3},"end":{"line":60,"column":4}},"type":"if","locations":[{"start":{"line":58,"column":3},"end":{"line":60,"column":4}},{"start":{"line":58,"column":3},"end":{"line":60,"column":4}}],"line":58},"2":{"loc":{"start":{"line":71,"column":3},"end":{"line":71,"column":40}},"type":"binary-expr","locations":[{"start":{"line":71,"column":3},"end":{"line":71,"column":16}},{"start":{"line":71,"column":20},"end":{"line":71,"column":40}}],"line":71}},"s":{"0":0,"1":0,"2":0,"3":0,"4":0,"5":0,"6":0,"7":0,"8":0,"9":0,"10":0,"11":0,"12":0,"13":0,"14":0,"15":0,"16":0,"17":0,"18":0,"19":0,"20":0,"21":0,"22":0,"23":0,"24":0,"25":0,"26":0,"27":0,"28":0},"f":{"0":0,"1":0,"2":0,"3":0,"4":0,"5":0,"6":0,"7":0},"b":{"0":[0,0],"1":[0,0],"2":[0,0]},"hash":"64c2a29106a41f70b6f1bbe8d239b8004600db69"}
,"/Users/ilmari/code/covid-vis/src/qframe/TopBar/index.jsx": {"path":"/Users/ilmari/code/covid-vis/src/qframe/TopBar/index.jsx","statementMap":{"0":{"start":{"line":11,"column":9},"end":{"line":14,"column":2}},"1":{"start":{"line":12,"column":2},"end":{"line":12,"column":22}},"2":{"start":{"line":13,"column":2},"end":{"line":13,"column":36}},"3":{"start":{"line":16,"column":10},"end":{"line":21,"column":2}},"4":{"start":{"line":17,"column":2},"end":{"line":17,"column":22}},"5":{"start":{"line":18,"column":2},"end":{"line":18,"column":23}},"6":{"start":{"line":19,"column":2},"end":{"line":19,"column":48}},"7":{"start":{"line":20,"column":2},"end":{"line":20,"column":24}},"8":{"start":{"line":23,"column":14},"end":{"line":27,"column":2}},"9":{"start":{"line":24,"column":2},"end":{"line":24,"column":55}},"10":{"start":{"line":25,"column":2},"end":{"line":25,"column":22}},"11":{"start":{"line":26,"column":2},"end":{"line":26,"column":23}},"12":{"start":{"line":30,"column":23},"end":{"line":30,"column":33}},"13":{"start":{"line":31,"column":2},"end":{"line":65,"column":4}}},"fnMap":{"0":{"name":"(anonymous_0)","decl":{"start":{"line":11,"column":9},"end":{"line":11,"column":10}},"loc":{"start":{"line":11,"column":17},"end":{"line":14,"column":2}},"line":11},"1":{"name":"(anonymous_1)","decl":{"start":{"line":16,"column":10},"end":{"line":16,"column":11}},"loc":{"start":{"line":16,"column":24},"end":{"line":21,"column":2}},"line":16},"2":{"name":"(anonymous_2)","decl":{"start":{"line":23,"column":14},"end":{"line":23,"column":15}},"loc":{"start":{"line":23,"column":22},"end":{"line":27,"column":2}},"line":23},"3":{"name":"(anonymous_3)","decl":{"start":{"line":29,"column":1},"end":{"line":29,"column":2}},"loc":{"start":{"line":29,"column":10},"end":{"line":66,"column":2}},"line":29}},"branchMap":{"0":{"loc":{"start":{"line":32,"column":29},"end":{"line":32,"column":57}},"type":"cond-expr","locations":[{"start":{"line":32,"column":40},"end":{"line":32,"column":52}},{"start":{"line":32,"column":55},"end":{"line":32,"column":57}}],"line":32},"1":{"loc":{"start":{"line":42,"column":5},"end":{"line":52,"column":5}},"type":"binary-expr","locations":[{"start":{"line":42,"column":5},"end":{"line":42,"column":13}},{"start":{"line":43,"column":5},"end":{"line":51,"column":14}}],"line":42},"2":{"loc":{"start":{"line":53,"column":5},"end":{"line":63,"column":5}},"type":"binary-expr","locations":[{"start":{"line":53,"column":5},"end":{"line":53,"column":14}},{"start":{"line":54,"column":5},"end":{"line":62,"column":14}}],"line":53}},"s":{"0":0,"1":0,"2":0,"3":0,"4":0,"5":0,"6":0,"7":0,"8":0,"9":0,"10":0,"11":0,"12":0,"13":0},"f":{"0":0,"1":0,"2":0,"3":0},"b":{"0":[0,0],"1":[0,0],"2":[0,0]},"hash":"7202ab27dcddcb00a6033b7d866841017451019a"}
,"/Users/ilmari/code/covid-vis/src/qframe/UserActivation/index.jsx": {"path":"/Users/ilmari/code/covid-vis/src/qframe/UserActivation/index.jsx","statementMap":{"0":{"start":{"line":9,"column":2},"end":{"line":9,"column":15}},"1":{"start":{"line":10,"column":2},"end":{"line":10,"column":36}},"2":{"start":{"line":14,"column":26},"end":{"line":14,"column":65}},"3":{"start":{"line":15,"column":2},"end":{"line":18,"column":3}},"4":{"start":{"line":16,"column":3},"end":{"line":16,"column":68}},"5":{"start":{"line":17,"column":3},"end":{"line":17,"column":38}},"6":{"start":{"line":22,"column":18},"end":{"line":26,"column":3}},"7":{"start":{"line":27,"column":2},"end":{"line":36,"column":4}}},"fnMap":{"0":{"name":"(anonymous_0)","decl":{"start":{"line":8,"column":1},"end":{"line":8,"column":2}},"loc":{"start":{"line":8,"column":20},"end":{"line":11,"column":2}},"line":8},"1":{"name":"(anonymous_1)","decl":{"start":{"line":13,"column":1},"end":{"line":13,"column":2}},"loc":{"start":{"line":13,"column":27},"end":{"line":19,"column":2}},"line":13},"2":{"name":"(anonymous_2)","decl":{"start":{"line":21,"column":1},"end":{"line":21,"column":2}},"loc":{"start":{"line":21,"column":10},"end":{"line":37,"column":2}},"line":21}},"branchMap":{"0":{"loc":{"start":{"line":15,"column":2},"end":{"line":18,"column":3}},"type":"if","locations":[{"start":{"line":15,"column":2},"end":{"line":18,"column":3}},{"start":{"line":15,"column":2},"end":{"line":18,"column":3}}],"line":15},"1":{"loc":{"start":{"line":22,"column":18},"end":{"line":26,"column":3}},"type":"cond-expr","locations":[{"start":{"line":23,"column":3},"end":{"line":23,"column":27}},{"start":{"line":25,"column":3},"end":{"line":25,"column":37}}],"line":22}},"s":{"0":0,"1":0,"2":0,"3":0,"4":0,"5":0,"6":0,"7":0},"f":{"0":0,"1":0,"2":0},"b":{"0":[0,0],"1":[0,0]},"hash":"0652310fa9443786e8cf12f10efa2e190a782933"}
}
