TN:
SF:/Users/ilmari/code/covid-vis/src/App.tsx
FN:28,(anonymous_0)
FN:42,(anonymous_1)
FN:44,(anonymous_2)
FN:49,(anonymous_3)
FN:54,(anonymous_4)
FN:62,(anonymous_5)
FNF:6
FNH:3
FNDA:1,(anonymous_0)
FNDA:0,(anonymous_1)
FNDA:0,(anonymous_2)
FNDA:0,(anonymous_3)
FNDA:1,(anonymous_4)
FNDA:1,(anonymous_5)
DA:13,1
DA:29,1
DA:30,1
DA:37,1
DA:40,1
DA:42,1
DA:46,0
DA:49,1
DA:50,0
DA:51,0
DA:55,1
DA:63,1
LF:12
LH:9
BRF:0
BRH:0
end_of_record
TN:
SF:/Users/ilmari/code/covid-vis/src/index.tsx
FN:12,(anonymous_0)
FN:32,(anonymous_1)
FN:69,(anonymous_2)
FN:76,createPoint
FN:85,getDistance
FN:96,(anonymous_5)
FNF:6
FNH:0
FNDA:0,(anonymous_0)
FNDA:0,(anonymous_1)
FNDA:0,(anonymous_2)
FNDA:0,createPoint
FNDA:0,getDistance
FNDA:0,(anonymous_5)
DA:11,0
DA:12,0
DA:15,0
DA:32,0
DA:33,0
DA:34,0
DA:36,0
DA:42,0
DA:43,0
DA:49,0
DA:50,0
DA:69,0
DA:70,0
DA:71,0
DA:77,0
DA:86,0
DA:87,0
DA:88,0
DA:91,0
DA:96,0
LF:20
LH:0
BRDA:15,0,0,0
BRDA:15,0,1,0
BRDA:33,1,0,0
BRDA:33,1,1,0
BRDA:42,2,0,0
BRDA:42,2,1,0
BRF:6
BRH:0
end_of_record
TN:
SF:/Users/ilmari/code/covid-vis/src/serviceWorker.js
FN:21,register
FN:32,(anonymous_1)
FN:41,(anonymous_2)
FN:56,registerValidSW
FN:59,(anonymous_4)
FN:60,(anonymous_5)
FN:65,(anonymous_6)
FN:96,(anonymous_7)
FN:101,checkValidServiceWorker
FN:104,(anonymous_9)
FN:112,(anonymous_10)
FN:113,(anonymous_11)
FN:122,(anonymous_12)
FN:128,unregister
FN:130,(anonymous_14)
FNF:15
FNH:0
FNDA:0,register
FNDA:0,(anonymous_1)
FNDA:0,(anonymous_2)
FNDA:0,registerValidSW
FNDA:0,(anonymous_4)
FNDA:0,(anonymous_5)
FNDA:0,(anonymous_6)
FNDA:0,(anonymous_7)
FNDA:0,checkValidServiceWorker
FNDA:0,(anonymous_9)
FNDA:0,(anonymous_10)
FNDA:0,(anonymous_11)
FNDA:0,(anonymous_12)
FNDA:0,unregister
FNDA:0,(anonymous_14)
DA:13,0
DA:22,0
DA:24,0
DA:25,0
DA:29,0
DA:32,0
DA:33,0
DA:35,0
DA:37,0
DA:41,0
DA:42,0
DA:50,0
DA:57,0
DA:60,0
DA:61,0
DA:62,0
DA:63,0
DA:65,0
DA:66,0
DA:67,0
DA:71,0
DA:78,0
DA:79,0
DA:85,0
DA:88,0
DA:89,0
DA:97,0
DA:103,0
DA:106,0
DA:107,0
DA:112,0
DA:113,0
DA:114,0
DA:119,0
DA:123,0
DA:129,0
DA:130,0
DA:131,0
LF:38
LH:0
BRDA:14,0,0,0
BRDA:14,0,1,0
BRDA:14,0,2,0
BRDA:22,1,0,0
BRDA:22,1,1,0
BRDA:22,2,0,0
BRDA:22,2,1,0
BRDA:25,3,0,0
BRDA:25,3,1,0
BRDA:35,4,0,0
BRDA:35,4,1,0
BRDA:42,5,0,0
BRDA:42,5,1,0
BRDA:62,6,0,0
BRDA:62,6,1,0
BRDA:66,7,0,0
BRDA:66,7,1,0
BRDA:67,8,0,0
BRDA:67,8,1,0
BRDA:71,9,0,0
BRDA:71,9,1,0
BRDA:78,10,0,0
BRDA:78,10,1,0
BRDA:78,11,0,0
BRDA:78,11,1,0
BRDA:85,12,0,0
BRDA:85,12,1,0
BRDA:88,13,0,0
BRDA:88,13,1,0
BRDA:88,14,0,0
BRDA:88,14,1,0
BRDA:107,15,0,0
BRDA:107,15,1,0
BRDA:108,16,0,0
BRDA:108,16,1,0
BRDA:108,16,2,0
BRDA:123,17,0,0
BRDA:123,17,1,0
BRDA:129,18,0,0
BRDA:129,18,1,0
BRF:40
BRH:0
end_of_record
TN:
SF:/Users/ilmari/code/covid-vis/src/sw-epilog.js
FN:5,(anonymous_0)
FNF:1
FNH:0
FNDA:0,(anonymous_0)
DA:1,0
DA:5,0
DA:6,0
LF:3
LH:0
BRF:0
BRH:0
end_of_record
TN:
SF:/Users/ilmari/code/covid-vis/src/Montaan/index.tsx
FNF:0
FNH:0
LF:0
LH:0
BRF:0
BRH:0
end_of_record
TN:
SF:/Users/ilmari/code/covid-vis/src/Montaan/Breadcrumb/Breadcrumb.tsx
FN:12,(anonymous_0)
FN:24,(anonymous_1)
FN:25,(anonymous_2)
FN:26,(anonymous_3)
FN:32,(anonymous_4)
FN:56,(anonymous_5)
FN:57,(anonymous_6)
FN:62,(anonymous_7)
FN:66,(anonymous_8)
FNF:9
FNH:6
FNDA:3,(anonymous_0)
FNDA:0,(anonymous_1)
FNDA:0,(anonymous_2)
FNDA:3,(anonymous_3)
FNDA:0,(anonymous_4)
FNDA:3,(anonymous_5)
FNDA:3,(anonymous_6)
FNDA:3,(anonymous_7)
FNDA:3,(anonymous_8)
DA:10,4
DA:12,4
DA:23,3
DA:24,3
DA:25,3
DA:26,3
DA:28,3
DA:29,3
DA:33,0
DA:42,3
DA:56,4
DA:57,3
DA:59,3
DA:60,3
DA:61,3
DA:62,3
DA:63,3
DA:64,3
DA:66,3
DA:67,3
DA:76,3
LF:21
LH:20
BRDA:33,0,0,0
BRDA:33,0,1,0
BRDA:45,1,0,3
BRDA:45,1,1,0
BRF:4
BRH:1
end_of_record
TN:
SF:/Users/ilmari/code/covid-vis/src/Montaan/Breadcrumb/index.tsx
FNF:0
FNH:0
LF:0
LH:0
BRF:0
BRH:0
end_of_record
TN:
SF:/Users/ilmari/code/covid-vis/src/Montaan/Colors/Colors.ts
FN:114,(anonymous_0)
FN:168,(anonymous_1)
FN:203,(anonymous_2)
FN:213,(anonymous_3)
FN:220,(anonymous_4)
FN:256,(anonymous_5)
FNF:6
FNH:4
FNDA:1,(anonymous_0)
FNDA:1,(anonymous_1)
FNDA:0,(anonymous_2)
FNDA:0,(anonymous_3)
FNDA:4,(anonymous_4)
FNDA:120,(anonymous_5)
DA:51,4
DA:115,1
DA:117,1
DA:118,0
DA:120,0
DA:122,0
DA:124,0
DA:126,0
DA:128,0
DA:141,1
DA:142,0
DA:143,1
DA:144,0
DA:145,1
DA:146,0
DA:147,1
DA:148,0
DA:149,1
DA:150,0
DA:151,1
DA:152,1
DA:153,0
DA:154,0
DA:155,0
DA:156,0
DA:157,0
DA:158,0
DA:159,0
DA:160,0
DA:161,0
DA:162,0
DA:164,0
DA:169,1
DA:170,0
DA:172,0
DA:174,0
DA:176,0
DA:178,0
DA:180,0
DA:183,1
DA:184,1
DA:185,0
DA:186,1
DA:187,0
DA:188,1
DA:189,1
DA:190,0
DA:191,0
DA:192,0
DA:193,0
DA:194,0
DA:195,0
DA:196,0
DA:197,0
DA:199,0
DA:204,0
DA:205,0
DA:206,0
DA:207,0
DA:208,0
DA:210,0
DA:214,0
DA:215,0
DA:217,0
DA:221,4
DA:222,4
DA:223,4
DA:255,4
DA:256,4
DA:257,120
DA:258,120
DA:260,120
DA:261,120
DA:263,4
DA:265,4
DA:270,4
DA:271,4
DA:281,4
DA:282,4
DA:291,4
LF:80
LH:32
BRDA:117,0,0,0
BRDA:117,0,1,1
BRDA:118,1,0,0
BRDA:118,1,1,0
BRDA:118,1,2,0
BRDA:118,1,3,0
BRDA:118,1,4,0
BRDA:141,2,0,0
BRDA:141,2,1,1
BRDA:143,3,0,0
BRDA:143,3,1,1
BRDA:145,4,0,0
BRDA:145,4,1,1
BRDA:147,5,0,0
BRDA:147,5,1,1
BRDA:149,6,0,0
BRDA:149,6,1,1
BRDA:151,7,0,1
BRDA:151,7,1,0
BRDA:153,8,0,0
BRDA:153,8,1,0
BRDA:155,9,0,0
BRDA:155,9,1,0
BRDA:157,10,0,0
BRDA:157,10,1,0
BRDA:159,11,0,0
BRDA:159,11,1,0
BRDA:161,12,0,0
BRDA:161,12,1,0
BRDA:169,13,0,0
BRDA:169,13,1,1
BRDA:170,14,0,0
BRDA:170,14,1,0
BRDA:170,14,2,0
BRDA:170,14,3,0
BRDA:170,14,4,0
BRDA:184,15,0,0
BRDA:184,15,1,1
BRDA:186,16,0,0
BRDA:186,16,1,1
BRDA:188,17,0,1
BRDA:188,17,1,0
BRDA:190,18,0,0
BRDA:190,18,1,0
BRDA:192,19,0,0
BRDA:192,19,1,0
BRDA:194,20,0,0
BRDA:194,20,1,0
BRDA:196,21,0,0
BRDA:196,21,1,0
BRDA:207,22,0,0
BRDA:207,22,1,0
BRDA:214,23,0,0
BRDA:214,23,1,0
BRDA:258,24,0,120
BRDA:258,24,1,120
BRDA:260,25,0,120
BRDA:260,25,1,0
BRDA:270,26,0,4
BRDA:270,26,1,0
BRDA:270,27,0,4
BRDA:270,27,1,4
BRDA:281,28,0,4
BRDA:281,28,1,0
BRDA:281,29,0,4
BRDA:281,29,1,4
BRF:66
BRH:20
end_of_record
TN:
SF:/Users/ilmari/code/covid-vis/src/Montaan/CommitControls/index.tsx
FN:5,(anonymous_0)
FN:10,(anonymous_1)
FN:14,(anonymous_2)
FNF:3
FNH:0
FNDA:0,(anonymous_0)
FNDA:0,(anonymous_1)
FNDA:0,(anonymous_2)
DA:6,0
DA:7,0
DA:10,0
DA:11,0
DA:15,0
LF:5
LH:0
BRDA:18,0,0,0
BRDA:18,0,1,0
BRF:2
BRH:0
end_of_record
TN:
SF:/Users/ilmari/code/covid-vis/src/Montaan/CommitInfo/CommitInfo.tsx
FN:87,(anonymous_0)
FN:98,(anonymous_1)
FN:103,(anonymous_2)
FN:108,(anonymous_3)
FN:121,(anonymous_4)
FN:127,(anonymous_5)
FN:137,(anonymous_6)
FN:142,(anonymous_7)
FN:146,(anonymous_8)
FN:176,(anonymous_9)
FN:239,(anonymous_10)
FN:248,(anonymous_11)
FN:250,(anonymous_12)
FN:257,(anonymous_13)
FN:260,(anonymous_14)
FN:295,(anonymous_15)
FN:305,(anonymous_16)
FN:312,(anonymous_17)
FN:324,(anonymous_18)
FN:327,(anonymous_19)
FN:330,(anonymous_20)
FN:333,(anonymous_21)
FN:336,(anonymous_22)
FN:345,(anonymous_23)
FN:350,(anonymous_24)
FN:392,(anonymous_25)
FN:396,(anonymous_26)
FN:431,(anonymous_27)
FN:436,(anonymous_28)
FN:449,(anonymous_29)
FN:457,(anonymous_30)
FN:465,(anonymous_31)
FN:472,(anonymous_32)
FN:477,(anonymous_33)
FN:486,(anonymous_34)
FN:490,(anonymous_35)
FN:499,(anonymous_36)
FN:500,(anonymous_37)
FN:501,(anonymous_38)
FN:502,(anonymous_39)
FN:503,(anonymous_40)
FN:505,(anonymous_41)
FN:512,(anonymous_42)
FN:548,(anonymous_43)
FN:555,(anonymous_44)
FN:568,(anonymous_45)
FN:575,(anonymous_46)
FN:588,(anonymous_47)
FNF:48
FNH:2
FNDA:1,(anonymous_0)
FNDA:0,(anonymous_1)
FNDA:0,(anonymous_2)
FNDA:0,(anonymous_3)
FNDA:0,(anonymous_4)
FNDA:0,(anonymous_5)
FNDA:0,(anonymous_6)
FNDA:0,(anonymous_7)
FNDA:0,(anonymous_8)
FNDA:0,(anonymous_9)
FNDA:0,(anonymous_10)
FNDA:0,(anonymous_11)
FNDA:0,(anonymous_12)
FNDA:0,(anonymous_13)
FNDA:0,(anonymous_14)
FNDA:0,(anonymous_15)
FNDA:0,(anonymous_16)
FNDA:0,(anonymous_17)
FNDA:0,(anonymous_18)
FNDA:0,(anonymous_19)
FNDA:0,(anonymous_20)
FNDA:0,(anonymous_21)
FNDA:0,(anonymous_22)
FNDA:0,(anonymous_23)
FNDA:0,(anonymous_24)
FNDA:0,(anonymous_25)
FNDA:0,(anonymous_26)
FNDA:0,(anonymous_27)
FNDA:0,(anonymous_28)
FNDA:0,(anonymous_29)
FNDA:0,(anonymous_30)
FNDA:0,(anonymous_31)
FNDA:0,(anonymous_32)
FNDA:0,(anonymous_33)
FNDA:0,(anonymous_34)
FNDA:0,(anonymous_35)
FNDA:0,(anonymous_36)
FNDA:0,(anonymous_37)
FNDA:0,(anonymous_38)
FNDA:0,(anonymous_39)
FNDA:0,(anonymous_40)
FNDA:0,(anonymous_41)
FNDA:0,(anonymous_42)
FNDA:0,(anonymous_43)
FNDA:0,(anonymous_44)
FNDA:0,(anonymous_45)
FNDA:0,(anonymous_46)
FNDA:1,(anonymous_47)
DA:24,4
DA:88,1
DA:89,1
DA:95,1
DA:98,1
DA:99,0
DA:100,0
DA:104,0
DA:105,0
DA:109,0
DA:110,0
DA:115,0
DA:121,1
DA:122,0
DA:123,0
DA:124,0
DA:127,1
DA:128,0
DA:129,0
DA:130,0
DA:137,1
DA:138,0
DA:139,0
DA:142,1
DA:143,0
DA:147,0
DA:148,0
DA:149,0
DA:150,0
DA:151,0
DA:153,0
DA:159,0
DA:161,0
DA:163,0
DA:164,0
DA:165,0
DA:166,0
DA:168,0
DA:174,0
DA:176,0
DA:177,0
DA:178,0
DA:180,0
DA:181,0
DA:182,0
DA:186,0
DA:187,0
DA:188,0
DA:193,0
DA:196,0
DA:197,0
DA:198,0
DA:199,0
DA:200,0
DA:205,0
DA:210,0
DA:211,0
DA:213,0
DA:214,0
DA:215,0
DA:216,0
DA:217,0
DA:218,0
DA:219,0
DA:220,0
DA:221,0
DA:222,0
DA:223,0
DA:224,0
DA:225,0
DA:226,0
DA:228,0
DA:229,0
DA:230,0
DA:231,0
DA:232,0
DA:239,0
DA:240,0
DA:241,0
DA:242,0
DA:243,0
DA:244,0
DA:245,0
DA:246,0
DA:247,0
DA:248,0
DA:249,0
DA:250,0
DA:257,0
DA:258,0
DA:260,0
DA:261,0
DA:262,0
DA:263,0
DA:264,0
DA:265,0
DA:269,0
DA:270,0
DA:272,0
DA:273,0
DA:274,0
DA:275,0
DA:276,0
DA:277,0
DA:286,0
DA:295,0
DA:296,0
DA:297,0
DA:298,0
DA:300,0
DA:301,0
DA:304,0
DA:305,0
DA:306,0
DA:307,0
DA:318,0
DA:319,0
DA:320,0
DA:321,0
DA:322,0
DA:324,0
DA:325,0
DA:327,0
DA:328,0
DA:330,0
DA:331,0
DA:333,0
DA:334,0
DA:336,0
DA:338,0
DA:339,0
DA:340,0
DA:341,0
DA:342,0
DA:343,0
DA:344,0
DA:345,0
DA:346,0
DA:347,0
DA:348,0
DA:349,0
DA:350,0
DA:351,0
DA:352,0
DA:353,0
DA:358,0
DA:363,0
DA:364,0
DA:365,0
DA:366,0
DA:367,0
DA:368,0
DA:369,0
DA:370,0
DA:371,0
DA:372,0
DA:373,0
DA:374,0
DA:375,0
DA:376,0
DA:377,0
DA:381,0
DA:382,0
DA:383,0
DA:384,0
DA:386,0
DA:388,0
DA:392,1
DA:393,0
DA:397,0
DA:398,0
DA:399,0
DA:400,0
DA:401,0
DA:402,0
DA:403,0
DA:404,0
DA:405,0
DA:406,0
DA:414,0
DA:415,0
DA:417,0
DA:418,0
DA:419,0
DA:420,0
DA:421,0
DA:422,0
DA:423,0
DA:428,0
DA:432,0
DA:433,0
DA:436,1
DA:437,0
DA:438,0
DA:443,0
DA:448,0
DA:449,0
DA:450,0
DA:451,0
DA:452,0
DA:454,0
DA:457,1
DA:458,0
DA:459,0
DA:464,0
DA:465,0
DA:466,0
DA:467,0
DA:469,0
DA:472,1
DA:473,0
DA:474,0
DA:476,0
DA:478,0
DA:486,1
DA:487,0
DA:488,0
DA:489,0
DA:491,0
DA:499,1
DA:500,1
DA:501,1
DA:502,1
DA:503,1
DA:505,1
DA:506,0
DA:507,0
DA:513,0
DA:514,0
DA:515,0
DA:516,0
DA:517,0
DA:518,0
DA:519,0
DA:520,0
DA:521,0
DA:522,0
DA:523,0
DA:524,0
DA:525,0
DA:529,0
DA:532,0
DA:533,0
DA:534,0
DA:535,0
DA:536,0
DA:537,0
DA:539,0
DA:540,0
DA:541,0
DA:545,0
DA:548,1
DA:549,0
DA:550,0
DA:554,0
DA:555,0
DA:556,0
DA:557,0
DA:558,0
DA:559,0
DA:568,1
DA:569,0
DA:570,0
DA:574,0
DA:575,0
DA:576,0
DA:577,0
DA:578,0
DA:579,0
DA:589,1
DA:590,1
LF:271
LH:24
BRDA:99,0,0,0
BRDA:99,0,1,0
BRDA:104,1,0,0
BRDA:104,1,1,0
BRDA:109,2,0,0
BRDA:109,2,1,0
BRDA:123,3,0,0
BRDA:123,3,1,0
BRDA:124,4,0,0
BRDA:124,4,1,0
BRDA:129,5,0,0
BRDA:129,5,1,0
BRDA:129,6,0,0
BRDA:129,6,1,0
BRDA:131,7,0,0
BRDA:131,7,1,0
BRDA:133,8,0,0
BRDA:133,8,1,0
BRDA:139,9,0,0
BRDA:139,9,1,0
BRDA:143,10,0,0
BRDA:143,10,1,0
BRDA:148,11,0,0
BRDA:148,11,1,0
BRDA:150,12,0,0
BRDA:150,12,1,0
BRDA:174,13,0,0
BRDA:174,13,1,0
BRDA:177,14,0,0
BRDA:177,14,1,0
BRDA:187,15,0,0
BRDA:187,15,1,0
BRDA:198,16,0,0
BRDA:198,16,1,0
BRDA:198,17,0,0
BRDA:198,17,1,0
BRDA:217,18,0,0
BRDA:217,18,1,0
BRDA:218,19,0,0
BRDA:218,19,1,0
BRDA:220,20,0,0
BRDA:220,20,1,0
BRDA:222,21,0,0
BRDA:222,21,1,0
BRDA:224,22,0,0
BRDA:224,22,1,0
BRDA:228,23,0,0
BRDA:228,23,1,0
BRDA:230,24,0,0
BRDA:230,24,1,0
BRDA:263,25,0,0
BRDA:263,25,1,0
BRDA:265,26,0,0
BRDA:265,26,1,0
BRDA:266,27,0,0
BRDA:266,27,1,0
BRDA:273,28,0,0
BRDA:273,28,1,0
BRDA:280,29,0,0
BRDA:280,29,1,0
BRDA:282,30,0,0
BRDA:282,30,1,0
BRDA:297,31,0,0
BRDA:297,31,1,0
BRDA:306,32,0,0
BRDA:306,32,1,0
BRDA:306,33,0,0
BRDA:306,33,1,0
BRDA:306,33,2,0
BRDA:316,34,0,0
BRDA:320,35,0,0
BRDA:320,35,1,0
BRDA:322,36,0,0
BRDA:322,36,1,0
BRDA:322,36,2,0
BRDA:322,36,3,0
BRDA:322,36,4,0
BRDA:352,37,0,0
BRDA:352,37,1,0
BRDA:365,38,0,0
BRDA:365,38,1,0
BRDA:366,39,0,0
BRDA:366,39,1,0
BRDA:366,40,0,0
BRDA:366,40,1,0
BRDA:370,41,0,0
BRDA:370,41,1,0
BRDA:370,42,0,0
BRDA:370,42,1,0
BRDA:374,43,0,0
BRDA:374,43,1,0
BRDA:374,44,0,0
BRDA:374,44,1,0
BRDA:381,45,0,0
BRDA:381,45,1,0
BRDA:382,46,0,0
BRDA:382,46,1,0
BRDA:383,47,0,0
BRDA:383,47,1,0
BRDA:397,48,0,0
BRDA:397,48,1,0
BRDA:397,49,0,0
BRDA:397,49,1,0
BRDA:398,50,0,0
BRDA:398,50,1,0
BRDA:404,51,0,0
BRDA:404,51,1,0
BRDA:417,52,0,0
BRDA:417,52,1,0
BRDA:417,53,0,0
BRDA:417,53,1,0
BRDA:418,54,0,0
BRDA:418,54,1,0
BRDA:418,55,0,0
BRDA:418,55,1,0
BRDA:422,56,0,0
BRDA:422,56,1,0
BRDA:422,57,0,0
BRDA:422,57,1,0
BRDA:432,58,0,0
BRDA:432,58,1,0
BRDA:437,59,0,0
BRDA:437,59,1,0
BRDA:458,60,0,0
BRDA:458,60,1,0
BRDA:513,61,0,0
BRDA:513,61,1,0
BRDA:519,62,0,0
BRDA:519,62,1,0
BRDA:524,63,0,0
BRDA:524,63,1,0
BRDA:524,64,0,0
BRDA:524,64,1,0
BRDA:536,65,0,0
BRDA:536,65,1,0
BRDA:536,66,0,0
BRDA:536,66,1,0
BRDA:539,67,0,0
BRDA:539,67,1,0
BRDA:549,68,0,0
BRDA:549,68,1,0
BRDA:556,69,0,0
BRDA:556,69,1,0
BRDA:558,70,0,0
BRDA:558,70,1,0
BRDA:562,71,0,0
BRDA:562,71,1,0
BRDA:569,72,0,0
BRDA:569,72,1,0
BRDA:576,73,0,0
BRDA:576,73,1,0
BRDA:581,74,0,0
BRDA:581,74,1,0
BRDA:605,75,0,1
BRDA:605,75,1,0
BRDA:621,76,0,0
BRDA:621,76,1,1
BRDA:627,77,0,0
BRDA:627,77,1,1
BRDA:633,78,0,1
BRDA:633,78,1,0
BRDA:639,79,0,0
BRDA:639,79,1,1
BRDA:655,80,0,1
BRDA:655,80,1,0
BRDA:661,81,0,0
BRDA:661,81,1,0
BRDA:680,82,0,0
BRDA:680,82,1,0
BRF:169
BRH:6
end_of_record
TN:
SF:/Users/ilmari/code/covid-vis/src/Montaan/CommitInfo/index.tsx
FNF:0
FNH:0
LF:0
LH:0
BRF:0
BRH:0
end_of_record
TN:
SF:/Users/ilmari/code/covid-vis/src/Montaan/CommitList/CommitList.tsx
FN:17,(anonymous_0)
FNF:1
FNH:1
FNDA:1,(anonymous_0)
DA:17,1
DA:18,1
LF:2
LH:2
BRF:0
BRH:0
end_of_record
TN:
SF:/Users/ilmari/code/covid-vis/src/Montaan/CommitList/index.tsx
FNF:0
FNH:0
LF:0
LH:0
BRF:0
BRH:0
end_of_record
TN:
SF:/Users/ilmari/code/covid-vis/src/Montaan/CommitParser/parse-diff.ts
FN:1,authorCmp
FN:5,span
FN:37,parseDiff
FN:88,(anonymous_3)
FN:96,(anonymous_4)
FN:109,(anonymous_5)
FN:145,showFileToggleOnClick
FN:150,formatDiff
FN:159,(anonymous_8)
FN:162,(anonymous_9)
FN:172,(anonymous_10)
FN:180,(anonymous_11)
FN:221,createCalendar
FN:227,(anonymous_13)
FN:303,(anonymous_14)
FN:304,(anonymous_15)
FN:305,(anonymous_16)
FNF:17
FNH:0
FNDA:0,authorCmp
FNDA:0,span
FNDA:0,parseDiff
FNDA:0,(anonymous_3)
FNDA:0,(anonymous_4)
FNDA:0,(anonymous_5)
FNDA:0,showFileToggleOnClick
FNDA:0,formatDiff
FNDA:0,(anonymous_8)
FNDA:0,(anonymous_9)
FNDA:0,(anonymous_10)
FNDA:0,(anonymous_11)
FNDA:0,createCalendar
FNDA:0,(anonymous_13)
FNDA:0,(anonymous_14)
FNDA:0,(anonymous_15)
FNDA:0,(anonymous_16)
DA:2,0
DA:6,0
DA:7,0
DA:8,0
DA:9,0
DA:76,0
DA:77,0
DA:78,0
DA:87,0
DA:88,0
DA:89,0
DA:90,0
DA:94,0
DA:96,0
DA:97,0
DA:106,0
DA:107,0
DA:109,0
DA:110,0
DA:111,0
DA:112,0
DA:113,0
DA:114,0
DA:115,0
DA:116,0
DA:117,0
DA:118,0
DA:119,0
DA:120,0
DA:121,0
DA:122,0
DA:123,0
DA:124,0
DA:125,0
DA:126,0
DA:127,0
DA:129,0
DA:130,0
DA:146,0
DA:147,0
DA:157,0
DA:158,0
DA:159,0
DA:161,0
DA:162,0
DA:163,0
DA:164,0
DA:165,0
DA:166,0
DA:167,0
DA:168,0
DA:169,0
DA:170,0
DA:171,0
DA:172,0
DA:173,0
DA:179,0
DA:180,0
DA:181,0
DA:182,0
DA:183,0
DA:184,0
DA:189,0
DA:227,0
DA:228,0
DA:229,0
DA:230,0
DA:231,0
DA:232,0
DA:233,0
DA:234,0
DA:235,0
DA:236,0
DA:237,0
DA:238,0
DA:239,0
DA:240,0
DA:241,0
DA:242,0
DA:243,0
DA:244,0
DA:245,0
DA:246,0
DA:247,0
DA:248,0
DA:249,0
DA:250,0
DA:251,0
DA:252,0
DA:253,0
DA:254,0
DA:255,0
DA:256,0
DA:257,0
DA:258,0
DA:261,0
DA:263,0
DA:265,0
DA:266,0
DA:267,0
DA:268,0
DA:269,0
DA:270,0
DA:271,0
DA:272,0
DA:273,0
DA:274,0
DA:276,0
DA:277,0
DA:278,0
DA:279,0
DA:280,0
DA:281,0
DA:283,0
DA:284,0
DA:285,0
DA:286,0
DA:287,0
DA:288,0
DA:289,0
DA:290,0
DA:291,0
DA:293,0
DA:294,0
DA:295,0
DA:297,0
DA:298,0
DA:299,0
DA:302,0
DA:303,0
DA:305,0
DA:306,0
DA:307,0
DA:308,0
DA:310,0
DA:311,0
DA:312,0
DA:314,0
LF:138
LH:0
BRDA:5,0,0,0
BRDA:5,1,0,0
BRDA:89,2,0,0
BRDA:89,2,1,0
BRDA:110,3,0,0
BRDA:110,3,1,0
BRDA:111,4,0,0
BRDA:111,4,1,0
BRDA:113,5,0,0
BRDA:113,5,1,0
BRDA:115,6,0,0
BRDA:115,6,1,0
BRDA:117,7,0,0
BRDA:117,7,1,0
BRDA:118,8,0,0
BRDA:118,8,1,0
BRDA:119,9,0,0
BRDA:119,9,1,0
BRDA:120,10,0,0
BRDA:120,10,1,0
BRDA:121,11,0,0
BRDA:121,11,1,0
BRDA:122,12,0,0
BRDA:122,12,1,0
BRDA:123,13,0,0
BRDA:123,13,1,0
BRDA:124,14,0,0
BRDA:124,14,1,0
BRDA:125,15,0,0
BRDA:125,15,1,0
BRDA:125,16,0,0
BRDA:125,16,1,0
BRDA:126,17,0,0
BRDA:126,17,1,0
BRDA:126,18,0,0
BRDA:126,18,1,0
BRDA:127,19,0,0
BRDA:127,19,1,0
BRDA:129,20,0,0
BRDA:129,20,1,0
BRDA:161,21,0,0
BRDA:161,21,1,0
BRDA:163,22,0,0
BRDA:163,22,1,0
BRDA:179,23,0,0
BRDA:179,23,1,0
BRDA:182,24,0,0
BRDA:182,24,1,0
BRDA:183,25,0,0
BRDA:183,25,1,0
BRDA:244,26,0,0
BRDA:244,26,1,0
BRDA:244,27,0,0
BRDA:244,27,1,0
BRDA:246,28,0,0
BRDA:246,28,1,0
BRDA:258,29,0,0
BRDA:258,29,1,0
BRDA:272,30,0,0
BRDA:272,30,1,0
BRDA:279,31,0,0
BRDA:279,31,1,0
BRDA:289,32,0,0
BRDA:289,32,1,0
BRDA:293,33,0,0
BRDA:293,33,1,0
BRDA:297,34,0,0
BRDA:297,34,1,0
BRF:68
BRH:0
end_of_record
TN:
SF:/Users/ilmari/code/covid-vis/src/Montaan/CommitParser/parse_commits.ts
FN:39,parseCommits
FNF:1
FNH:0
FNDA:0,parseCommits
DA:11,3
DA:13,3
DA:14,3
DA:15,3
DA:16,3
DA:40,0
DA:41,0
DA:42,0
DA:43,0
DA:44,0
DA:45,0
DA:47,0
DA:48,0
DA:49,0
DA:56,0
DA:57,0
DA:59,0
DA:60,0
DA:61,0
DA:62,0
DA:64,0
DA:65,0
DA:66,0
DA:186,0
LF:24
LH:5
BRDA:61,0,0,0
BRDA:61,0,1,0
BRDA:65,1,0,0
BRDA:65,1,1,0
BRF:4
BRH:0
end_of_record
TN:
SF:/Users/ilmari/code/covid-vis/src/Montaan/FileViews/FileViews.ts
FN:12,(anonymous_0)
FN:41,(anonymous_1)
FN:58,(anonymous_2)
FN:64,(anonymous_3)
FN:68,(anonymous_4)
FN:72,(anonymous_5)
FN:76,(anonymous_6)
FN:77,(anonymous_7)
FN:80,(anonymous_8)
FN:89,(anonymous_9)
FN:91,(anonymous_10)
FNF:11
FNH:2
FNDA:4,(anonymous_0)
FNDA:2,(anonymous_1)
FNDA:0,(anonymous_2)
FNDA:0,(anonymous_3)
FNDA:0,(anonymous_4)
FNDA:0,(anonymous_5)
FNDA:0,(anonymous_6)
FNDA:0,(anonymous_7)
FNDA:0,(anonymous_8)
FNDA:0,(anonymous_9)
FNDA:0,(anonymous_10)
DA:18,4
DA:19,4
DA:20,4
DA:21,4
DA:25,4
DA:39,2
DA:48,2
DA:49,2
DA:50,2
DA:51,2
DA:52,2
DA:53,2
DA:54,2
DA:55,2
DA:59,0
DA:60,0
DA:61,0
DA:65,0
DA:69,0
DA:73,0
DA:77,0
DA:86,0
LF:22
LH:14
BRF:0
BRH:0
end_of_record
TN:
SF:/Users/ilmari/code/covid-vis/src/Montaan/FileViews/index.ts
FNF:0
FNH:0
LF:0
LH:0
BRF:0
BRH:0
end_of_record
TN:
SF:/Users/ilmari/code/covid-vis/src/Montaan/FileViews/ImageFileView/ImageFileView.ts
FN:18,(anonymous_0)
FN:38,(anonymous_1)
FN:40,(anonymous_2)
FN:66,(anonymous_3)
FN:69,(anonymous_4)
FN:70,(anonymous_5)
FN:74,(anonymous_6)
FN:85,(anonymous_7)
FN:97,(anonymous_8)
FN:126,(anonymous_9)
FNF:10
FNH:0
FNDA:0,(anonymous_0)
FNDA:0,(anonymous_1)
FNDA:0,(anonymous_2)
FNDA:0,(anonymous_3)
FNDA:0,(anonymous_4)
FNDA:0,(anonymous_5)
FNDA:0,(anonymous_6)
FNDA:0,(anonymous_7)
FNDA:0,(anonymous_8)
FNDA:0,(anonymous_9)
DA:8,3
DA:16,0
DA:25,0
DA:27,0
DA:28,0
DA:29,0
DA:30,0
DA:31,0
DA:32,0
DA:33,0
DA:34,0
DA:35,0
DA:39,0
DA:40,0
DA:41,0
DA:42,0
DA:43,0
DA:44,0
DA:45,0
DA:46,0
DA:48,0
DA:49,0
DA:51,0
DA:52,0
DA:54,0
DA:56,0
DA:58,0
DA:60,0
DA:61,0
DA:63,0
DA:67,0
DA:69,0
DA:70,0
DA:75,0
DA:76,0
DA:77,0
DA:78,0
DA:79,0
DA:80,0
DA:81,0
DA:82,0
DA:86,0
DA:87,0
DA:88,0
DA:89,0
DA:92,0
DA:94,0
DA:98,0
DA:99,0
DA:100,0
DA:101,0
DA:102,0
DA:103,0
DA:105,0
DA:106,0
DA:107,0
DA:108,0
DA:109,0
DA:110,0
DA:111,0
DA:112,0
DA:114,0
DA:115,0
DA:116,0
DA:117,0
DA:118,0
DA:125,0
DA:126,0
DA:127,0
DA:128,0
DA:129,0
DA:130,0
DA:132,0
DA:134,0
DA:135,0
DA:136,0
LF:76
LH:1
BRDA:41,0,0,0
BRDA:41,0,1,0
BRDA:41,1,0,0
BRDA:41,1,1,0
BRDA:43,2,0,0
BRDA:43,2,1,0
BRDA:45,3,0,0
BRDA:45,3,1,0
BRDA:45,4,0,0
BRDA:45,4,1,0
BRDA:48,5,0,0
BRDA:48,5,1,0
BRDA:60,6,0,0
BRDA:60,6,1,0
BRDA:60,7,0,0
BRDA:60,7,1,0
BRDA:67,8,0,0
BRDA:67,8,1,0
BRDA:75,9,0,0
BRDA:75,9,1,0
BRDA:86,10,0,0
BRDA:86,10,1,0
BRDA:87,11,0,0
BRDA:87,11,1,0
BRDA:88,12,0,0
BRDA:88,12,1,0
BRDA:88,13,0,0
BRDA:88,13,1,0
BRDA:99,14,0,0
BRDA:99,14,1,0
BRDA:100,15,0,0
BRDA:100,15,1,0
BRDA:102,16,0,0
BRDA:102,16,1,0
BRDA:106,17,0,0
BRDA:106,17,1,0
BRDA:107,18,0,0
BRDA:107,18,1,0
BRDA:108,19,0,0
BRDA:108,19,1,0
BRDA:114,20,0,0
BRDA:114,20,1,0
BRDA:125,21,0,0
BRDA:125,21,1,0
BRDA:128,22,0,0
BRDA:128,22,1,0
BRF:46
BRH:0
end_of_record
TN:
SF:/Users/ilmari/code/covid-vis/src/Montaan/FileViews/TextFileView/TextFileView.ts
FN:26,(anonymous_0)
FN:37,(anonymous_1)
FN:39,(anonymous_2)
FN:61,(anonymous_3)
FN:64,(anonymous_4)
FN:65,(anonymous_5)
FN:69,(anonymous_6)
FN:72,(anonymous_7)
FN:73,(anonymous_8)
FN:77,(anonymous_9)
FN:93,(anonymous_10)
FN:108,(anonymous_11)
FN:120,(anonymous_12)
FN:191,(anonymous_13)
FN:219,(anonymous_14)
FNF:15
FNH:0
FNDA:0,(anonymous_0)
FNDA:0,(anonymous_1)
FNDA:0,(anonymous_2)
FNDA:0,(anonymous_3)
FNDA:0,(anonymous_4)
FNDA:0,(anonymous_5)
FNDA:0,(anonymous_6)
FNDA:0,(anonymous_7)
FNDA:0,(anonymous_8)
FNDA:0,(anonymous_9)
FNDA:0,(anonymous_10)
FNDA:0,(anonymous_11)
FNDA:0,(anonymous_12)
FNDA:0,(anonymous_13)
FNDA:0,(anonymous_14)
DA:15,0
DA:16,0
DA:18,0
DA:19,0
DA:20,0
DA:21,0
DA:22,0
DA:23,0
DA:24,0
DA:33,0
DA:34,0
DA:38,0
DA:39,0
DA:40,0
DA:41,0
DA:42,0
DA:43,0
DA:44,0
DA:45,0
DA:46,0
DA:47,0
DA:49,0
DA:51,0
DA:53,0
DA:55,0
DA:56,0
DA:58,0
DA:62,0
DA:64,0
DA:65,0
DA:70,0
DA:72,0
DA:73,0
DA:78,0
DA:79,0
DA:80,0
DA:81,0
DA:82,0
DA:83,0
DA:84,0
DA:86,0
DA:87,0
DA:88,0
DA:89,0
DA:90,0
DA:94,0
DA:95,0
DA:96,0
DA:97,0
DA:98,0
DA:99,0
DA:100,0
DA:101,0
DA:102,0
DA:103,0
DA:104,0
DA:105,0
DA:109,0
DA:110,0
DA:111,0
DA:112,0
DA:113,0
DA:114,0
DA:115,0
DA:116,0
DA:117,0
DA:121,0
DA:122,0
DA:123,0
DA:124,0
DA:127,0
DA:129,0
DA:192,0
DA:193,0
DA:194,0
DA:195,0
DA:197,0
DA:199,0
DA:204,0
DA:206,0
DA:207,0
DA:208,0
DA:209,0
DA:210,0
DA:211,0
DA:212,0
DA:213,0
DA:214,0
DA:215,0
DA:217,0
DA:218,0
DA:219,0
DA:220,0
DA:221,0
DA:222,0
DA:223,0
DA:225,0
DA:228,0
DA:232,0
DA:238,0
DA:240,0
DA:241,0
DA:243,0
DA:244,0
DA:245,0
DA:246,0
DA:247,0
DA:248,0
DA:250,0
DA:251,0
DA:252,0
DA:253,0
DA:254,0
DA:255,0
DA:257,0
DA:258,0
LF:116
LH:0
BRDA:40,0,0,0
BRDA:40,0,1,0
BRDA:42,1,0,0
BRDA:42,1,1,0
BRDA:55,2,0,0
BRDA:55,2,1,0
BRDA:62,3,0,0
BRDA:62,3,1,0
BRDA:70,4,0,0
BRDA:70,4,1,0
BRDA:78,5,0,0
BRDA:78,5,1,0
BRDA:78,6,0,0
BRDA:78,6,1,0
BRDA:81,7,0,0
BRDA:81,7,1,0
BRDA:82,8,0,0
BRDA:82,8,1,0
BRDA:94,9,0,0
BRDA:94,9,1,0
BRDA:94,10,0,0
BRDA:94,10,1,0
BRDA:98,11,0,0
BRDA:98,11,1,0
BRDA:102,12,0,0
BRDA:102,12,1,0
BRDA:104,13,0,0
BRDA:104,13,1,0
BRDA:109,14,0,0
BRDA:109,14,1,0
BRDA:121,15,0,0
BRDA:121,15,1,0
BRDA:122,16,0,0
BRDA:122,16,1,0
BRDA:123,17,0,0
BRDA:123,17,1,0
BRDA:123,18,0,0
BRDA:123,18,1,0
BRDA:193,19,0,0
BRDA:193,19,1,0
BRDA:194,20,0,0
BRDA:194,20,1,0
BRDA:195,21,0,0
BRDA:195,21,1,0
BRDA:195,22,0,0
BRDA:195,22,1,0
BRDA:204,23,0,0
BRDA:204,23,1,0
BRDA:221,24,0,0
BRDA:221,24,1,0
BRF:50
BRH:0
end_of_record
TN:
SF:/Users/ilmari/code/covid-vis/src/Montaan/FileViews/VideoFileView/VideoFileView.ts
FN:12,(anonymous_0)
FN:22,(anonymous_1)
FN:29,(anonymous_2)
FN:33,(anonymous_3)
FN:37,(anonymous_4)
FN:41,(anonymous_5)
FNF:6
FNH:6
FNDA:2,(anonymous_0)
FNDA:2,(anonymous_1)
FNDA:1,(anonymous_2)
FNDA:1,(anonymous_3)
FNDA:1,(anonymous_4)
FNDA:1,(anonymous_5)
DA:10,2
DA:19,2
DA:23,2
DA:24,2
DA:25,1
DA:26,0
DA:30,1
DA:34,1
DA:38,1
DA:47,1
LF:10
LH:9
BRDA:24,0,0,1
BRDA:24,0,1,1
BRDA:25,1,0,1
BRDA:25,1,1,0
BRDA:26,2,0,0
BRDA:26,2,1,0
BRDA:26,3,0,0
BRDA:26,3,1,0
BRF:8
BRH:3
end_of_record
TN:
SF:/Users/ilmari/code/covid-vis/src/Montaan/FileViews/VideoFileView/index.ts
FNF:0
FNH:0
LF:0
LH:0
BRF:0
BRH:0
end_of_record
TN:
SF:/Users/ilmari/code/covid-vis/src/Montaan/Filesystems/Filesystems.tsx
FN:58,(anonymous_0)
FN:90,(anonymous_1)
FN:94,(anonymous_2)
FN:101,(anonymous_3)
FN:105,(anonymous_4)
FN:110,(anonymous_5)
FN:112,(anonymous_6)
FN:128,(anonymous_7)
FN:133,(anonymous_8)
FN:138,(anonymous_9)
FN:142,(anonymous_10)
FN:146,(anonymous_11)
FN:150,(anonymous_12)
FN:163,(anonymous_13)
FN:168,(anonymous_14)
FN:172,(anonymous_15)
FN:175,(anonymous_16)
FN:176,(anonymous_17)
FN:179,(anonymous_18)
FN:182,(anonymous_19)
FN:187,(anonymous_20)
FN:190,(anonymous_21)
FN:193,(anonymous_22)
FN:196,(anonymous_23)
FN:203,registerFileSystem
FN:207,unregisterFileSystem
FN:211,getFSType
FN:215,mountURL
FN:223,mount
FN:246,getPathEntry
FN:262,getOrCreateDir
FN:268,createDir
FN:275,createFile
FN:282,getNearestPathEntry
FN:300,getFullPath
FN:305,getSiblings
FN:309,(anonymous_36)
FN:314,getFilesystemForPath
FN:326,getAllFilesystemsForPath
FN:342,getFSEntryForURL
FN:356,getNearestFSEntryForURL
FN:371,readDir
FN:382,readDirs
FN:385,(anonymous_43)
FN:398,(anonymous_44)
FN:404,(anonymous_45)
FN:409,(anonymous_46)
FN:410,(anonymous_47)
FN:420,readThumbnails
FN:426,(anonymous_49)
FN:439,(anonymous_50)
FN:445,(anonymous_51)
FN:450,(anonymous_52)
FN:451,(anonymous_53)
FN:462,(anonymous_54)
FN:476,applyDir
FN:499,readFile
FNF:57
FNH:10
FNDA:44273,(anonymous_0)
FNDA:0,(anonymous_1)
FNDA:0,(anonymous_2)
FNDA:0,(anonymous_3)
FNDA:0,(anonymous_4)
FNDA:0,(anonymous_5)
FNDA:0,(anonymous_6)
FNDA:0,(anonymous_7)
FNDA:0,(anonymous_8)
FNDA:0,(anonymous_9)
FNDA:0,(anonymous_10)
FNDA:0,(anonymous_11)
FNDA:0,(anonymous_12)
FNDA:42884,(anonymous_13)
FNDA:2,(anonymous_14)
FNDA:0,(anonymous_15)
FNDA:0,(anonymous_16)
FNDA:0,(anonymous_17)
FNDA:0,(anonymous_18)
FNDA:0,(anonymous_19)
FNDA:0,(anonymous_20)
FNDA:0,(anonymous_21)
FNDA:0,(anonymous_22)
FNDA:0,(anonymous_23)
FNDA:6,registerFileSystem
FNDA:0,unregisterFileSystem
FNDA:0,getFSType
FNDA:0,mountURL
FNDA:0,mount
FNDA:3,getPathEntry
FNDA:4928,getOrCreateDir
FNDA:44252,createDir
FNDA:0,createFile
FNDA:0,getNearestPathEntry
FNDA:1,getFullPath
FNDA:3,getSiblings
FNDA:0,(anonymous_36)
FNDA:0,getFilesystemForPath
FNDA:2,getAllFilesystemsForPath
FNDA:0,getFSEntryForURL
FNDA:0,getNearestFSEntryForURL
FNDA:0,readDir
FNDA:0,readDirs
FNDA:0,(anonymous_43)
FNDA:0,(anonymous_44)
FNDA:0,(anonymous_45)
FNDA:0,(anonymous_46)
FNDA:0,(anonymous_47)
FNDA:0,readThumbnails
FNDA:0,(anonymous_49)
FNDA:0,(anonymous_50)
FNDA:0,(anonymous_51)
FNDA:0,(anonymous_52)
FNDA:0,(anonymous_53)
FNDA:0,(anonymous_54)
FNDA:0,applyDir
FNDA:0,readFile
DA:7,11
DA:10,44273
DA:11,44273
DA:12,44273
DA:13,44273
DA:14,44273
DA:17,44273
DA:18,44273
DA:21,44273
DA:23,44273
DA:25,44273
DA:26,44273
DA:27,44273
DA:28,44273
DA:30,44273
DA:31,44273
DA:32,44273
DA:33,44273
DA:35,44273
DA:43,44273
DA:44,44273
DA:46,44273
DA:47,44273
DA:48,44273
DA:51,44273
DA:54,44273
DA:56,44273
DA:59,44273
DA:60,44273
DA:65,44264
DA:91,0
DA:95,0
DA:96,0
DA:97,0
DA:98,0
DA:102,0
DA:106,0
DA:107,0
DA:111,0
DA:112,0
DA:113,0
DA:114,0
DA:115,0
DA:116,0
DA:117,0
DA:119,0
DA:121,0
DA:122,0
DA:123,0
DA:125,0
DA:129,0
DA:130,0
DA:136,0
DA:139,0
DA:140,0
DA:143,0
DA:144,0
DA:147,0
DA:148,0
DA:151,0
DA:152,0
DA:161,11
DA:164,42884
DA:165,42884
DA:169,2
DA:173,0
DA:176,0
DA:177,0
DA:180,0
DA:185,0
DA:188,0
DA:191,0
DA:194,0
DA:197,0
DA:201,11
DA:204,6
DA:208,0
DA:212,0
DA:216,0
DA:217,0
DA:218,0
DA:219,0
DA:220,0
DA:224,0
DA:225,0
DA:226,0
DA:227,0
DA:228,0
DA:231,0
DA:232,0
DA:233,0
DA:236,0
DA:237,0
DA:238,0
DA:239,0
DA:241,0
DA:242,0
DA:243,0
DA:247,3
DA:248,3
DA:249,3
DA:250,3
DA:252,3
DA:253,3
DA:254,2
DA:255,2
DA:256,2
DA:257,2
DA:259,1
DA:263,4928
DA:264,4928
DA:265,144
DA:269,44252
DA:270,44252
DA:271,44252
DA:272,44252
DA:276,0
DA:277,0
DA:278,0
DA:279,0
DA:283,0
DA:284,0
DA:285,0
DA:286,0
DA:288,0
DA:289,0
DA:290,0
DA:291,0
DA:292,0
DA:293,0
DA:294,0
DA:295,0
DA:297,0
DA:301,1
DA:302,0
DA:306,3
DA:307,3
DA:308,3
DA:309,1
DA:315,0
DA:316,0
DA:317,0
DA:318,0
DA:319,0
DA:320,0
DA:321,0
DA:323,0
DA:327,2
DA:328,2
DA:329,2
DA:330,2
DA:331,2
DA:332,0
DA:333,0
DA:334,0
DA:335,0
DA:337,2
DA:343,0
DA:345,0
DA:348,0
DA:349,0
DA:350,0
DA:351,0
DA:352,0
DA:353,0
DA:360,0
DA:362,0
DA:365,0
DA:366,0
DA:367,0
DA:368,0
DA:372,0
DA:373,0
DA:374,0
DA:375,0
DA:376,0
DA:377,0
DA:383,0
DA:384,0
DA:385,0
DA:386,0
DA:387,0
DA:388,0
DA:389,0
DA:390,0
DA:391,0
DA:392,0
DA:394,0
DA:395,0
DA:397,0
DA:398,0
DA:399,0
DA:400,0
DA:401,0
DA:402,0
DA:403,0
DA:404,0
DA:405,0
DA:406,0
DA:408,0
DA:410,0
DA:411,0
DA:417,0
DA:424,0
DA:425,0
DA:426,0
DA:427,0
DA:428,0
DA:429,0
DA:430,0
DA:431,0
DA:432,0
DA:433,0
DA:435,0
DA:436,0
DA:438,0
DA:439,0
DA:440,0
DA:441,0
DA:442,0
DA:443,0
DA:444,0
DA:445,0
DA:446,0
DA:447,0
DA:449,0
DA:451,0
DA:452,0
DA:453,0
DA:454,0
DA:455,0
DA:456,0
DA:457,0
DA:458,0
DA:461,0
DA:462,0
DA:463,0
DA:466,0
DA:473,0
DA:477,0
DA:479,0
DA:480,0
DA:481,0
DA:482,0
DA:483,0
DA:484,0
DA:485,0
DA:488,0
DA:489,0
DA:490,0
DA:491,0
DA:494,0
DA:495,0
DA:500,0
DA:501,0
DA:502,0
DA:503,0
DA:504,0
LF:258
LH:65
BRDA:58,0,0,11
BRDA:96,1,0,0
BRDA:96,1,1,0
BRDA:96,2,0,0
BRDA:96,2,1,0
BRDA:96,2,2,0
BRDA:115,3,0,0
BRDA:115,3,1,0
BRDA:218,4,0,0
BRDA:218,4,1,0
BRDA:227,5,0,0
BRDA:227,5,1,0
BRDA:232,6,0,0
BRDA:232,6,1,0
BRDA:237,7,0,0
BRDA:237,7,1,0
BRDA:255,8,0,0
BRDA:255,8,1,2
BRDA:257,9,0,2
BRDA:257,9,1,0
BRDA:264,10,0,4784
BRDA:264,10,1,144
BRDA:292,11,0,0
BRDA:292,11,1,0
BRDA:294,12,0,0
BRDA:294,12,1,0
BRDA:301,13,0,1
BRDA:301,13,1,0
BRDA:308,14,0,2
BRDA:308,14,1,1
BRDA:308,15,0,3
BRDA:308,15,1,1
BRDA:317,16,0,0
BRDA:317,16,1,0
BRDA:320,17,0,0
BRDA:320,17,1,0
BRDA:330,18,0,0
BRDA:330,18,1,2
BRDA:333,19,0,0
BRDA:333,19,1,0
BRDA:333,20,0,0
BRDA:333,20,1,0
BRDA:335,21,0,0
BRDA:335,21,1,0
BRDA:335,22,0,0
BRDA:335,22,1,0
BRDA:345,23,0,0
BRDA:345,23,1,0
BRDA:345,23,2,0
BRDA:345,23,3,0
BRDA:348,24,0,0
BRDA:348,24,1,0
BRDA:348,24,2,0
BRDA:348,24,3,0
BRDA:350,25,0,0
BRDA:350,25,1,0
BRDA:352,26,0,0
BRDA:352,26,1,0
BRDA:362,27,0,0
BRDA:362,27,1,0
BRDA:362,27,2,0
BRDA:362,27,3,0
BRDA:365,28,0,0
BRDA:365,28,1,0
BRDA:365,28,2,0
BRDA:365,28,3,0
BRDA:367,29,0,0
BRDA:367,29,1,0
BRDA:373,30,0,0
BRDA:373,30,1,0
BRDA:375,31,0,0
BRDA:375,31,1,0
BRDA:377,32,0,0
BRDA:377,32,1,0
BRDA:387,33,0,0
BRDA:387,33,1,0
BRDA:390,34,0,0
BRDA:390,34,1,0
BRDA:401,35,0,0
BRDA:401,35,1,0
BRDA:411,36,0,0
BRDA:411,36,1,0
BRDA:428,37,0,0
BRDA:428,37,1,0
BRDA:431,38,0,0
BRDA:431,38,1,0
BRDA:442,39,0,0
BRDA:442,39,1,0
BRDA:455,40,0,0
BRDA:455,40,1,0
BRDA:456,41,0,0
BRDA:456,41,1,0
BRDA:479,42,0,0
BRDA:479,42,1,0
BRDA:479,43,0,0
BRDA:479,43,1,0
BRDA:483,44,0,0
BRDA:483,44,1,0
BRDA:483,45,0,0
BRDA:483,45,1,0
BRDA:490,46,0,0
BRDA:490,46,1,0
BRDA:501,47,0,0
BRDA:501,47,1,0
BRDA:503,48,0,0
BRDA:503,48,1,0
BRF:106
BRH:11
end_of_record
TN:
SF:/Users/ilmari/code/covid-vis/src/Montaan/Filesystems/index.ts
FNF:0
FNH:0
LF:0
LH:0
BRF:0
BRH:0
end_of_record
TN:
SF:/Users/ilmari/code/covid-vis/src/Montaan/Filesystems/GithubFilesystem/GithubFilesystem.tsx
FN:17,(anonymous_0)
FN:22,(anonymous_1)
FN:26,(anonymous_2)
FN:36,(anonymous_3)
FN:40,(anonymous_4)
FN:44,(anonymous_5)
FN:48,(anonymous_6)
FN:52,(anonymous_7)
FNF:8
FNH:8
FNDA:2,(anonymous_0)
FNDA:1,(anonymous_1)
FNDA:1,(anonymous_2)
FNDA:1,(anonymous_3)
FNDA:1,(anonymous_4)
FNDA:1,(anonymous_5)
FNDA:1,(anonymous_6)
FNDA:1,(anonymous_7)
DA:13,2
DA:14,2
DA:15,2
DA:18,2
DA:19,2
DA:23,1
DA:27,1
DA:28,0
DA:29,0
DA:30,0
DA:31,0
DA:33,0
DA:37,1
DA:41,1
DA:45,1
DA:49,1
DA:53,1
LF:17
LH:12
BRDA:27,0,0,1
BRDA:27,0,1,0
BRDA:29,1,0,0
BRDA:29,1,1,0
BRF:4
BRH:1
end_of_record
TN:
SF:/Users/ilmari/code/covid-vis/src/Montaan/Filesystems/GithubFilesystem/index.tsx
FNF:0
FNH:0
LF:0
LH:0
BRF:0
BRH:0
end_of_record
TN:
SF:/Users/ilmari/code/covid-vis/src/Montaan/Filesystems/LocalFilesystem/LocalFilesystem.tsx
FN:17,(anonymous_0)
FN:22,(anonymous_1)
FN:26,(anonymous_2)
FN:36,(anonymous_3)
FN:40,(anonymous_4)
FN:44,(anonymous_5)
FN:48,(anonymous_6)
FN:52,(anonymous_7)
FNF:8
FNH:8
FNDA:2,(anonymous_0)
FNDA:1,(anonymous_1)
FNDA:1,(anonymous_2)
FNDA:1,(anonymous_3)
FNDA:1,(anonymous_4)
FNDA:1,(anonymous_5)
FNDA:1,(anonymous_6)
FNDA:1,(anonymous_7)
DA:13,2
DA:14,2
DA:15,2
DA:18,2
DA:19,2
DA:23,1
DA:27,1
DA:28,0
DA:29,0
DA:30,0
DA:31,0
DA:33,0
DA:37,1
DA:41,1
DA:45,1
DA:49,1
DA:53,1
LF:17
LH:12
BRDA:27,0,0,1
BRDA:27,0,1,0
BRDA:29,1,0,0
BRDA:29,1,1,0
BRF:4
BRH:1
end_of_record
TN:
SF:/Users/ilmari/code/covid-vis/src/Montaan/Filesystems/LocalFilesystem/index.tsx
FNF:0
FNH:0
LF:0
LH:0
BRF:0
BRH:0
end_of_record
TN:
SF:/Users/ilmari/code/covid-vis/src/Montaan/Filesystems/MontaanGitFilesystem/MontaanGitFilesystem.tsx
FN:35,(anonymous_0)
FN:42,(anonymous_1)
FN:45,(anonymous_2)
FN:124,(anonymous_3)
FN:153,(anonymous_4)
FN:157,(anonymous_5)
FN:165,(anonymous_6)
FN:180,(anonymous_7)
FN:195,(anonymous_8)
FN:196,(anonymous_9)
FN:210,(anonymous_10)
FN:213,(anonymous_11)
FN:232,(anonymous_12)
FN:271,(anonymous_13)
FN:275,(anonymous_14)
FN:279,(anonymous_15)
FN:293,(anonymous_16)
FN:299,(anonymous_17)
FN:304,(anonymous_18)
FN:339,(anonymous_19)
FN:343,(anonymous_20)
FN:347,(anonymous_21)
FN:351,(anonymous_22)
FNF:23
FNH:0
FNDA:0,(anonymous_0)
FNDA:0,(anonymous_1)
FNDA:0,(anonymous_2)
FNDA:0,(anonymous_3)
FNDA:0,(anonymous_4)
FNDA:0,(anonymous_5)
FNDA:0,(anonymous_6)
FNDA:0,(anonymous_7)
FNDA:0,(anonymous_8)
FNDA:0,(anonymous_9)
FNDA:0,(anonymous_10)
FNDA:0,(anonymous_11)
FNDA:0,(anonymous_12)
FNDA:0,(anonymous_13)
FNDA:0,(anonymous_14)
FNDA:0,(anonymous_15)
FNDA:0,(anonymous_16)
FNDA:0,(anonymous_17)
FNDA:0,(anonymous_18)
FNDA:0,(anonymous_19)
FNDA:0,(anonymous_20)
FNDA:0,(anonymous_21)
FNDA:0,(anonymous_22)
DA:31,0
DA:36,0
DA:37,0
DA:38,0
DA:39,0
DA:43,0
DA:44,0
DA:45,0
DA:46,0
DA:47,0
DA:48,0
DA:49,0
DA:51,0
DA:52,0
DA:53,0
DA:54,0
DA:56,0
DA:57,0
DA:58,0
DA:59,0
DA:140,0
DA:145,0
DA:146,0
DA:147,0
DA:152,0
DA:153,0
DA:154,0
DA:155,0
DA:156,0
DA:157,0
DA:158,0
DA:159,0
DA:160,0
DA:163,0
DA:164,0
DA:165,0
DA:166,0
DA:167,0
DA:168,0
DA:169,0
DA:170,0
DA:172,0
DA:173,0
DA:174,0
DA:181,0
DA:182,0
DA:183,0
DA:184,0
DA:185,0
DA:191,0
DA:192,0
DA:196,0
DA:197,0
DA:198,0
DA:199,0
DA:200,0
DA:201,0
DA:203,0
DA:209,0
DA:210,0
DA:214,0
DA:215,0
DA:216,0
DA:217,0
DA:224,0
DA:235,0
DA:236,0
DA:237,0
DA:238,0
DA:239,0
DA:240,0
DA:241,0
DA:242,0
DA:243,0
DA:244,0
DA:247,0
DA:253,0
DA:254,0
DA:255,0
DA:256,0
DA:257,0
DA:258,0
DA:259,0
DA:260,0
DA:261,0
DA:262,0
DA:263,0
DA:265,0
DA:268,0
DA:272,0
DA:276,0
DA:280,0
DA:289,0
DA:294,0
DA:295,0
DA:296,0
DA:300,0
DA:301,0
DA:302,0
DA:303,0
DA:304,0
DA:305,0
DA:306,0
DA:307,0
DA:308,0
DA:309,0
DA:310,0
DA:311,0
DA:312,0
DA:313,0
DA:314,0
DA:315,0
DA:316,0
DA:317,0
DA:319,0
DA:321,0
DA:322,0
DA:324,0
DA:333,0
DA:335,0
DA:336,0
DA:340,0
DA:344,0
DA:348,0
DA:352,0
LF:125
LH:0
BRDA:43,0,0,0
BRDA:43,0,1,0
BRDA:43,1,0,0
BRDA:43,1,1,0
BRDA:48,2,0,0
BRDA:48,2,1,0
BRDA:49,3,0,0
BRDA:49,3,1,0
BRDA:51,4,0,0
BRDA:51,4,1,0
BRDA:53,5,0,0
BRDA:53,5,1,0
BRDA:54,6,0,0
BRDA:54,6,1,0
BRDA:56,7,0,0
BRDA:56,7,1,0
BRDA:154,8,0,0
BRDA:154,8,1,0
BRDA:158,9,0,0
BRDA:158,9,1,0
BRDA:167,10,0,0
BRDA:167,10,1,0
BRDA:169,11,0,0
BRDA:169,11,1,0
BRDA:182,12,0,0
BRDA:182,12,1,0
BRDA:183,13,0,0
BRDA:183,13,1,0
BRDA:192,14,0,0
BRDA:192,14,1,0
BRDA:198,15,0,0
BRDA:198,15,1,0
BRDA:199,16,0,0
BRDA:199,16,1,0
BRDA:210,17,0,0
BRDA:210,17,1,0
BRDA:214,18,0,0
BRDA:214,18,1,0
BRDA:216,19,0,0
BRDA:216,19,1,0
BRDA:216,20,0,0
BRDA:216,20,1,0
BRDA:236,21,0,0
BRDA:236,21,1,0
BRDA:242,22,0,0
BRDA:242,22,1,0
BRDA:242,23,0,0
BRDA:242,23,1,0
BRDA:257,24,0,0
BRDA:257,24,1,0
BRDA:262,25,0,0
BRDA:262,25,1,0
BRDA:300,26,0,0
BRDA:300,26,1,0
BRDA:310,27,0,0
BRDA:310,27,1,0
BRDA:313,28,0,0
BRDA:313,28,1,0
BRF:58
BRH:0
end_of_record
TN:
SF:/Users/ilmari/code/covid-vis/src/Montaan/Filesystems/MontaanGitFilesystem/index.tsx
FNF:0
FNH:0
LF:0
LH:0
BRF:0
BRH:0
end_of_record
TN:
SF:/Users/ilmari/code/covid-vis/src/Montaan/Filesystems/MontaanUserReposFilesystem/MontaanUserReposFilesystem.tsx
FN:17,(anonymous_0)
FN:33,(anonymous_1)
FN:38,(anonymous_2)
FN:41,(anonymous_3)
FN:48,(anonymous_4)
FN:61,(anonymous_5)
FN:79,(anonymous_6)
FN:83,(anonymous_7)
FN:87,(anonymous_8)
FN:91,(anonymous_9)
FNF:10
FNH:1
FNDA:4,(anonymous_0)
FNDA:0,(anonymous_1)
FNDA:0,(anonymous_2)
FNDA:0,(anonymous_3)
FNDA:0,(anonymous_4)
FNDA:0,(anonymous_5)
FNDA:0,(anonymous_6)
FNDA:0,(anonymous_7)
FNDA:0,(anonymous_8)
FNDA:0,(anonymous_9)
DA:9,4
DA:18,4
DA:19,4
DA:20,4
DA:21,4
DA:22,4
DA:28,0
DA:29,0
DA:30,0
DA:31,0
DA:34,0
DA:35,0
DA:39,0
DA:40,0
DA:41,0
DA:42,0
DA:43,0
DA:44,0
DA:46,0
DA:47,0
DA:48,0
DA:49,0
DA:55,0
DA:56,0
DA:58,0
DA:62,0
DA:63,0
DA:64,0
DA:65,0
DA:74,0
DA:76,0
DA:80,0
DA:84,0
DA:88,0
DA:92,0
LF:35
LH:6
BRDA:43,0,0,0
BRDA:43,0,1,0
BRDA:62,1,0,0
BRDA:62,1,1,0
BRDA:64,2,0,0
BRDA:64,2,1,0
BRF:6
BRH:0
end_of_record
TN:
SF:/Users/ilmari/code/covid-vis/src/Montaan/Filesystems/MontaanUserReposFilesystem/index.tsx
FNF:0
FNH:0
LF:0
LH:0
BRF:0
BRH:0
end_of_record
TN:
SF:/Users/ilmari/code/covid-vis/src/Montaan/Geometry/Geometry.ts
FN:29,(anonymous_0)
FN:39,(anonymous_1)
FN:60,(anonymous_2)
FN:78,(anonymous_3)
FN:82,(anonymous_4)
FN:86,(anonymous_5)
FN:100,(anonymous_6)
FN:133,(anonymous_7)
FN:169,(anonymous_8)
FN:173,(anonymous_9)
FN:180,(anonymous_10)
FN:184,(anonymous_11)
FN:199,(anonymous_12)
FN:212,(anonymous_13)
FN:229,(anonymous_14)
FN:268,(anonymous_15)
FN:278,(anonymous_16)
FN:291,(anonymous_17)
FN:298,(anonymous_18)
FN:305,(anonymous_19)
FN:318,(anonymous_20)
FN:333,(anonymous_21)
FN:385,(anonymous_22)
FNF:23
FNH:0
FNDA:0,(anonymous_0)
FNDA:0,(anonymous_1)
FNDA:0,(anonymous_2)
FNDA:0,(anonymous_3)
FNDA:0,(anonymous_4)
FNDA:0,(anonymous_5)
FNDA:0,(anonymous_6)
FNDA:0,(anonymous_7)
FNDA:0,(anonymous_8)
FNDA:0,(anonymous_9)
FNDA:0,(anonymous_10)
FNDA:0,(anonymous_11)
FNDA:0,(anonymous_12)
FNDA:0,(anonymous_13)
FNDA:0,(anonymous_14)
FNDA:0,(anonymous_15)
FNDA:0,(anonymous_16)
FNDA:0,(anonymous_17)
FNDA:0,(anonymous_18)
FNDA:0,(anonymous_19)
FNDA:0,(anonymous_20)
FNDA:0,(anonymous_21)
FNDA:0,(anonymous_22)
DA:11,44274
DA:12,44274
DA:13,44274
DA:14,44274
DA:15,44274
DA:16,44274
DA:17,44274
DA:18,44274
DA:19,44274
DA:20,44274
DA:21,44274
DA:24,11
DA:36,0
DA:38,0
DA:39,0
DA:40,0
DA:41,0
DA:43,0
DA:45,0
DA:49,0
DA:50,0
DA:52,0
DA:54,0
DA:55,0
DA:56,0
DA:61,0
DA:62,0
DA:63,0
DA:64,0
DA:65,0
DA:66,0
DA:67,0
DA:68,0
DA:69,0
DA:70,0
DA:71,0
DA:72,0
DA:73,0
DA:74,0
DA:75,0
DA:79,0
DA:83,0
DA:87,0
DA:106,0
DA:107,0
DA:108,0
DA:109,0
DA:110,0
DA:111,0
DA:112,0
DA:113,0
DA:114,0
DA:115,0
DA:116,0
DA:117,0
DA:118,0
DA:119,0
DA:120,0
DA:121,0
DA:122,0
DA:123,0
DA:124,0
DA:125,0
DA:126,0
DA:127,0
DA:128,0
DA:129,0
DA:130,0
DA:134,0
DA:135,0
DA:136,0
DA:137,0
DA:138,0
DA:139,0
DA:140,0
DA:141,0
DA:142,0
DA:143,0
DA:144,0
DA:145,0
DA:146,0
DA:147,0
DA:148,0
DA:149,0
DA:150,0
DA:151,0
DA:152,0
DA:153,0
DA:154,0
DA:155,0
DA:156,0
DA:157,0
DA:158,0
DA:159,0
DA:160,0
DA:161,0
DA:162,0
DA:163,0
DA:164,0
DA:165,0
DA:166,0
DA:170,0
DA:174,0
DA:175,0
DA:176,0
DA:177,0
DA:181,0
DA:187,0
DA:200,0
DA:201,0
DA:202,0
DA:203,0
DA:204,0
DA:206,0
DA:207,0
DA:208,0
DA:209,0
DA:213,0
DA:219,0
DA:221,0
DA:239,0
DA:241,0
DA:242,0
DA:243,0
DA:246,0
DA:247,0
DA:248,0
DA:249,0
DA:253,0
DA:254,0
DA:258,0
DA:259,0
DA:260,0
DA:261,0
DA:263,0
DA:264,0
DA:265,0
DA:273,0
DA:274,0
DA:275,0
DA:284,0
DA:285,0
DA:286,0
DA:287,0
DA:288,0
DA:292,0
DA:293,0
DA:294,0
DA:299,0
DA:300,0
DA:302,0
DA:306,0
DA:307,0
DA:309,0
DA:310,0
DA:312,0
DA:313,0
DA:315,0
DA:319,0
DA:321,0
DA:322,0
DA:324,0
DA:325,0
DA:327,0
DA:328,0
DA:330,0
DA:334,0
DA:335,0
DA:336,0
DA:337,0
DA:338,0
DA:339,0
DA:340,0
DA:342,0
DA:343,0
DA:344,0
DA:345,0
DA:346,0
DA:347,0
DA:348,0
DA:349,0
DA:350,0
DA:352,0
DA:353,0
DA:354,0
DA:355,0
DA:356,0
DA:357,0
DA:358,0
DA:359,0
DA:360,0
DA:362,0
DA:363,0
DA:364,0
DA:365,0
DA:366,0
DA:367,0
DA:368,0
DA:369,0
DA:370,0
DA:371,0
DA:373,0
DA:374,0
DA:375,0
DA:376,0
DA:377,0
DA:378,0
DA:379,0
DA:380,0
DA:381,0
DA:394,0
DA:396,0
DA:397,0
DA:398,0
DA:399,0
DA:400,0
DA:401,0
DA:402,0
DA:403,0
DA:404,0
DA:406,0
DA:407,0
DA:408,0
DA:409,0
DA:410,0
DA:411,0
DA:412,0
DA:413,0
DA:414,0
DA:416,0
DA:417,0
DA:418,0
DA:419,0
DA:420,0
DA:421,0
DA:422,0
DA:423,0
DA:424,0
DA:426,0
DA:427,0
DA:428,0
DA:429,0
DA:430,0
DA:431,0
DA:432,0
DA:433,0
DA:434,0
DA:496,0
LF:248
LH:12
BRDA:38,0,0,0
BRDA:38,0,1,0
BRDA:40,1,0,0
BRDA:40,1,1,0
BRDA:41,2,0,0
BRDA:41,2,1,0
BRDA:46,3,0,0
BRDA:46,3,1,0
BRDA:49,4,0,0
BRDA:49,4,1,0
BRDA:75,5,0,0
BRDA:75,5,1,0
BRDA:75,5,2,0
BRDA:75,5,3,0
BRDA:104,6,0,0
BRDA:125,7,0,0
BRDA:125,7,1,0
BRDA:125,7,2,0
BRDA:125,7,3,0
BRDA:139,8,0,0
BRDA:139,8,1,0
BRDA:140,9,0,0
BRDA:140,9,1,0
BRDA:141,10,0,0
BRDA:141,10,1,0
BRDA:161,11,0,0
BRDA:161,11,1,0
BRDA:161,11,2,0
BRDA:161,11,3,0
BRDA:170,12,0,0
BRDA:170,12,1,0
BRDA:170,12,2,0
BRDA:170,12,3,0
BRDA:181,13,0,0
BRDA:181,13,1,0
BRDA:181,13,2,0
BRDA:181,13,3,0
BRDA:187,14,0,0
BRDA:187,14,1,0
BRDA:187,14,2,0
BRDA:187,14,3,0
BRDA:204,15,0,0
BRDA:204,15,1,0
BRDA:208,16,0,0
BRDA:208,16,1,0
BRDA:213,17,0,0
BRDA:213,17,1,0
BRDA:214,18,0,0
BRDA:214,18,1,0
BRDA:214,18,2,0
BRDA:214,18,3,0
BRDA:214,18,4,0
BRDA:214,18,5,0
BRDA:214,18,6,0
BRDA:214,18,7,0
BRDA:222,19,0,0
BRDA:222,19,1,0
BRDA:222,19,2,0
BRDA:222,19,3,0
BRDA:246,20,0,0
BRDA:246,20,1,0
BRDA:246,21,0,0
BRDA:246,21,1,0
BRDA:246,21,2,0
BRDA:253,22,0,0
BRDA:253,22,1,0
BRDA:260,23,0,0
BRDA:260,23,1,0
BRDA:260,24,0,0
BRDA:260,24,1,0
BRDA:260,24,2,0
BRDA:260,24,3,0
BRDA:302,25,0,0
BRDA:302,25,1,0
BRDA:302,25,2,0
BRDA:302,25,3,0
BRDA:302,25,4,0
BRDA:302,25,5,0
BRF:78
BRH:0
end_of_record
TN:
SF:/Users/ilmari/code/covid-vis/src/Montaan/HighlightedLines/HighlightedLines.tsx
FN:14,(anonymous_0)
FN:40,(anonymous_1)
FN:50,(anonymous_2)
FN:54,(anonymous_3)
FN:82,(anonymous_4)
FN:94,(anonymous_5)
FNF:6
FNH:1
FNDA:3,(anonymous_0)
FNDA:0,(anonymous_1)
FNDA:0,(anonymous_2)
FNDA:0,(anonymous_3)
FNDA:0,(anonymous_4)
FNDA:0,(anonymous_5)
DA:7,3
DA:8,3
DA:10,3
DA:15,3
DA:16,3
DA:17,3
DA:28,3
DA:29,3
DA:30,3
DA:31,120000
DA:33,3
DA:34,30000
DA:35,30000
DA:40,3
DA:41,0
DA:42,0
DA:43,0
DA:44,0
DA:45,0
DA:51,0
DA:55,0
DA:56,0
DA:57,0
DA:58,0
DA:59,0
DA:60,0
DA:68,0
DA:69,0
DA:71,0
DA:72,0
DA:73,0
DA:74,0
DA:76,0
DA:78,0
DA:83,0
DA:84,0
DA:85,0
DA:86,0
DA:87,0
DA:89,0
DA:90,0
DA:91,0
DA:95,0
DA:96,0
DA:97,0
DA:98,0
DA:99,0
DA:100,0
DA:101,0
DA:102,0
DA:107,0
DA:108,0
DA:111,0
LF:53
LH:14
BRDA:42,0,0,0
BRDA:42,0,1,0
BRDA:54,1,0,0
BRDA:55,2,0,0
BRDA:55,2,1,0
BRDA:55,3,0,0
BRDA:55,3,1,0
BRDA:58,4,0,0
BRDA:58,4,1,0
BRDA:98,5,0,0
BRDA:98,5,1,0
BRDA:100,6,0,0
BRDA:100,6,1,0
BRDA:101,7,0,0
BRDA:101,7,1,0
BRDA:101,8,0,0
BRDA:101,8,1,0
BRDA:105,9,0,0
BRDA:105,9,1,0
BRDA:107,10,0,0
BRDA:107,10,1,0
BRDA:107,11,0,0
BRDA:107,11,1,0
BRF:23
BRH:0
end_of_record
TN:
SF:/Users/ilmari/code/covid-vis/src/Montaan/HighlightedLines/index.tsx
FNF:0
FNH:0
LF:0
LH:0
BRF:0
BRH:0
end_of_record
TN:
SF:/Users/ilmari/code/covid-vis/src/Montaan/Introduction/Introduction.tsx
FN:13,(anonymous_0)
FNF:1
FNH:1
FNDA:1,(anonymous_0)
DA:13,1
DA:14,1
LF:2
LH:2
BRF:0
BRH:0
end_of_record
TN:
SF:/Users/ilmari/code/covid-vis/src/Montaan/Introduction/index.tsx
FNF:0
FNH:0
LF:0
LH:0
BRF:0
BRH:0
end_of_record
TN:
SF:/Users/ilmari/code/covid-vis/src/Montaan/LinksModel/LinksModel.tsx
FN:15,(anonymous_0)
FN:45,(anonymous_1)
FN:52,(anonymous_2)
FN:59,(anonymous_3)
FN:71,(anonymous_4)
FN:112,(anonymous_5)
FN:166,(anonymous_6)
FN:171,(anonymous_7)
FN:250,(anonymous_8)
FNF:9
FNH:1
FNDA:3,(anonymous_0)
FNDA:0,(anonymous_1)
FNDA:0,(anonymous_2)
FNDA:0,(anonymous_3)
FNDA:0,(anonymous_4)
FNDA:0,(anonymous_5)
FNDA:0,(anonymous_6)
FNDA:0,(anonymous_7)
FNDA:0,(anonymous_8)
DA:7,3
DA:8,3
DA:20,3
DA:21,3
DA:22,3
DA:24,3
DA:25,3
DA:29,3
DA:33,3
DA:44,3
DA:45,3
DA:46,0
DA:53,0
DA:54,0
DA:55,0
DA:66,0
DA:67,0
DA:68,0
DA:80,0
DA:81,0
DA:82,0
DA:84,0
DA:86,0
DA:89,0
DA:90,0
DA:95,0
DA:101,0
DA:102,0
DA:103,0
DA:104,0
DA:105,0
DA:106,0
DA:109,0
DA:125,0
DA:126,0
DA:128,0
DA:129,0
DA:131,0
DA:132,0
DA:134,0
DA:135,0
DA:137,0
DA:138,0
DA:139,0
DA:140,0
DA:142,0
DA:143,0
DA:144,0
DA:145,0
DA:148,0
DA:155,0
DA:156,0
DA:161,0
DA:162,0
DA:165,3
DA:167,0
DA:168,0
DA:172,0
DA:173,0
DA:174,0
DA:175,0
DA:176,0
DA:177,0
DA:178,0
DA:179,0
DA:180,0
DA:182,0
DA:183,0
DA:184,0
DA:185,0
DA:186,0
DA:187,0
DA:188,0
DA:189,0
DA:190,0
DA:191,0
DA:193,0
DA:202,0
DA:203,0
DA:204,0
DA:205,0
DA:206,0
DA:207,0
DA:209,0
DA:219,0
DA:220,0
DA:221,0
DA:222,0
DA:223,0
DA:225,0
DA:240,0
DA:241,0
DA:242,0
DA:243,0
DA:244,0
DA:245,0
DA:246,0
DA:262,0
DA:263,0
DA:265,0
DA:266,0
DA:267,0
DA:268,0
DA:269,0
DA:270,0
DA:271,0
DA:272,0
DA:273,0
DA:274,0
DA:275,0
DA:276,0
DA:277,0
DA:278,0
DA:279,0
DA:280,0
DA:281,0
DA:282,0
DA:283,0
DA:284,0
DA:285,0
DA:286,0
DA:287,0
DA:288,0
DA:291,0
DA:292,0
DA:293,0
DA:294,0
DA:295,0
DA:296,0
DA:297,0
DA:298,0
DA:299,0
DA:300,0
DA:301,0
DA:302,0
DA:303,0
DA:304,0
DA:305,0
DA:306,0
DA:307,0
DA:308,0
DA:309,0
DA:310,0
DA:311,0
DA:312,0
DA:313,0
DA:314,0
DA:315,0
DA:316,0
DA:317,0
LF:150
LH:12
BRDA:53,0,0,0
BRDA:53,0,1,0
BRDA:84,1,0,0
BRDA:84,1,1,0
BRDA:89,2,0,0
BRDA:89,2,1,0
BRDA:89,3,0,0
BRDA:89,3,1,0
BRDA:89,3,2,0
BRDA:103,4,0,0
BRDA:103,4,1,0
BRDA:103,5,0,0
BRDA:103,5,1,0
BRDA:128,6,0,0
BRDA:128,6,1,0
BRDA:129,7,0,0
BRDA:129,7,1,0
BRDA:131,8,0,0
BRDA:131,8,1,0
BRDA:134,9,0,0
BRDA:134,9,1,0
BRDA:137,10,0,0
BRDA:137,10,1,0
BRDA:137,11,0,0
BRDA:137,11,1,0
BRDA:142,12,0,0
BRDA:142,12,1,0
BRDA:142,13,0,0
BRDA:142,13,1,0
BRDA:149,14,0,0
BRDA:149,14,1,0
BRDA:152,15,0,0
BRDA:152,15,1,0
BRDA:157,16,0,0
BRDA:157,16,1,0
BRDA:172,17,0,0
BRDA:172,17,1,0
BRDA:182,18,0,0
BRDA:182,18,1,0
BRDA:182,19,0,0
BRDA:182,19,1,0
BRDA:186,20,0,0
BRDA:186,20,1,0
BRDA:189,21,0,0
BRDA:189,21,1,0
BRDA:202,22,0,0
BRDA:202,22,1,0
BRDA:205,23,0,0
BRDA:205,23,1,0
BRDA:221,24,0,0
BRDA:221,24,1,0
BRDA:221,25,0,0
BRDA:221,25,1,0
BRDA:291,26,0,0
BRDA:291,26,1,0
BRF:55
BRH:0
end_of_record
TN:
SF:/Users/ilmari/code/covid-vis/src/Montaan/LinksModel/index.tsx
FNF:0
FNH:0
LF:0
LH:0
BRF:0
BRH:0
end_of_record
TN:
SF:/Users/ilmari/code/covid-vis/src/Montaan/MainApp/MainApp.tsx
FN:68,(anonymous_0)
FN:220,(anonymous_1)
FN:235,(anonymous_2)
FN:238,(anonymous_3)
FN:246,(anonymous_4)
FN:259,(anonymous_5)
FN:269,(anonymous_6)
FN:272,(anonymous_7)
FN:273,(anonymous_8)
FN:288,(anonymous_9)
FN:290,(anonymous_10)
FN:302,(anonymous_11)
FN:310,(anonymous_12)
FN:318,(anonymous_13)
FN:325,(anonymous_14)
FN:332,(anonymous_15)
FN:338,(anonymous_16)
FN:359,(anonymous_17)
FN:366,(anonymous_18)
FN:376,(anonymous_19)
FN:390,(anonymous_20)
FN:403,(anonymous_21)
FN:407,(anonymous_22)
FN:408,(anonymous_23)
FN:411,(anonymous_24)
FN:412,(anonymous_25)
FN:415,(anonymous_26)
FN:419,(anonymous_27)
FN:424,(anonymous_28)
FN:429,(anonymous_29)
FN:434,(anonymous_30)
FN:438,(anonymous_31)
FN:439,(anonymous_32)
FN:441,(anonymous_33)
FN:457,(anonymous_34)
FN:467,(anonymous_35)
FN:484,(anonymous_36)
FN:486,(anonymous_37)
FN:495,(anonymous_38)
FN:500,(anonymous_39)
FN:506,(anonymous_40)
FN:516,(anonymous_41)
FN:560,(anonymous_42)
FN:562,(anonymous_43)
FN:582,(anonymous_44)
FN:589,(anonymous_45)
FN:596,(anonymous_46)
FN:612,(anonymous_47)
FN:629,(anonymous_48)
FN:641,(anonymous_49)
FN:654,(anonymous_50)
FN:664,(anonymous_51)
FN:665,(anonymous_52)
FN:667,(anonymous_53)
FN:669,(anonymous_54)
FN:671,(anonymous_55)
FN:673,(anonymous_56)
FN:686,(anonymous_57)
FN:693,(anonymous_58)
FN:710,(anonymous_59)
FN:711,(anonymous_60)
FN:713,(anonymous_61)
FN:720,(anonymous_62)
FN:722,(anonymous_63)
FN:732,(anonymous_64)
FN:736,(anonymous_65)
FN:740,(anonymous_66)
FN:771,(anonymous_67)
FNF:68
FNH:4
FNDA:3,(anonymous_0)
FNDA:2,(anonymous_1)
FNDA:0,(anonymous_2)
FNDA:0,(anonymous_3)
FNDA:0,(anonymous_4)
FNDA:0,(anonymous_5)
FNDA:0,(anonymous_6)
FNDA:0,(anonymous_7)
FNDA:0,(anonymous_8)
FNDA:0,(anonymous_9)
FNDA:0,(anonymous_10)
FNDA:0,(anonymous_11)
FNDA:0,(anonymous_12)
FNDA:0,(anonymous_13)
FNDA:0,(anonymous_14)
FNDA:0,(anonymous_15)
FNDA:0,(anonymous_16)
FNDA:0,(anonymous_17)
FNDA:0,(anonymous_18)
FNDA:0,(anonymous_19)
FNDA:0,(anonymous_20)
FNDA:0,(anonymous_21)
FNDA:0,(anonymous_22)
FNDA:0,(anonymous_23)
FNDA:0,(anonymous_24)
FNDA:0,(anonymous_25)
FNDA:0,(anonymous_26)
FNDA:0,(anonymous_27)
FNDA:0,(anonymous_28)
FNDA:0,(anonymous_29)
FNDA:0,(anonymous_30)
FNDA:0,(anonymous_31)
FNDA:0,(anonymous_32)
FNDA:0,(anonymous_33)
FNDA:0,(anonymous_34)
FNDA:0,(anonymous_35)
FNDA:0,(anonymous_36)
FNDA:0,(anonymous_37)
FNDA:0,(anonymous_38)
FNDA:0,(anonymous_39)
FNDA:0,(anonymous_40)
FNDA:0,(anonymous_41)
FNDA:0,(anonymous_42)
FNDA:0,(anonymous_43)
FNDA:0,(anonymous_44)
FNDA:0,(anonymous_45)
FNDA:0,(anonymous_46)
FNDA:0,(anonymous_47)
FNDA:0,(anonymous_48)
FNDA:0,(anonymous_49)
FNDA:0,(anonymous_50)
FNDA:0,(anonymous_51)
FNDA:0,(anonymous_52)
FNDA:0,(anonymous_53)
FNDA:0,(anonymous_54)
FNDA:0,(anonymous_55)
FNDA:0,(anonymous_56)
FNDA:0,(anonymous_57)
FNDA:0,(anonymous_58)
FNDA:0,(anonymous_59)
FNDA:0,(anonymous_60)
FNDA:0,(anonymous_61)
FNDA:0,(anonymous_62)
FNDA:0,(anonymous_63)
FNDA:0,(anonymous_64)
FNDA:2,(anonymous_65)
FNDA:2,(anonymous_66)
FNDA:0,(anonymous_67)
DA:36,3
DA:37,3
DA:69,3
DA:73,3
DA:102,3
DA:103,3
DA:104,3
DA:105,3
DA:106,3
DA:165,3
DA:167,3
DA:168,3
DA:170,3
DA:171,3
DA:173,3
DA:181,3
DA:182,3
DA:185,3
DA:186,3
DA:189,2
DA:217,2
DA:218,2
DA:221,2
DA:222,2
DA:228,2
DA:229,2
DA:230,2
DA:231,2
DA:232,2
DA:233,2
DA:234,2
DA:235,2
DA:238,2
DA:239,0
DA:240,0
DA:241,0
DA:242,0
DA:243,0
DA:246,2
DA:247,0
DA:248,0
DA:249,0
DA:255,0
DA:256,0
DA:259,2
DA:260,0
DA:261,0
DA:262,0
DA:263,0
DA:264,0
DA:265,0
DA:266,0
DA:273,0
DA:274,0
DA:275,0
DA:277,0
DA:278,0
DA:279,0
DA:285,0
DA:289,0
DA:291,0
DA:292,0
DA:293,0
DA:297,0
DA:300,2
DA:302,2
DA:303,0
DA:304,0
DA:306,0
DA:307,0
DA:310,2
DA:311,0
DA:312,0
DA:313,0
DA:314,0
DA:315,0
DA:318,2
DA:320,0
DA:321,0
DA:322,0
DA:324,0
DA:325,0
DA:326,0
DA:327,0
DA:330,0
DA:331,0
DA:332,0
DA:333,0
DA:334,0
DA:335,0
DA:336,0
DA:339,0
DA:340,0
DA:341,0
DA:342,0
DA:343,0
DA:345,0
DA:353,0
DA:356,0
DA:359,2
DA:361,0
DA:362,0
DA:364,0
DA:365,0
DA:366,0
DA:367,0
DA:368,0
DA:369,0
DA:373,0
DA:376,2
DA:377,0
DA:378,0
DA:379,0
DA:380,0
DA:381,0
DA:382,0
DA:390,2
DA:391,0
DA:392,0
DA:393,0
DA:394,0
DA:395,0
DA:396,0
DA:403,2
DA:404,0
DA:407,2
DA:408,0
DA:411,2
DA:412,0
DA:415,2
DA:419,2
DA:420,0
DA:421,0
DA:424,2
DA:425,0
DA:426,0
DA:429,2
DA:430,0
DA:431,0
DA:434,2
DA:435,0
DA:438,2
DA:439,0
DA:440,0
DA:441,0
DA:442,0
DA:443,0
DA:445,0
DA:446,0
DA:447,0
DA:457,2
DA:458,0
DA:459,0
DA:464,0
DA:467,2
DA:468,0
DA:469,0
DA:474,0
DA:479,0
DA:480,0
DA:481,0
DA:484,2
DA:486,2
DA:487,0
DA:491,0
DA:492,0
DA:495,2
DA:496,0
DA:500,2
DA:501,0
DA:507,0
DA:509,0
DA:510,0
DA:511,0
DA:512,0
DA:513,0
DA:516,0
DA:517,0
DA:519,0
DA:520,0
DA:522,0
DA:523,0
DA:524,0
DA:525,0
DA:526,0
DA:527,0
DA:528,0
DA:529,0
DA:530,0
DA:531,0
DA:532,0
DA:533,0
DA:534,0
DA:535,0
DA:537,0
DA:538,0
DA:543,0
DA:544,0
DA:545,0
DA:546,0
DA:547,0
DA:548,0
DA:549,0
DA:550,0
DA:551,0
DA:555,0
DA:557,0
DA:561,0
DA:563,0
DA:566,0
DA:567,0
DA:574,0
DA:575,0
DA:576,0
DA:579,0
DA:583,0
DA:584,0
DA:585,0
DA:586,0
DA:590,0
DA:591,0
DA:592,0
DA:593,0
DA:597,0
DA:598,0
DA:599,0
DA:600,0
DA:604,0
DA:605,0
DA:609,0
DA:610,0
DA:611,0
DA:613,0
DA:614,0
DA:616,0
DA:617,0
DA:618,0
DA:619,0
DA:620,0
DA:627,0
DA:629,0
DA:630,0
DA:637,0
DA:638,0
DA:642,0
DA:643,0
DA:644,0
DA:646,0
DA:647,0
DA:648,0
DA:650,0
DA:655,0
DA:656,0
DA:657,0
DA:659,0
DA:660,0
DA:664,2
DA:665,2
DA:667,2
DA:669,2
DA:672,0
DA:673,0
DA:674,0
DA:683,0
DA:686,2
DA:687,0
DA:688,0
DA:689,0
DA:690,0
DA:693,2
DA:694,0
DA:695,0
DA:696,0
DA:697,0
DA:698,0
DA:710,2
DA:711,0
DA:712,0
DA:713,0
DA:714,0
DA:715,0
DA:716,0
DA:717,0
DA:720,2
DA:721,0
DA:722,0
DA:723,0
DA:724,0
DA:725,0
DA:726,0
DA:727,0
DA:732,2
DA:733,0
DA:737,2
DA:741,2
DA:742,2
DA:745,2
DA:746,2
DA:771,2
DA:772,0
DA:774,2
LF:301
LH:73
BRDA:167,0,0,3
BRDA:167,0,1,0
BRDA:168,1,0,3
BRDA:168,1,1,0
BRDA:168,1,2,0
BRDA:240,2,0,0
BRDA:240,2,1,0
BRDA:248,3,0,0
BRDA:248,3,1,0
BRDA:261,4,0,0
BRDA:261,4,1,0
BRDA:275,5,0,0
BRDA:275,5,1,0
BRDA:275,5,2,0
BRDA:303,6,0,0
BRDA:303,6,1,0
BRDA:311,7,0,0
BRDA:311,7,1,0
BRDA:315,8,0,0
BRDA:315,8,1,0
BRDA:321,9,0,0
BRDA:321,9,1,0
BRDA:324,10,0,0
BRDA:324,10,1,0
BRDA:330,11,0,0
BRDA:330,11,1,0
BRDA:334,12,0,0
BRDA:334,12,1,0
BRDA:339,13,0,0
BRDA:339,13,1,0
BRDA:341,14,0,0
BRDA:341,14,1,0
BRDA:345,15,0,0
BRDA:345,15,1,0
BRDA:361,16,0,0
BRDA:361,16,1,0
BRDA:364,17,0,0
BRDA:364,17,1,0
BRDA:368,18,0,0
BRDA:368,18,1,0
BRDA:377,19,0,0
BRDA:377,19,1,0
BRDA:379,20,0,0
BRDA:379,20,1,0
BRDA:379,21,0,0
BRDA:379,21,1,0
BRDA:385,22,0,0
BRDA:385,22,1,0
BRDA:391,23,0,0
BRDA:391,23,1,0
BRDA:393,24,0,0
BRDA:393,24,1,0
BRDA:421,25,0,0
BRDA:421,25,1,0
BRDA:424,26,0,0
BRDA:435,27,0,0
BRDA:435,27,1,0
BRDA:442,28,0,0
BRDA:442,28,1,0
BRDA:507,29,0,0
BRDA:507,29,1,0
BRDA:509,30,0,0
BRDA:509,30,1,0
BRDA:512,31,0,0
BRDA:512,31,1,0
BRDA:516,32,0,0
BRDA:516,32,1,0
BRDA:517,33,0,0
BRDA:517,33,1,0
BRDA:519,34,0,0
BRDA:519,34,1,0
BRDA:519,35,0,0
BRDA:519,35,1,0
BRDA:519,35,2,0
BRDA:519,35,3,0
BRDA:519,35,4,0
BRDA:530,36,0,0
BRDA:530,36,1,0
BRDA:530,37,0,0
BRDA:530,37,1,0
BRDA:533,38,0,0
BRDA:533,38,1,0
BRDA:533,39,0,0
BRDA:533,39,1,0
BRDA:534,40,0,0
BRDA:534,40,1,0
BRDA:537,41,0,0
BRDA:537,41,1,0
BRDA:539,42,0,0
BRDA:539,42,1,0
BRDA:539,42,2,0
BRDA:541,43,0,0
BRDA:541,43,1,0
BRDA:543,44,0,0
BRDA:543,44,1,0
BRDA:544,45,0,0
BRDA:544,45,1,0
BRDA:546,46,0,0
BRDA:546,46,1,0
BRDA:548,47,0,0
BRDA:548,47,1,0
BRDA:548,48,0,0
BRDA:548,48,1,0
BRDA:549,49,0,0
BRDA:549,49,1,0
BRDA:550,50,0,0
BRDA:550,50,1,0
BRDA:550,51,0,0
BRDA:550,51,1,0
BRDA:551,52,0,0
BRDA:551,52,1,0
BRDA:555,53,0,0
BRDA:555,53,1,0
BRDA:555,54,0,0
BRDA:555,54,1,0
BRDA:555,54,2,0
BRDA:555,54,3,0
BRDA:555,54,4,0
BRDA:561,55,0,0
BRDA:561,55,1,0
BRDA:574,56,0,0
BRDA:574,56,1,0
BRDA:584,57,0,0
BRDA:584,57,1,0
BRDA:585,58,0,0
BRDA:585,58,1,0
BRDA:590,59,0,0
BRDA:590,59,1,0
BRDA:591,60,0,0
BRDA:591,60,1,0
BRDA:592,61,0,0
BRDA:592,61,1,0
BRDA:592,62,0,0
BRDA:592,62,1,0
BRDA:599,63,0,0
BRDA:599,63,1,0
BRDA:610,64,0,0
BRDA:610,64,1,0
BRDA:614,65,0,0
BRDA:614,65,1,0
BRDA:643,66,0,0
BRDA:643,66,1,0
BRDA:656,67,0,0
BRDA:656,67,1,0
BRDA:672,68,0,0
BRDA:672,68,1,0
BRDA:687,69,0,0
BRDA:687,69,1,0
BRDA:695,70,0,0
BRDA:695,70,1,0
BRDA:697,71,0,0
BRDA:697,71,1,0
BRDA:711,72,0,0
BRDA:711,72,1,0
BRDA:714,73,0,0
BRDA:714,73,1,0
BRDA:721,74,0,0
BRDA:721,74,1,0
BRDA:723,75,0,0
BRDA:723,75,1,0
BRDA:741,76,0,0
BRDA:741,76,1,2
BRDA:742,77,0,0
BRDA:742,77,1,2
BRDA:787,78,0,2
BRDA:787,78,1,0
BRDA:789,79,0,2
BRDA:789,79,1,0
BRF:168
BRH:6
end_of_record
TN:
SF:/Users/ilmari/code/covid-vis/src/Montaan/MainApp/index.tsx
FNF:0
FNH:0
LF:0
LH:0
BRF:0
BRH:0
end_of_record
TN:
SF:/Users/ilmari/code/covid-vis/src/Montaan/MainView/MainView.tsx
FN:33,(anonymous_0)
FN:41,(anonymous_1)
FN:46,(anonymous_2)
FN:60,(anonymous_3)
FNF:4
FNH:2
FNDA:2,(anonymous_0)
FNDA:0,(anonymous_1)
FNDA:0,(anonymous_2)
FNDA:2,(anonymous_3)
DA:34,2
DA:35,2
DA:36,2
DA:37,2
DA:38,2
DA:42,0
DA:46,0
DA:48,0
DA:49,0
DA:50,0
DA:51,0
DA:52,0
DA:53,0
DA:54,0
DA:55,0
DA:56,0
DA:57,0
DA:61,2
LF:18
LH:6
BRDA:42,0,0,0
BRDA:42,0,1,0
BRDA:43,1,0,0
BRDA:43,1,1,0
BRDA:48,2,0,0
BRDA:48,2,1,0
BRDA:50,3,0,0
BRDA:50,3,1,0
BRDA:53,4,0,0
BRDA:53,4,1,0
BRDA:54,5,0,0
BRDA:54,5,1,0
BRDA:55,6,0,0
BRDA:55,6,1,0
BRF:14
BRH:0
end_of_record
TN:
SF:/Users/ilmari/code/covid-vis/src/Montaan/MainView/index.tsx
FNF:0
FNH:0
LF:0
LH:0
BRF:0
BRH:0
end_of_record
TN:
SF:/Users/ilmari/code/covid-vis/src/Montaan/MainView/main.tsx
FN:78,(anonymous_0)
FN:104,(anonymous_1)
FN:133,(anonymous_2)
FN:136,(anonymous_3)
FN:137,(anonymous_4)
FN:181,(anonymous_5)
FN:190,(anonymous_6)
FN:191,(anonymous_7)
FN:192,(anonymous_8)
FN:220,(anonymous_9)
FN:231,(anonymous_10)
FN:235,(anonymous_11)
FN:238,(anonymous_12)
FN:242,(anonymous_13)
FN:253,(anonymous_14)
FN:270,(anonymous_15)
FN:311,(anonymous_16)
FN:327,(anonymous_17)
FN:348,(anonymous_18)
FN:352,(anonymous_19)
FN:353,(anonymous_20)
FN:362,(anonymous_21)
FN:371,(anonymous_22)
FN:468,(anonymous_23)
FN:473,(anonymous_24)
FN:501,(anonymous_25)
FN:520,(anonymous_26)
FN:533,(anonymous_27)
FN:551,(anonymous_28)
FN:557,(anonymous_29)
FN:567,(anonymous_30)
FN:570,(anonymous_31)
FN:575,(anonymous_32)
FN:585,(anonymous_33)
FN:600,(anonymous_34)
FN:619,(anonymous_35)
FN:657,(anonymous_36)
FN:671,(anonymous_37)
FN:685,(anonymous_38)
FN:700,(anonymous_39)
FN:709,(anonymous_40)
FN:718,(anonymous_41)
FN:725,(anonymous_42)
FN:740,(anonymous_43)
FN:762,(anonymous_44)
FN:788,(anonymous_45)
FN:805,(anonymous_46)
FN:820,(anonymous_47)
FN:929,(anonymous_48)
FN:938,(anonymous_49)
FN:966,(anonymous_50)
FN:988,(anonymous_51)
FN:1012,(anonymous_52)
FN:1016,(anonymous_53)
FN:1025,(anonymous_54)
FN:1030,(anonymous_55)
FN:1044,(anonymous_56)
FN:1051,(anonymous_57)
FN:1072,(anonymous_58)
FN:1088,(anonymous_59)
FN:1107,(anonymous_60)
FN:1121,(anonymous_61)
FN:1179,(anonymous_62)
FN:1238,(anonymous_63)
FN:1263,(anonymous_64)
FNF:65
FNH:10
FNDA:0,(anonymous_0)
FNDA:3,(anonymous_1)
FNDA:0,(anonymous_2)
FNDA:0,(anonymous_3)
FNDA:0,(anonymous_4)
FNDA:3,(anonymous_5)
FNDA:6,(anonymous_6)
FNDA:3,(anonymous_7)
FNDA:3,(anonymous_8)
FNDA:2,(anonymous_9)
FNDA:0,(anonymous_10)
FNDA:0,(anonymous_11)
FNDA:0,(anonymous_12)
FNDA:0,(anonymous_13)
FNDA:0,(anonymous_14)
FNDA:3,(anonymous_15)
FNDA:0,(anonymous_16)
FNDA:0,(anonymous_17)
FNDA:0,(anonymous_18)
FNDA:0,(anonymous_19)
FNDA:0,(anonymous_20)
FNDA:0,(anonymous_21)
FNDA:0,(anonymous_22)
FNDA:0,(anonymous_23)
FNDA:0,(anonymous_24)
FNDA:0,(anonymous_25)
FNDA:0,(anonymous_26)
FNDA:0,(anonymous_27)
FNDA:0,(anonymous_28)
FNDA:0,(anonymous_29)
FNDA:0,(anonymous_30)
FNDA:0,(anonymous_31)
FNDA:0,(anonymous_32)
FNDA:0,(anonymous_33)
FNDA:0,(anonymous_34)
FNDA:0,(anonymous_35)
FNDA:0,(anonymous_36)
FNDA:0,(anonymous_37)
FNDA:0,(anonymous_38)
FNDA:0,(anonymous_39)
FNDA:0,(anonymous_40)
FNDA:0,(anonymous_41)
FNDA:3,(anonymous_42)
FNDA:0,(anonymous_43)
FNDA:0,(anonymous_44)
FNDA:0,(anonymous_45)
FNDA:0,(anonymous_46)
FNDA:0,(anonymous_47)
FNDA:0,(anonymous_48)
FNDA:0,(anonymous_49)
FNDA:0,(anonymous_50)
FNDA:0,(anonymous_51)
FNDA:0,(anonymous_52)
FNDA:0,(anonymous_53)
FNDA:0,(anonymous_54)
FNDA:0,(anonymous_55)
FNDA:0,(anonymous_56)
FNDA:0,(anonymous_57)
FNDA:0,(anonymous_58)
FNDA:0,(anonymous_59)
FNDA:0,(anonymous_60)
FNDA:0,(anonymous_61)
FNDA:0,(anonymous_62)
FNDA:3,(anonymous_63)
FNDA:6,(anonymous_64)
DA:78,3
DA:79,0
DA:80,0
DA:81,0
DA:86,6
DA:87,6
DA:91,9
DA:108,3
DA:109,3
DA:114,3
DA:115,3
DA:116,3
DA:117,3
DA:118,3
DA:119,3
DA:120,3
DA:121,3
DA:122,3
DA:123,3
DA:124,3
DA:125,3
DA:126,3
DA:128,3
DA:129,3
DA:130,3
DA:133,3
DA:136,3
DA:137,3
DA:139,3
DA:141,3
DA:142,3
DA:144,3
DA:145,3
DA:146,3
DA:147,3
DA:151,3
DA:153,3
DA:154,3
DA:156,3
DA:165,3
DA:166,3
DA:167,3
DA:168,3
DA:169,3
DA:174,3
DA:176,3
DA:177,3
DA:178,3
DA:179,3
DA:182,3
DA:183,3
DA:184,0
DA:186,0
DA:188,3
DA:195,3
DA:196,3
DA:197,3
DA:198,3
DA:199,3
DA:200,3
DA:201,0
DA:202,0
DA:205,3
DA:206,3
DA:207,3
DA:208,3
DA:209,3
DA:210,3
DA:215,3
DA:216,3
DA:217,3
DA:221,2
DA:222,0
DA:225,0
DA:227,2
DA:228,2
DA:230,2
DA:231,0
DA:232,0
DA:233,0
DA:235,0
DA:236,0
DA:237,0
DA:238,0
DA:239,0
DA:240,0
DA:241,0
DA:242,0
DA:243,0
DA:244,0
DA:247,0
DA:248,0
DA:254,0
DA:255,0
DA:256,0
DA:258,0
DA:260,0
DA:262,0
DA:263,0
DA:265,0
DA:271,3
DA:272,3
DA:273,3
DA:274,3
DA:275,3
DA:277,3
DA:282,3
DA:284,3
DA:285,3
DA:286,3
DA:288,3
DA:290,3
DA:291,3
DA:293,3
DA:295,3
DA:299,3
DA:300,3
DA:301,3
DA:303,3
DA:305,3
DA:306,3
DA:312,0
DA:313,0
DA:314,0
DA:321,0
DA:322,0
DA:327,3
DA:328,0
DA:329,0
DA:330,0
DA:331,0
DA:332,0
DA:333,0
DA:334,0
DA:335,0
DA:336,0
DA:337,0
DA:338,0
DA:339,0
DA:340,0
DA:341,0
DA:342,0
DA:343,0
DA:345,0
DA:349,0
DA:350,0
DA:352,0
DA:353,0
DA:354,0
DA:355,0
DA:357,0
DA:363,0
DA:364,0
DA:365,0
DA:366,0
DA:368,0
DA:372,0
DA:373,0
DA:375,0
DA:376,0
DA:378,0
DA:380,0
DA:382,0
DA:383,0
DA:384,0
DA:385,0
DA:387,0
DA:388,0
DA:389,0
DA:390,0
DA:391,0
DA:393,0
DA:394,0
DA:395,0
DA:419,0
DA:420,0
DA:421,0
DA:422,0
DA:423,0
DA:424,0
DA:426,0
DA:427,0
DA:428,0
DA:433,0
DA:434,0
DA:438,0
DA:443,0
DA:444,0
DA:445,0
DA:446,0
DA:448,0
DA:449,0
DA:451,0
DA:452,0
DA:453,0
DA:455,0
DA:456,0
DA:457,0
DA:458,0
DA:459,0
DA:460,0
DA:461,0
DA:462,0
DA:464,0
DA:465,0
DA:466,0
DA:468,0
DA:469,0
DA:470,0
DA:471,0
DA:473,0
DA:474,0
DA:475,0
DA:476,0
DA:477,0
DA:479,0
DA:480,0
DA:481,0
DA:482,0
DA:483,0
DA:487,0
DA:488,0
DA:489,0
DA:490,0
DA:491,0
DA:492,0
DA:493,0
DA:494,0
DA:495,0
DA:497,0
DA:500,0
DA:501,0
DA:502,0
DA:503,0
DA:504,0
DA:505,0
DA:507,0
DA:508,0
DA:509,0
DA:510,0
DA:511,0
DA:516,0
DA:517,0
DA:518,0
DA:520,0
DA:521,0
DA:522,0
DA:523,0
DA:526,0
DA:527,0
DA:528,0
DA:529,0
DA:530,0
DA:540,0
DA:541,0
DA:542,0
DA:543,0
DA:544,0
DA:546,0
DA:547,0
DA:552,0
DA:553,0
DA:554,0
DA:561,0
DA:568,0
DA:569,0
DA:570,0
DA:571,0
DA:572,0
DA:576,0
DA:577,0
DA:578,0
DA:585,0
DA:586,0
DA:587,0
DA:588,0
DA:589,0
DA:590,0
DA:593,0
DA:595,0
DA:596,0
DA:599,3
DA:600,3
DA:601,0
DA:602,0
DA:603,0
DA:604,0
DA:609,0
DA:610,0
DA:611,0
DA:614,0
DA:619,3
DA:620,0
DA:621,0
DA:622,0
DA:623,0
DA:624,0
DA:625,0
DA:626,0
DA:627,0
DA:631,0
DA:634,0
DA:635,0
DA:636,0
DA:641,0
DA:643,0
DA:645,0
DA:646,0
DA:647,0
DA:648,0
DA:650,0
DA:653,0
DA:657,3
DA:658,0
DA:659,0
DA:660,0
DA:661,0
DA:666,0
DA:667,0
DA:668,0
DA:672,0
DA:673,0
DA:674,0
DA:675,0
DA:676,0
DA:677,0
DA:678,0
DA:680,0
DA:681,0
DA:682,0
DA:686,0
DA:687,0
DA:688,0
DA:689,0
DA:690,0
DA:691,0
DA:693,0
DA:694,0
DA:695,0
DA:701,0
DA:702,0
DA:703,0
DA:704,0
DA:705,0
DA:706,0
DA:708,0
DA:709,0
DA:710,0
DA:712,0
DA:713,0
DA:714,0
DA:715,0
DA:719,0
DA:720,0
DA:726,3
DA:728,3
DA:730,3
DA:732,3
DA:736,3
DA:738,3
DA:741,0
DA:742,0
DA:743,0
DA:744,0
DA:745,0
DA:746,0
DA:747,0
DA:748,0
DA:749,0
DA:750,0
DA:754,0
DA:760,3
DA:763,0
DA:764,0
DA:765,0
DA:766,0
DA:768,0
DA:769,0
DA:770,0
DA:771,0
DA:772,0
DA:773,0
DA:777,0
DA:778,0
DA:779,0
DA:780,0
DA:786,3
DA:789,0
DA:790,0
DA:791,0
DA:792,0
DA:794,0
DA:795,0
DA:797,0
DA:803,3
DA:806,0
DA:807,0
DA:808,0
DA:809,0
DA:811,0
DA:812,0
DA:814,0
DA:820,3
DA:821,0
DA:822,0
DA:823,0
DA:824,0
DA:825,0
DA:827,0
DA:828,0
DA:831,0
DA:832,0
DA:835,0
DA:836,0
DA:839,0
DA:840,0
DA:845,0
DA:848,0
DA:849,0
DA:850,0
DA:851,0
DA:854,0
DA:855,0
DA:858,0
DA:861,0
DA:862,0
DA:863,0
DA:864,0
DA:867,0
DA:868,0
DA:871,0
DA:873,0
DA:875,0
DA:877,0
DA:878,0
DA:880,0
DA:881,0
DA:883,0
DA:887,0
DA:888,0
DA:890,0
DA:891,0
DA:892,0
DA:893,0
DA:895,0
DA:896,0
DA:897,0
DA:898,0
DA:900,0
DA:902,0
DA:905,0
DA:907,0
DA:908,0
DA:912,0
DA:913,0
DA:917,0
DA:918,0
DA:919,0
DA:920,0
DA:921,0
DA:922,0
DA:923,0
DA:924,0
DA:925,0
DA:929,3
DA:930,0
DA:931,0
DA:932,0
DA:933,0
DA:934,0
DA:935,0
DA:938,3
DA:943,0
DA:944,0
DA:945,0
DA:946,0
DA:947,0
DA:948,0
DA:949,0
DA:950,0
DA:951,0
DA:953,0
DA:954,0
DA:955,0
DA:956,0
DA:957,0
DA:961,3
DA:963,3
DA:965,3
DA:966,3
DA:967,0
DA:969,0
DA:971,0
DA:972,0
DA:973,0
DA:974,0
DA:975,0
DA:977,0
DA:978,0
DA:980,0
DA:981,0
DA:983,0
DA:984,0
DA:985,0
DA:987,0
DA:988,0
DA:989,0
DA:993,0
DA:994,0
DA:995,0
DA:996,0
DA:997,0
DA:998,0
DA:999,0
DA:1000,0
DA:1001,0
DA:1003,0
DA:1004,0
DA:1005,0
DA:1006,0
DA:1007,0
DA:1011,3
DA:1012,3
DA:1013,0
DA:1014,0
DA:1016,3
DA:1017,0
DA:1018,0
DA:1019,0
DA:1020,0
DA:1021,0
DA:1022,0
DA:1023,0
DA:1025,3
DA:1026,0
DA:1029,3
DA:1030,3
DA:1031,0
DA:1032,0
DA:1033,0
DA:1034,0
DA:1036,0
DA:1037,0
DA:1038,0
DA:1045,0
DA:1046,0
DA:1047,0
DA:1048,0
DA:1052,0
DA:1053,0
DA:1054,0
DA:1055,0
DA:1057,0
DA:1066,0
DA:1067,0
DA:1069,0
DA:1073,0
DA:1074,0
DA:1075,0
DA:1076,0
DA:1077,0
DA:1078,0
DA:1079,0
DA:1080,0
DA:1081,0
DA:1082,0
DA:1083,0
DA:1084,0
DA:1085,0
DA:1089,0
DA:1090,0
DA:1091,0
DA:1092,0
DA:1094,0
DA:1101,0
DA:1102,0
DA:1103,0
DA:1108,0
DA:1118,3
DA:1119,3
DA:1122,0
DA:1124,0
DA:1125,0
DA:1126,0
DA:1127,0
DA:1128,0
DA:1136,0
DA:1138,0
DA:1139,0
DA:1140,0
DA:1141,0
DA:1142,0
DA:1144,0
DA:1145,0
DA:1146,0
DA:1147,0
DA:1148,0
DA:1149,0
DA:1150,0
DA:1151,0
DA:1152,0
DA:1153,0
DA:1154,0
DA:1155,0
DA:1156,0
DA:1157,0
DA:1158,0
DA:1160,0
DA:1161,0
DA:1162,0
DA:1163,0
DA:1164,0
DA:1165,0
DA:1166,0
DA:1167,0
DA:1168,0
DA:1179,3
DA:1180,0
DA:1181,0
DA:1182,0
DA:1184,0
DA:1185,0
DA:1186,0
DA:1187,0
DA:1188,0
DA:1189,0
DA:1190,0
DA:1191,0
DA:1194,0
DA:1195,0
DA:1196,0
DA:1198,0
DA:1204,0
DA:1205,0
DA:1207,0
DA:1209,0
DA:1211,0
DA:1212,0
DA:1214,0
DA:1215,0
DA:1217,0
DA:1218,0
DA:1220,0
DA:1221,0
DA:1222,0
DA:1224,0
DA:1225,0
DA:1227,0
DA:1230,0
DA:1231,0
DA:1232,0
DA:1233,0
DA:1234,0
DA:1235,0
DA:1239,3
DA:1240,3
DA:1241,3
DA:1242,0
DA:1243,0
DA:1246,3
DA:1247,3
DA:1248,3
DA:1253,0
DA:1258,3
DA:1259,3
DA:1260,3
DA:1263,3
DA:1264,6
DA:1265,6
DA:1266,0
DA:1267,0
LF:671
LH:131
BRDA:79,0,0,0
BRDA:79,0,1,0
BRDA:105,1,0,3
BRDA:183,2,0,0
BRDA:183,2,1,0
BRDA:183,3,0,3
BRDA:183,3,1,0
BRDA:200,4,0,0
BRDA:200,4,1,3
BRDA:201,5,0,0
BRDA:201,5,1,0
BRDA:201,6,0,0
BRDA:201,6,1,0
BRDA:221,7,0,0
BRDA:221,7,1,2
BRDA:230,8,0,0
BRDA:230,8,1,2
BRDA:233,9,0,0
BRDA:233,9,1,0
BRDA:233,10,0,0
BRDA:233,10,1,0
BRDA:236,11,0,0
BRDA:236,11,1,0
BRDA:239,12,0,0
BRDA:239,12,1,0
BRDA:243,13,0,0
BRDA:243,13,1,0
BRDA:248,14,0,0
BRDA:248,14,1,0
BRDA:248,15,0,0
BRDA:248,15,1,0
BRDA:260,16,0,0
BRDA:260,16,1,0
BRDA:273,17,0,3
BRDA:273,17,1,0
BRDA:312,18,0,0
BRDA:312,18,1,0
BRDA:332,19,0,0
BRDA:332,19,1,0
BRDA:343,20,0,0
BRDA:343,20,1,0
BRDA:349,21,0,0
BRDA:349,21,1,0
BRDA:354,22,0,0
BRDA:354,22,1,0
BRDA:371,23,0,0
BRDA:372,24,0,0
BRDA:372,24,1,0
BRDA:372,25,0,0
BRDA:372,25,1,0
BRDA:372,25,2,0
BRDA:382,26,0,0
BRDA:382,26,1,0
BRDA:384,27,0,0
BRDA:384,27,1,0
BRDA:389,28,0,0
BRDA:389,28,1,0
BRDA:391,29,0,0
BRDA:391,29,1,0
BRDA:393,30,0,0
BRDA:393,30,1,0
BRDA:395,31,0,0
BRDA:395,31,1,0
BRDA:423,32,0,0
BRDA:423,32,1,0
BRDA:427,33,0,0
BRDA:427,33,1,0
BRDA:465,34,0,0
BRDA:465,34,1,0
BRDA:465,35,0,0
BRDA:465,35,1,0
BRDA:480,36,0,0
BRDA:480,36,1,0
BRDA:482,37,0,0
BRDA:482,37,1,0
BRDA:487,38,0,0
BRDA:487,38,1,0
BRDA:493,39,0,0
BRDA:493,39,1,0
BRDA:508,40,0,0
BRDA:508,40,1,0
BRDA:510,41,0,0
BRDA:510,41,1,0
BRDA:541,42,0,0
BRDA:541,42,1,0
BRDA:541,43,0,0
BRDA:541,43,1,0
BRDA:552,44,0,0
BRDA:552,44,1,0
BRDA:552,45,0,0
BRDA:552,45,1,0
BRDA:568,46,0,0
BRDA:568,46,1,0
BRDA:568,47,0,0
BRDA:568,47,1,0
BRDA:576,48,0,0
BRDA:576,48,1,0
BRDA:576,49,0,0
BRDA:576,49,1,0
BRDA:577,50,0,0
BRDA:577,50,1,0
BRDA:586,51,0,0
BRDA:586,51,1,0
BRDA:588,52,0,0
BRDA:588,52,1,0
BRDA:589,53,0,0
BRDA:589,53,1,0
BRDA:610,54,0,0
BRDA:610,54,1,0
BRDA:620,55,0,0
BRDA:620,55,1,0
BRDA:621,56,0,0
BRDA:621,56,1,0
BRDA:623,57,0,0
BRDA:623,57,1,0
BRDA:623,58,0,0
BRDA:623,58,1,0
BRDA:624,59,0,0
BRDA:624,59,1,0
BRDA:627,60,0,0
BRDA:627,60,1,0
BRDA:628,61,0,0
BRDA:628,61,1,0
BRDA:636,62,0,0
BRDA:636,62,1,0
BRDA:637,63,0,0
BRDA:637,63,1,0
BRDA:637,63,2,0
BRDA:645,64,0,0
BRDA:645,64,1,0
BRDA:646,65,0,0
BRDA:646,65,1,0
BRDA:657,66,0,0
BRDA:658,67,0,0
BRDA:658,67,1,0
BRDA:662,68,0,0
BRDA:662,68,1,0
BRDA:663,69,0,0
BRDA:663,69,1,0
BRDA:664,70,0,0
BRDA:664,70,1,0
BRDA:671,71,0,0
BRDA:675,72,0,0
BRDA:675,72,1,0
BRDA:676,73,0,0
BRDA:676,73,1,0
BRDA:685,74,0,0
BRDA:688,75,0,0
BRDA:688,75,1,0
BRDA:689,76,0,0
BRDA:689,76,1,0
BRDA:700,77,0,0
BRDA:702,78,0,0
BRDA:702,78,1,0
BRDA:704,79,0,0
BRDA:704,79,1,0
BRDA:708,80,0,0
BRDA:708,80,1,0
BRDA:708,81,0,0
BRDA:708,81,1,0
BRDA:713,82,0,0
BRDA:713,82,1,0
BRDA:714,83,0,0
BRDA:714,83,1,0
BRDA:718,84,0,0
BRDA:719,85,0,0
BRDA:719,85,1,0
BRDA:741,86,0,0
BRDA:741,86,1,0
BRDA:743,87,0,0
BRDA:743,87,1,0
BRDA:745,88,0,0
BRDA:745,88,1,0
BRDA:764,89,0,0
BRDA:764,89,1,0
BRDA:765,90,0,0
BRDA:765,90,1,0
BRDA:768,91,0,0
BRDA:768,91,1,0
BRDA:790,92,0,0
BRDA:790,92,1,0
BRDA:791,93,0,0
BRDA:791,93,1,0
BRDA:797,94,0,0
BRDA:797,94,1,0
BRDA:807,95,0,0
BRDA:807,95,1,0
BRDA:808,96,0,0
BRDA:808,96,1,0
BRDA:814,97,0,0
BRDA:814,97,1,0
BRDA:821,98,0,0
BRDA:821,98,1,0
BRDA:821,99,0,0
BRDA:821,99,1,0
BRDA:825,100,0,0
BRDA:825,100,1,0
BRDA:825,100,2,0
BRDA:825,100,3,0
BRDA:825,100,4,0
BRDA:845,101,0,0
BRDA:845,101,1,0
BRDA:845,101,2,0
BRDA:845,101,3,0
BRDA:845,101,4,0
BRDA:845,101,5,0
BRDA:845,101,6,0
BRDA:845,101,7,0
BRDA:845,101,8,0
BRDA:848,102,0,0
BRDA:848,102,1,0
BRDA:849,103,0,0
BRDA:849,103,1,0
BRDA:850,104,0,0
BRDA:850,104,1,0
BRDA:850,105,0,0
BRDA:850,105,1,0
BRDA:850,105,2,0
BRDA:855,106,0,0
BRDA:855,106,1,0
BRDA:861,107,0,0
BRDA:861,107,1,0
BRDA:862,108,0,0
BRDA:862,108,1,0
BRDA:863,109,0,0
BRDA:863,109,1,0
BRDA:863,110,0,0
BRDA:863,110,1,0
BRDA:863,110,2,0
BRDA:868,111,0,0
BRDA:868,111,1,0
BRDA:887,112,0,0
BRDA:887,112,1,0
BRDA:891,113,0,0
BRDA:891,113,1,0
BRDA:892,114,0,0
BRDA:892,114,1,0
BRDA:895,115,0,0
BRDA:895,115,1,0
BRDA:896,116,0,0
BRDA:896,116,1,0
BRDA:907,117,0,0
BRDA:907,117,1,0
BRDA:910,118,0,0
BRDA:910,118,1,0
BRDA:912,119,0,0
BRDA:912,119,1,0
BRDA:912,120,0,0
BRDA:912,120,1,0
BRDA:930,121,0,0
BRDA:930,121,1,0
BRDA:931,122,0,0
BRDA:931,122,1,0
BRDA:943,123,0,0
BRDA:943,123,1,0
BRDA:945,124,0,0
BRDA:945,124,1,0
BRDA:950,125,0,0
BRDA:950,125,1,0
BRDA:950,126,0,0
BRDA:950,126,1,0
BRDA:969,127,0,0
BRDA:969,127,1,0
BRDA:973,128,0,0
BRDA:973,128,1,0
BRDA:974,129,0,0
BRDA:974,129,1,0
BRDA:977,130,0,0
BRDA:977,130,1,0
BRDA:977,131,0,0
BRDA:977,131,1,0
BRDA:980,132,0,0
BRDA:980,132,1,0
BRDA:980,133,0,0
BRDA:980,133,1,0
BRDA:980,133,2,0
BRDA:980,133,3,0
BRDA:999,134,0,0
BRDA:999,134,1,0
BRDA:1003,135,0,0
BRDA:1003,135,1,0
BRDA:1003,135,2,0
BRDA:1004,136,0,0
BRDA:1004,136,1,0
BRDA:1004,137,0,0
BRDA:1004,137,1,0
BRDA:1005,138,0,0
BRDA:1005,138,1,0
BRDA:1005,139,0,0
BRDA:1005,139,1,0
BRDA:1031,140,0,0
BRDA:1031,140,1,0
BRDA:1031,141,0,0
BRDA:1031,141,1,0
BRDA:1032,142,0,0
BRDA:1032,142,1,0
BRDA:1036,143,0,0
BRDA:1036,143,1,0
BRDA:1045,144,0,0
BRDA:1045,144,1,0
BRDA:1046,145,0,0
BRDA:1046,145,1,0
BRDA:1046,146,0,0
BRDA:1046,146,1,0
BRDA:1047,147,0,0
BRDA:1047,147,1,0
BRDA:1051,148,0,0
BRDA:1052,149,0,0
BRDA:1052,149,1,0
BRDA:1052,150,0,0
BRDA:1052,150,1,0
BRDA:1054,151,0,0
BRDA:1054,151,1,0
BRDA:1066,152,0,0
BRDA:1066,152,1,0
BRDA:1090,153,0,0
BRDA:1090,153,1,0
BRDA:1091,154,0,0
BRDA:1091,154,1,0
BRDA:1094,155,0,0
BRDA:1094,155,1,0
BRDA:1101,156,0,0
BRDA:1101,156,1,0
BRDA:1124,157,0,0
BRDA:1124,157,1,0
BRDA:1127,158,0,0
BRDA:1127,158,1,0
BRDA:1149,159,0,0
BRDA:1149,159,1,0
BRDA:1150,160,0,0
BRDA:1150,160,1,0
BRDA:1166,161,0,0
BRDA:1166,161,1,0
BRDA:1180,162,0,0
BRDA:1180,162,1,0
BRDA:1180,163,0,0
BRDA:1180,163,1,0
BRDA:1181,164,0,0
BRDA:1181,164,1,0
BRDA:1186,165,0,0
BRDA:1186,165,1,0
BRDA:1190,166,0,0
BRDA:1190,166,1,0
BRDA:1190,167,0,0
BRDA:1190,167,1,0
BRDA:1198,168,0,0
BRDA:1198,168,1,0
BRDA:1199,169,0,0
BRDA:1199,169,1,0
BRDA:1199,169,2,0
BRDA:1199,169,3,0
BRDA:1211,170,0,0
BRDA:1211,170,1,0
BRDA:1214,171,0,0
BRDA:1214,171,1,0
BRDA:1217,172,0,0
BRDA:1217,172,1,0
BRDA:1221,173,0,0
BRDA:1221,173,1,0
BRDA:1230,174,0,0
BRDA:1230,174,1,0
BRDA:1232,175,0,0
BRDA:1232,175,1,0
BRDA:1232,176,0,0
BRDA:1232,176,1,0
BRDA:1234,177,0,0
BRDA:1234,177,1,0
BRDA:1234,178,0,0
BRDA:1234,178,1,0
BRDA:1234,178,2,0
BRDA:1241,179,0,0
BRDA:1241,179,1,3
BRDA:1242,180,0,0
BRDA:1242,180,1,0
BRDA:1242,181,0,0
BRDA:1242,181,1,0
BRDA:1247,182,0,3
BRDA:1247,182,1,0
BRDA:1265,183,0,0
BRDA:1265,183,1,6
BRF:380
BRH:9
end_of_record
TN:
SF:/Users/ilmari/code/covid-vis/src/Montaan/ModelBuilder/ModelBuilder.ts
FN:42,(anonymous_0)
FN:169,(anonymous_1)
FN:182,(anonymous_2)
FN:204,(anonymous_3)
FN:241,(anonymous_4)
FN:266,(anonymous_5)
FN:278,(anonymous_6)
FN:386,(anonymous_7)
FN:389,(anonymous_8)
FN:410,(anonymous_9)
FN:453,(anonymous_10)
FN:625,(anonymous_11)
FN:643,(anonymous_12)
FNF:13
FNH:0
FNDA:0,(anonymous_0)
FNDA:0,(anonymous_1)
FNDA:0,(anonymous_2)
FNDA:0,(anonymous_3)
FNDA:0,(anonymous_4)
FNDA:0,(anonymous_5)
FNDA:0,(anonymous_6)
FNDA:0,(anonymous_7)
FNDA:0,(anonymous_8)
FNDA:0,(anonymous_9)
FNDA:0,(anonymous_10)
FNDA:0,(anonymous_11)
FNDA:0,(anonymous_12)
DA:37,3
DA:38,3
DA:39,3
DA:40,3
DA:69,0
DA:71,0
DA:72,0
DA:80,0
DA:82,0
DA:84,0
DA:85,0
DA:86,0
DA:87,0
DA:88,0
DA:89,0
DA:90,0
DA:91,0
DA:92,0
DA:94,0
DA:95,0
DA:96,0
DA:97,0
DA:99,0
DA:100,0
DA:101,0
DA:102,0
DA:104,0
DA:106,0
DA:108,0
DA:109,0
DA:111,0
DA:112,0
DA:113,0
DA:115,0
DA:116,0
DA:117,0
DA:130,0
DA:132,0
DA:133,0
DA:135,0
DA:137,0
DA:138,0
DA:140,0
DA:141,0
DA:143,0
DA:145,0
DA:170,0
DA:171,0
DA:172,0
DA:173,0
DA:175,0
DA:176,0
DA:177,0
DA:179,0
DA:183,0
DA:184,0
DA:185,0
DA:186,0
DA:187,0
DA:188,0
DA:189,0
DA:190,0
DA:191,0
DA:192,0
DA:193,0
DA:194,0
DA:195,0
DA:196,0
DA:197,0
DA:198,0
DA:199,0
DA:210,0
DA:211,0
DA:212,0
DA:213,0
DA:214,0
DA:215,0
DA:217,0
DA:218,0
DA:222,0
DA:223,0
DA:224,0
DA:225,0
DA:226,0
DA:227,0
DA:228,0
DA:229,0
DA:230,0
DA:233,0
DA:234,0
DA:235,0
DA:236,0
DA:237,0
DA:238,0
DA:248,0
DA:249,0
DA:251,0
DA:252,0
DA:253,0
DA:254,0
DA:255,0
DA:260,0
DA:262,0
DA:263,0
DA:270,0
DA:271,0
DA:272,0
DA:273,0
DA:275,0
DA:296,0
DA:300,0
DA:301,0
DA:302,0
DA:304,0
DA:311,0
DA:312,0
DA:313,0
DA:314,0
DA:315,0
DA:316,0
DA:317,0
DA:318,0
DA:319,0
DA:320,0
DA:321,0
DA:322,0
DA:323,0
DA:337,0
DA:338,0
DA:340,0
DA:341,0
DA:342,0
DA:343,0
DA:344,0
DA:345,0
DA:346,0
DA:349,0
DA:356,0
DA:359,0
DA:361,0
DA:363,0
DA:364,0
DA:366,0
DA:368,0
DA:373,0
DA:374,0
DA:375,0
DA:376,0
DA:377,0
DA:378,0
DA:384,0
DA:385,0
DA:387,0
DA:390,0
DA:394,0
DA:396,0
DA:423,0
DA:424,0
DA:427,0
DA:428,0
DA:429,0
DA:431,0
DA:434,0
DA:439,0
DA:440,0
DA:441,0
DA:444,0
DA:445,0
DA:446,0
DA:447,0
DA:449,0
DA:450,0
DA:452,0
DA:453,0
DA:455,0
DA:458,0
DA:460,0
DA:461,0
DA:462,0
DA:463,0
DA:464,0
DA:465,0
DA:466,0
DA:467,0
DA:468,0
DA:469,0
DA:470,0
DA:471,0
DA:472,0
DA:473,0
DA:476,0
DA:477,0
DA:478,0
DA:479,0
DA:480,0
DA:486,0
DA:487,0
DA:488,0
DA:489,0
DA:490,0
DA:493,0
DA:494,0
DA:495,0
DA:496,0
DA:497,0
DA:504,0
DA:505,0
DA:506,0
DA:507,0
DA:508,0
DA:516,0
DA:518,0
DA:519,0
DA:520,0
DA:521,0
DA:522,0
DA:523,0
DA:524,0
DA:525,0
DA:526,0
DA:527,0
DA:528,0
DA:529,0
DA:531,0
DA:532,0
DA:533,0
DA:534,0
DA:536,0
DA:537,0
DA:538,0
DA:539,0
DA:540,0
DA:541,0
DA:542,0
DA:543,0
DA:544,0
DA:545,0
DA:546,0
DA:547,0
DA:556,0
DA:557,0
DA:566,0
DA:567,0
DA:569,0
DA:570,0
DA:571,0
DA:572,0
DA:573,0
DA:574,0
DA:575,0
DA:577,0
DA:578,0
DA:579,0
DA:580,0
DA:581,0
DA:582,0
DA:583,0
DA:585,0
DA:586,0
DA:587,0
DA:588,0
DA:589,0
DA:590,0
DA:591,0
DA:592,0
DA:594,0
DA:595,0
DA:596,0
DA:597,0
DA:598,0
DA:599,0
DA:600,0
DA:601,0
DA:602,0
DA:611,0
DA:612,0
DA:619,0
DA:622,0
DA:629,0
DA:630,0
DA:633,0
DA:634,0
DA:635,0
DA:636,0
DA:637,0
DA:638,0
DA:639,0
DA:649,0
DA:650,0
DA:655,0
DA:656,0
DA:659,0
DA:660,0
DA:662,0
DA:663,0
DA:664,0
DA:665,0
DA:666,0
DA:667,0
DA:670,0
DA:673,0
DA:674,0
DA:676,0
DA:680,3
LF:304
LH:5
BRDA:73,0,0,0
BRDA:73,0,1,0
BRDA:82,1,0,0
BRDA:82,1,1,0
BRDA:175,2,0,0
BRDA:175,2,1,0
BRDA:190,3,0,0
BRDA:190,3,1,0
BRDA:191,4,0,0
BRDA:191,4,1,0
BRDA:195,5,0,0
BRDA:195,5,1,0
BRDA:225,6,0,0
BRDA:225,6,1,0
BRDA:226,7,0,0
BRDA:226,7,1,0
BRDA:227,8,0,0
BRDA:227,8,1,0
BRDA:228,9,0,0
BRDA:228,9,1,0
BRDA:229,10,0,0
BRDA:229,10,1,0
BRDA:230,11,0,0
BRDA:230,11,1,0
BRDA:270,12,0,0
BRDA:270,12,1,0
BRDA:272,13,0,0
BRDA:272,13,1,0
BRDA:273,14,0,0
BRDA:273,14,1,0
BRDA:320,15,0,0
BRDA:320,15,1,0
BRDA:320,16,0,0
BRDA:320,16,1,0
BRDA:322,17,0,0
BRDA:322,17,1,0
BRDA:322,18,0,0
BRDA:322,18,1,0
BRDA:322,18,2,0
BRDA:343,19,0,0
BRDA:343,19,1,0
BRDA:343,20,0,0
BRDA:343,20,1,0
BRDA:345,21,0,0
BRDA:345,21,1,0
BRDA:345,22,0,0
BRDA:345,22,1,0
BRDA:356,23,0,0
BRDA:356,23,1,0
BRDA:356,24,0,0
BRDA:356,24,1,0
BRDA:356,24,2,0
BRDA:359,25,0,0
BRDA:359,25,1,0
BRDA:363,26,0,0
BRDA:363,26,1,0
BRDA:363,27,0,0
BRDA:363,27,1,0
BRDA:363,27,2,0
BRDA:366,28,0,0
BRDA:366,28,1,0
BRDA:373,29,0,0
BRDA:373,29,1,0
BRDA:374,30,0,0
BRDA:374,30,1,0
BRDA:377,31,0,0
BRDA:377,31,1,0
BRDA:427,32,0,0
BRDA:427,32,1,0
BRDA:429,33,0,0
BRDA:429,33,1,0
BRDA:439,34,0,0
BRDA:439,34,1,0
BRDA:444,35,0,0
BRDA:444,35,1,0
BRDA:445,36,0,0
BRDA:445,36,1,0
BRDA:446,37,0,0
BRDA:446,37,1,0
BRDA:447,38,0,0
BRDA:447,38,1,0
BRDA:453,39,0,0
BRDA:453,39,1,0
BRDA:456,40,0,0
BRDA:456,40,1,0
BRDA:463,41,0,0
BRDA:463,41,1,0
BRDA:467,42,0,0
BRDA:467,42,1,0
BRDA:468,43,0,0
BRDA:468,43,1,0
BRDA:469,44,0,0
BRDA:469,44,1,0
BRDA:486,45,0,0
BRDA:486,45,1,0
BRDA:487,46,0,0
BRDA:487,46,1,0
BRDA:525,47,0,0
BRDA:525,47,1,0
BRDA:537,48,0,0
BRDA:537,48,1,0
BRDA:537,49,0,0
BRDA:537,49,1,0
BRDA:537,49,2,0
BRDA:543,50,0,0
BRDA:543,50,1,0
BRDA:556,51,0,0
BRDA:556,51,1,0
BRDA:574,52,0,0
BRDA:574,52,1,0
BRDA:585,53,0,0
BRDA:585,53,1,0
BRDA:592,54,0,0
BRDA:592,54,1,0
BRDA:592,55,0,0
BRDA:592,55,1,0
BRDA:592,55,2,0
BRDA:611,56,0,0
BRDA:611,56,1,0
BRDA:629,57,0,0
BRDA:629,57,1,0
BRDA:647,58,0,0
BRDA:649,59,0,0
BRDA:649,59,1,0
BRDA:659,60,0,0
BRDA:659,60,1,0
BRDA:660,61,0,0
BRDA:660,61,1,0
BRDA:662,62,0,0
BRDA:662,62,1,0
BRF:130
BRH:0
end_of_record
TN:
SF:/Users/ilmari/code/covid-vis/src/Montaan/ModelBuilder/index.tsx
FNF:0
FNH:0
LF:0
LH:0
BRF:0
BRH:0
end_of_record
TN:
SF:/Users/ilmari/code/covid-vis/src/Montaan/NavTarget/NavTarget.ts
FN:10,(anonymous_0)
FNF:1
FNH:1
FNDA:5,(anonymous_0)
DA:4,4
DA:11,5
DA:12,5
DA:13,5
LF:4
LH:4
BRDA:10,0,0,1
BRDA:10,1,0,1
BRF:2
BRH:2
end_of_record
TN:
SF:/Users/ilmari/code/covid-vis/src/Montaan/Player/Player.tsx
FN:20,(anonymous_0)
FN:149,(anonymous_1)
FN:154,(anonymous_2)
FN:159,(anonymous_3)
FN:170,(anonymous_4)
FN:170,(anonymous_5)
FN:175,(anonymous_6)
FN:178,(anonymous_7)
FN:188,(anonymous_8)
FN:189,(anonymous_9)
FN:192,(anonymous_10)
FN:193,(anonymous_11)
FN:219,(anonymous_12)
FNF:13
FNH:4
FNDA:0,(anonymous_0)
FNDA:1,(anonymous_1)
FNDA:1,(anonymous_2)
FNDA:0,(anonymous_3)
FNDA:1,(anonymous_4)
FNDA:0,(anonymous_5)
FNDA:1,(anonymous_6)
FNDA:0,(anonymous_7)
FNDA:0,(anonymous_8)
FNDA:0,(anonymous_9)
FNDA:0,(anonymous_10)
FNDA:0,(anonymous_11)
FNDA:0,(anonymous_12)
DA:18,4
DA:20,4
DA:21,0
DA:22,0
DA:25,0
DA:26,0
DA:27,0
DA:28,0
DA:29,0
DA:30,0
DA:42,0
DA:43,0
DA:57,0
DA:58,0
DA:59,0
DA:60,0
DA:76,0
DA:77,0
DA:89,0
DA:90,0
DA:103,0
DA:104,0
DA:105,0
DA:110,0
DA:111,0
DA:116,0
DA:117,0
DA:123,0
DA:132,0
DA:145,4
DA:147,4
DA:149,4
DA:150,1
DA:151,1
DA:152,1
DA:154,1
DA:156,1
DA:157,1
DA:158,1
DA:159,1
DA:160,0
DA:161,0
DA:166,0
DA:167,0
DA:170,1
DA:175,1
DA:176,1
DA:178,0
DA:179,0
DA:187,1
DA:189,0
DA:192,1
DA:193,1
DA:195,1
DA:220,0
LF:55
LH:20
BRDA:29,0,0,0
BRDA:29,0,1,0
BRDA:42,1,0,0
BRDA:42,1,1,0
BRDA:57,2,0,0
BRDA:57,2,1,0
BRDA:57,3,0,0
BRDA:57,3,1,0
BRDA:59,4,0,0
BRDA:59,4,1,0
BRDA:76,5,0,0
BRDA:76,5,1,0
BRDA:89,6,0,0
BRDA:89,6,1,0
BRDA:103,7,0,0
BRDA:103,7,1,0
BRDA:104,8,0,0
BRDA:104,8,1,0
BRDA:110,9,0,0
BRDA:110,9,1,0
BRDA:116,10,0,0
BRDA:116,10,1,0
BRDA:166,11,0,0
BRDA:166,11,1,0
BRDA:176,12,0,1
BRDA:176,12,1,0
BRDA:189,13,0,0
BRDA:189,13,1,0
BRDA:197,14,0,1
BRDA:197,14,1,0
BRDA:204,15,0,0
BRDA:204,15,1,0
BRDA:215,16,0,0
BRDA:215,16,1,0
BRDA:227,17,0,1
BRDA:227,17,1,0
BRF:36
BRH:3
end_of_record
TN:
SF:/Users/ilmari/code/covid-vis/src/Montaan/Player/index.tsx
FNF:0
FNH:0
LF:0
LH:0
BRF:0
BRH:0
end_of_record
TN:
SF:/Users/ilmari/code/covid-vis/src/Montaan/PrettyPrinter/PrettyPrinter.ts
FN:16,(anonymous_0)
FN:22,(anonymous_1)
FN:30,(anonymous_2)
FN:38,(anonymous_3)
FN:47,(anonymous_4)
FNF:5
FNH:1
FNDA:3,(anonymous_0)
FNDA:0,(anonymous_1)
FNDA:0,(anonymous_2)
FNDA:0,(anonymous_3)
FNDA:0,(anonymous_4)
DA:12,3
DA:13,3
DA:14,3
DA:17,3
DA:18,30
DA:23,0
DA:24,0
DA:25,0
DA:27,0
DA:35,0
DA:36,0
DA:37,0
DA:38,0
DA:40,0
DA:45,0
DA:46,0
DA:47,0
DA:50,0
LF:18
LH:5
BRDA:16,0,0,3
BRDA:24,1,0,0
BRDA:24,1,1,0
BRDA:35,2,0,0
BRDA:35,2,1,0
BRDA:36,3,0,0
BRDA:36,3,1,0
BRDA:45,4,0,0
BRDA:45,4,1,0
BRF:9
BRH:1
end_of_record
TN:
SF:/Users/ilmari/code/covid-vis/src/Montaan/PrettyPrinter/PrettyPrinter.worker.ts
FN:27,(anonymous_0)
FN:31,(anonymous_1)
FN:35,(anonymous_2)
FN:61,(anonymous_3)
FN:80,(anonymous_4)
FN:92,(anonymous_5)
FN:97,(anonymous_6)
FN:137,(anonymous_7)
FNF:8
FNH:2
FNDA:0,(anonymous_0)
FNDA:1,(anonymous_1)
FNDA:0,(anonymous_2)
FNDA:1,(anonymous_3)
FNDA:0,(anonymous_4)
FNDA:0,(anonymous_5)
FNDA:0,(anonymous_6)
FNDA:0,(anonymous_7)
DA:9,1
DA:28,0
DA:32,1
DA:34,0
DA:35,0
DA:36,0
DA:40,0
DA:41,0
DA:42,0
DA:43,0
DA:44,0
DA:46,0
DA:48,0
DA:49,0
DA:50,0
DA:55,0
DA:57,0
DA:58,0
DA:61,1
DA:62,1
DA:63,256
DA:64,1
DA:67,1
DA:81,0
DA:82,0
DA:83,0
DA:84,0
DA:85,0
DA:86,0
DA:87,0
DA:89,0
DA:93,0
DA:94,0
DA:95,0
DA:98,0
DA:99,0
DA:100,0
DA:101,0
DA:102,0
DA:103,0
DA:104,0
DA:105,0
DA:106,0
DA:107,0
DA:108,0
DA:109,0
DA:110,0
DA:111,0
DA:112,0
DA:113,0
DA:114,0
DA:115,0
DA:116,0
DA:117,0
DA:118,0
DA:120,0
DA:121,0
DA:124,0
DA:125,0
DA:128,0
DA:130,0
DA:134,0
DA:142,0
DA:147,0
DA:148,0
DA:149,0
DA:151,0
DA:152,0
DA:153,0
DA:154,0
DA:155,0
DA:156,0
DA:157,0
DA:158,0
DA:159,0
DA:160,0
DA:161,0
DA:162,0
DA:170,0
DA:172,0
DA:173,0
DA:182,0
DA:183,0
DA:184,0
DA:186,0
DA:187,0
DA:190,0
DA:191,0
DA:192,0
DA:193,0
DA:194,0
DA:195,0
DA:196,0
DA:197,0
DA:198,0
DA:200,0
DA:201,0
DA:206,0
DA:207,0
DA:208,0
DA:209,0
DA:210,0
DA:211,0
DA:212,0
DA:213,0
DA:223,1
LF:106
LH:8
BRDA:32,0,0,1
BRDA:32,0,1,0
BRDA:36,1,0,0
BRDA:36,1,1,0
BRDA:42,2,0,0
BRDA:42,2,1,0
BRDA:48,3,0,0
BRDA:48,3,1,0
BRDA:52,4,0,0
BRDA:52,4,1,0
BRDA:52,5,0,0
BRDA:52,5,1,0
BRDA:63,6,0,16
BRDA:63,6,1,240
BRDA:81,7,0,0
BRDA:81,7,1,0
BRDA:86,8,0,0
BRDA:86,8,1,0
BRDA:93,9,0,0
BRDA:93,9,1,0
BRDA:94,10,0,0
BRDA:94,10,1,0
BRDA:94,11,0,0
BRDA:94,11,1,0
BRDA:98,12,0,0
BRDA:98,12,1,0
BRDA:99,13,0,0
BRDA:99,13,1,0
BRDA:110,14,0,0
BRDA:110,14,1,0
BRDA:111,15,0,0
[...]
LF:178
LH:21
BRDA:9,0,0,0
BRDA:9,0,1,0
BRDA:9,1,0,0
BRDA:9,1,1,0
BRDA:27,2,0,0
BRDA:27,2,1,0
BRDA:31,3,0,0
BRDA:31,3,1,0
BRDA:39,4,0,0
BRDA:39,4,1,0
BRDA:74,5,0,0
BRDA:74,5,1,0
BRDA:90,6,0,0
BRDA:90,6,1,0
BRDA:91,7,0,0
BRDA:91,7,1,0
BRDA:99,8,0,0
BRDA:99,8,1,0
BRDA:110,9,0,0
BRDA:110,9,1,0
BRDA:123,10,0,0
BRDA:123,10,1,0
BRDA:139,11,0,44256
BRDA:139,11,1,0
BRDA:151,12,0,0
BRDA:151,12,1,0
BRDA:160,13,0,2
BRDA:160,13,1,1
BRDA:164,14,0,0
BRDA:164,14,1,1
BRDA:165,15,0,0
BRDA:165,15,1,0
BRDA:172,16,0,0
BRDA:172,16,1,1
BRDA:192,17,0,0
BRDA:195,18,0,0
BRDA:195,18,1,0
BRDA:204,19,0,0
BRDA:204,19,1,0
BRDA:208,20,0,0
BRDA:208,20,1,0
BRDA:217,21,0,0
BRDA:217,21,1,0
BRDA:218,22,0,0
BRDA:218,22,1,0
BRDA:221,23,0,0
BRDA:221,23,1,0
BRDA:222,24,0,0
BRDA:222,24,1,0
BRDA:230,25,0,0
BRDA:230,25,1,0
BRDA:230,26,0,0
BRDA:230,26,1,0
BRDA:245,27,0,0
BRDA:250,28,0,0
BRDA:250,28,1,0
BRDA:260,29,0,0
BRDA:260,29,1,0
BRDA:266,30,0,0
BRDA:266,30,1,0
BRDA:267,31,0,0
BRDA:267,31,1,0
BRDA:285,32,0,0
BRDA:285,32,1,0
BRDA:285,33,0,0
BRDA:285,33,1,0
BRDA:302,34,0,0
BRDA:302,34,1,0
BRDA:310,35,0,0
BRDA:310,35,1,0
BRF:70
BRH:5
end_of_record
TN:
SF:/Users/ilmari/code/covid-vis/src/examples/PortugalCOVIDTree/NUTS.ts
FN:1,getNUTSName
FNF:1
FNH:1
FNDA:4932,getNUTSName
DA:2,4932
DA:5,4
LF:2
LH:2
BRDA:2,0,0,4932
BRDA:2,0,1,0
BRF:2
BRH:1
end_of_record
TN:
SF:/Users/ilmari/code/covid-vis/src/examples/PortugalCOVIDTree/PortugalCOVIDCases.ts
FN:5302,parseCases
FNF:1
FNH:1
FNDA:200,parseCases
DA:3,4
DA:5300,4
DA:5303,200
DA:5304,116
DA:5305,116
DA:5306,116
DA:5307,116
DA:5308,20428
DA:5309,20428
DA:5310,20240
DA:5311,19276
DA:5312,19276
DA:5313,19056
DA:5314,19056
DA:5315,19056
DA:5316,19056
DA:5317,19056
DA:5319,220
DA:5322,116
DA:5325,4
DA:5327,4
DA:5328,200
LF:22
LH:22
BRDA:5303,0,0,84
BRDA:5303,0,1,116
BRDA:5309,1,0,188
BRDA:5309,1,1,20240
BRDA:5310,2,0,964
BRDA:5310,2,1,19276
BRDA:5312,3,0,19056
BRDA:5312,3,1,220
BRDA:5315,4,0,19056
BRDA:5315,4,1,19056
BRDA:5316,5,0,19056
BRDA:5316,5,1,19052
BRF:12
BRH:12
end_of_record
TN:
SF:/Users/ilmari/code/covid-vis/src/examples/PortugalCOVIDTree/PortugalCOVIDTree.tsx
FN:26,(anonymous_0)
FN:36,(anonymous_1)
FN:40,(anonymous_2)
FN:43,(anonymous_3)
FN:52,(anonymous_4)
FN:54,(anonymous_5)
FN:61,(anonymous_6)
FN:129,(anonymous_7)
FN:140,(anonymous_8)
FN:151,(anonymous_9)
FN:157,(anonymous_10)
FN:177,(anonymous_11)
FN:189,(anonymous_12)
FN:193,(anonymous_13)
FN:198,(anonymous_14)
FN:235,(anonymous_15)
FN:242,(anonymous_16)
FN:243,(anonymous_17)
FN:244,(anonymous_18)
FN:280,(anonymous_19)
FN:281,(anonymous_20)
FN:282,(anonymous_21)
FN:300,addCasesToCaseList
FN:312,convertCaseListToLinks
FNF:24
FNH:6
FNDA:4,(anonymous_0)
FNDA:0,(anonymous_1)
FNDA:0,(anonymous_2)
FNDA:0,(anonymous_3)
FNDA:0,(anonymous_4)
FNDA:4,(anonymous_5)
FNDA:1232,(anonymous_6)
FNDA:44256,(anonymous_7)
FNDA:4,(anonymous_8)
FNDA:0,(anonymous_9)
FNDA:0,(anonymous_10)
FNDA:0,(anonymous_11)
FNDA:0,(anonymous_12)
FNDA:0,(anonymous_13)
FNDA:0,(anonymous_14)
FNDA:42876,(anonymous_15)
FNDA:0,(anonymous_16)
FNDA:0,(anonymous_17)
FNDA:0,(anonymous_18)
FNDA:0,(anonymous_19)
FNDA:0,(anonymous_20)
FNDA:0,(anonymous_21)
FNDA:0,addCasesToCaseList
FNDA:0,convertCaseListToLinks
DA:21,4
DA:27,4
DA:28,4
DA:29,4
DA:30,4
DA:31,4
DA:33,4
DA:37,0
DA:40,4
DA:41,4
DA:43,4
DA:44,0
DA:45,0
DA:46,0
DA:48,0
DA:55,4
DA:56,4
DA:57,4
DA:58,4
DA:59,4
DA:60,4
DA:62,1232
DA:63,1232
DA:64,1232
DA:65,1232
DA:66,1232
DA:67,1232
DA:68,0
DA:70,1232
DA:71,832
DA:73,1232
DA:74,1232
DA:75,1232
DA:76,1232
DA:77,1232
DA:78,1232
DA:79,1232
DA:80,1232
DA:81,1232
DA:82,1232
DA:83,1232
DA:84,1232
DA:85,1232
DA:90,1232
DA:95,1232
DA:100,1232
DA:101,42876
DA:102,42876
DA:108,42876
DA:113,42876
DA:120,42876
DA:121,42876
DA:123,42876
DA:127,4
DA:129,44256
DA:137,4
DA:141,4
DA:142,4
DA:143,4
DA:144,4
DA:146,4
DA:147,4
DA:151,4
DA:152,0
DA:153,0
DA:154,0
DA:158,0
DA:159,0
DA:160,0
DA:161,0
DA:177,4
DA:186,0
DA:187,0
DA:188,0
DA:189,0
DA:193,0
DA:198,0
DA:203,0
DA:236,42876
DA:237,42876
DA:238,42876
DA:239,42876
DA:243,0
DA:244,0
DA:245,0
DA:246,0
DA:247,0
DA:248,0
DA:249,0
DA:253,0
DA:254,0
DA:256,0
DA:257,0
DA:258,0
DA:259,0
DA:260,0
DA:261,0
DA:265,0
DA:266,0
DA:273,0
DA:278,42876
DA:279,42876
DA:281,0
DA:282,0
DA:283,0
DA:286,0
DA:287,0
DA:288,0
DA:289,0
DA:294,0
DA:306,0
DA:307,0
DA:308,0
DA:313,0
DA:314,0
DA:315,0
DA:316,0
DA:327,0
DA:330,4
DA:331,4
DA:332,4
DA:333,4
DA:334,4
LF:123
LH:69
BRDA:45,0,0,0
BRDA:45,0,1,0
BRDA:66,1,0,1232
BRDA:66,1,1,400
BRDA:67,2,0,0
BRDA:67,2,1,1232
BRDA:70,3,0,832
BRDA:70,3,1,400
BRDA:75,4,0,1232
BRDA:75,4,1,0
BRDA:76,5,0,100
BRDA:76,5,1,1132
BRDA:77,6,0,28
BRDA:77,6,1,1204
BRDA:78,7,0,12
BRDA:78,7,1,1220
BRDA:79,8,0,4
BRDA:79,8,1,1228
BRDA:86,9,0,832
BRDA:86,9,1,400
BRDA:87,10,0,400
BRDA:87,10,1,832
BRDA:91,11,0,1148
BRDA:91,11,1,84
BRDA:96,12,0,1212
BRDA:96,12,1,20
BRDA:98,13,0,1212
BRDA:98,13,1,20
BRDA:103,14,0,844
BRDA:103,14,1,42032
BRDA:142,15,0,4
BRDA:142,15,1,0
BRDA:146,16,0,4
BRDA:146,16,1,0
BRDA:164,17,0,0
BRDA:164,17,1,0
BRDA:247,18,0,0
BRDA:247,18,1,0
BRDA:254,19,0,0
BRDA:254,19,1,0
BRDA:256,20,0,0
BRDA:256,20,1,0
BRDA:262,21,0,0
BRDA:262,21,1,0
BRDA:266,22,0,0
BRDA:266,22,1,0
BRDA:286,23,0,0
BRDA:286,23,1,0
BRDA:288,24,0,0
BRDA:288,24,1,0
BRDA:288,25,0,0
BRDA:288,25,1,0
BRDA:288,25,2,0
BRDA:314,26,0,0
BRDA:314,26,1,0
BRDA:315,27,0,0
BRDA:315,27,1,0
BRF:57
BRH:28
end_of_record
TN:
SF:/Users/ilmari/code/covid-vis/src/examples/PortugalCOVIDTree/PortugalCOVIDTree_all_dates.tsx
FN:26,(anonymous_0)
FN:32,(anonymous_1)
FN:42,(anonymous_2)
FN:46,(anonymous_3)
FN:49,(anonymous_4)
FN:58,(anonymous_5)
FN:60,(anonymous_6)
FN:66,(anonymous_7)
FN:119,(anonymous_8)
FN:130,(anonymous_9)
FN:137,(anonymous_10)
FN:143,(anonymous_11)
FN:163,(anonymous_12)
FN:175,(anonymous_13)
FN:179,(anonymous_14)
FN:184,(anonymous_15)
FN:221,(anonymous_16)
FN:228,(anonymous_17)
FN:229,(anonymous_18)
FN:230,(anonymous_19)
FN:249,(anonymous_20)
FN:250,(anonymous_21)
FN:251,(anonymous_22)
FN:258,addCasesToCaseList
FN:270,convertCaseListToLinks
FNF:25
FNH:0
FNDA:0,(anonymous_0)
FNDA:0,(anonymous_1)
FNDA:0,(anonymous_2)
FNDA:0,(anonymous_3)
FNDA:0,(anonymous_4)
FNDA:0,(anonymous_5)
FNDA:0,(anonymous_6)
FNDA:0,(anonymous_7)
FNDA:0,(anonymous_8)
FNDA:0,(anonymous_9)
FNDA:0,(anonymous_10)
FNDA:0,(anonymous_11)
FNDA:0,(anonymous_12)
FNDA:0,(anonymous_13)
FNDA:0,(anonymous_14)
FNDA:0,(anonymous_15)
FNDA:0,(anonymous_16)
FNDA:0,(anonymous_17)
FNDA:0,(anonymous_18)
FNDA:0,(anonymous_19)
FNDA:0,(anonymous_20)
FNDA:0,(anonymous_21)
FNDA:0,(anonymous_22)
FNDA:0,addCasesToCaseList
FNDA:0,convertCaseListToLinks
DA:20,0
DA:27,0
DA:28,0
DA:29,0
DA:30,0
DA:31,0
DA:32,0
DA:33,0
DA:34,0
DA:35,0
DA:43,0
DA:46,0
DA:47,0
DA:49,0
DA:50,0
DA:51,0
DA:52,0
DA:54,0
DA:61,0
DA:62,0
DA:63,0
DA:64,0
DA:65,0
DA:67,0
DA:68,0
DA:69,0
DA:70,0
DA:71,0
DA:72,0
DA:73,0
DA:75,0
DA:76,0
DA:78,0
DA:79,0
DA:80,0
DA:81,0
DA:82,0
DA:87,0
DA:92,0
DA:93,0
DA:94,0
DA:99,0
DA:110,0
DA:111,0
DA:113,0
DA:117,0
DA:119,0
DA:127,0
DA:131,0
DA:132,0
DA:137,0
DA:138,0
DA:140,0
DA:144,0
DA:145,0
DA:146,0
DA:147,0
DA:163,0
DA:172,0
DA:173,0
DA:174,0
DA:175,0
DA:179,0
DA:184,0
DA:189,0
DA:222,0
DA:223,0
DA:224,0
DA:225,0
DA:229,0
DA:230,0
DA:231,0
DA:232,0
DA:233,0
DA:237,0
DA:238,0
DA:244,0
DA:250,0
DA:251,0
DA:252,0
DA:264,0
DA:265,0
DA:266,0
DA:271,0
DA:272,0
DA:273,0
DA:274,0
DA:285,0
DA:288,0
DA:289,0
DA:290,0
DA:291,0
DA:292,0
LF:93
LH:0
BRDA:51,0,0,0
BRDA:51,0,1,0
BRDA:71,1,0,0
BRDA:71,1,1,0
BRDA:72,2,0,0
BRDA:72,2,1,0
BRDA:75,3,0,0
BRDA:75,3,1,0
BRDA:83,4,0,0
BRDA:83,4,1,0
BRDA:84,5,0,0
BRDA:84,5,1,0
BRDA:95,6,0,0
BRDA:95,6,1,0
BRDA:132,7,0,0
BRDA:132,7,1,0
BRDA:150,8,0,0
BRDA:150,8,1,0
BRDA:238,9,0,0
BRDA:238,9,1,0
BRDA:272,10,0,0
BRDA:272,10,1,0
BRDA:273,11,0,0
BRDA:273,11,1,0
BRF:24
BRH:0
end_of_record
TN:
SF:/Users/ilmari/code/covid-vis/src/examples/PortugalCOVIDTree/PortugalConcelhos.ts
FN:314,(anonymous_0)
FN:319,(anonymous_1)
FN:321,(anonymous_2)
FN:326,(anonymous_3)
FNF:4
FNH:4
FNDA:1232,(anonymous_0)
FNDA:3809344,(anonymous_1)
FNDA:12368,(anonymous_2)
FNDA:1232,(anonymous_3)
DA:3,4
DA:312,4
DA:315,1232
DA:316,1232
DA:317,1232
DA:318,1232
DA:319,3809344
DA:320,1232
DA:321,12368
DA:322,1232
DA:324,0
DA:326,1232
LF:12
LH:11
BRDA:316,0,0,1232
BRDA:316,0,1,0
BRF:2
BRH:1
end_of_record
TN:
SF:/Users/ilmari/code/covid-vis/src/examples/PortugalCOVIDTree/PortugalLAUs.ts
FNF:0
FNH:0
DA:1,4
LF:1
LH:1
BRF:0
BRH:0
end_of_record
TN:
SF:/Users/ilmari/code/covid-vis/src/examples/PortugalCOVIDTree/index.ts
FNF:0
FNH:0
LF:0
LH:0
BRF:0
BRH:0
end_of_record
TN:
SF:/Users/ilmari/code/covid-vis/src/lib/BinaryHeap.ts
FN:9,(anonymous_0)
FN:14,(anonymous_1)
FN:19,(anonymous_2)
FN:24,(anonymous_3)
FN:35,(anonymous_4)
FN:56,(anonymous_5)
FN:60,(anonymous_6)
FN:82,(anonymous_7)
FNF:8
FNH:6
FNDA:301,(anonymous_0)
FNDA:1472,(anonymous_1)
FNDA:0,(anonymous_2)
FNDA:983,(anonymous_3)
FNDA:0,(anonymous_4)
FNDA:1772,(anonymous_5)
FNDA:1472,(anonymous_6)
FNDA:803,(anonymous_7)
DA:10,301
DA:11,301
DA:15,1472
DA:16,1472
DA:20,0
DA:21,0
DA:25,983
DA:26,982
DA:27,982
DA:28,982
DA:29,803
DA:30,803
DA:32,982
DA:36,0
DA:39,0
DA:40,0
DA:43,0
DA:46,0
DA:49,0
DA:50,0
DA:51,0
DA:52,0
DA:57,1772
DA:61,1472
DA:64,1472
DA:66,1472
DA:68,1570
DA:69,1570
DA:72,1570
DA:76,584
DA:77,584
DA:78,584
DA:83,803
DA:86,803
DA:87,803
DA:89,803
DA:91,1654
DA:92,1654
DA:95,1654
DA:98,1654
DA:99,806
DA:102,1654
DA:106,264
DA:110,1654
DA:113,851
DA:114,851
DA:115,851
LF:47
LH:36
BRDA:20,0,0,0
BRDA:20,0,1,0
BRDA:25,1,0,1
BRDA:25,1,1,982
BRDA:28,2,0,803
BRDA:28,2,1,179
BRDA:28,3,0,982
BRDA:28,3,1,803
BRDA:40,4,0,0
BRDA:40,4,1,0
BRDA:46,5,0,0
BRDA:46,5,1,0
BRDA:46,6,0,0
BRDA:46,6,1,0
BRDA:72,7,0,986
BRDA:72,7,1,584
BRDA:98,8,0,806
BRDA:98,8,1,848
BRDA:98,9,0,1654
BRDA:98,9,1,984
BRDA:102,10,0,264
BRDA:102,10,1,1390
BRDA:103,11,0,1654
BRDA:103,11,1,740
BRDA:110,12,0,803
BRDA:110,12,1,851
BRF:26
BRH:18
end_of_record
TN:
SF:/Users/ilmari/code/covid-vis/src/lib/FormGroupTextInput.tsx
FN:19,(anonymous_0)
FN:34,(anonymous_1)
FNF:2
FNH:0
FNDA:0,(anonymous_0)
FNDA:0,(anonymous_1)
DA:19,5
DA:31,0
DA:34,0
LF:3
LH:1
BRDA:32,0,0,0
BRDA:32,0,1,0
BRDA:38,1,0,0
BRDA:38,1,1,0
BRDA:42,2,0,0
BRDA:42,2,1,0
BRDA:43,3,0,0
BRDA:43,3,1,0
BRDA:44,4,0,0
BRDA:44,4,1,0
BRDA:46,5,0,0
BRDA:46,5,1,0
BRF:12
BRH:0
end_of_record
TN:
SF:/Users/ilmari/code/covid-vis/src/lib/WorkQueue.ts
FN:10,(anonymous_0)
FN:21,(anonymous_1)
FN:26,(anonymous_2)
FN:37,(anonymous_3)
FN:47,(anonymous_4)
FNF:5
FNH:0
FNDA:0,(anonymous_0)
FNDA:0,(anonymous_1)
FNDA:0,(anonymous_2)
FNDA:0,(anonymous_3)
FNDA:0,(anonymous_4)
DA:6,12
DA:8,12
DA:11,0
DA:12,0
DA:13,0
DA:14,0
DA:15,0
DA:16,0
DA:18,0
DA:22,0
DA:23,0
DA:27,0
DA:28,0
DA:29,0
DA:30,0
DA:31,0
DA:34,0
DA:38,0
DA:39,0
DA:40,0
DA:41,0
DA:44,0
DA:48,0
LF:23
LH:2
BRDA:11,0,0,0
BRDA:11,0,1,0
BRDA:27,1,0,0
BRDA:27,1,1,0
BRDA:29,2,0,0
BRDA:29,2,1,0
BRDA:29,3,0,0
BRDA:29,3,1,0
BRDA:39,4,0,0
BRDA:39,4,1,0
BRF:10
BRH:0
end_of_record
TN:
SF:/Users/ilmari/code/covid-vis/src/lib/api.ts
FN:11,(anonymous_0)
FN:16,(anonymous_1)
FN:26,(anonymous_2)
FN:38,(anonymous_3)
FN:42,(anonymous_4)
FN:48,(anonymous_5)
FN:51,(anonymous_6)
FN:60,(anonymous_7)
FNF:8
FNH:1
FNDA:8,(anonymous_0)
FNDA:0,(anonymous_1)
FNDA:0,(anonymous_2)
FNDA:0,(anonymous_3)
FNDA:0,(anonymous_4)
FNDA:0,(anonymous_5)
FNDA:0,(anonymous_6)
FNDA:0,(anonymous_7)
DA:12,8
DA:13,8
DA:17,0
DA:18,0
DA:23,0
DA:27,0
DA:28,0
DA:29,0
DA:30,0
DA:31,0
DA:32,0
DA:33,0
DA:34,0
DA:35,0
DA:36,0
DA:37,0
DA:38,0
DA:39,0
DA:40,0
DA:43,0
DA:49,0
DA:52,0
DA:61,0
DA:65,7
LF:24
LH:3
BRDA:17,0,0,0
BRDA:17,0,1,0
BRDA:27,1,0,0
BRDA:27,1,1,0
BRDA:29,2,0,0
BRDA:29,2,1,0
BRDA:30,3,0,0
BRDA:30,3,1,0
BRDA:32,4,0,0
BRDA:32,4,1,0
BRDA:33,5,0,0
BRDA:33,5,1,0
BRDA:34,6,0,0
BRDA:34,6,1,0
BRDA:39,7,0,0
BRDA:39,7,1,0
BRDA:39,8,0,0
BRDA:39,8,1,0
BRDA:55,9,0,0
BRDA:55,9,1,0
BRF:20
BRH:0
end_of_record
TN:
SF:/Users/ilmari/code/covid-vis/src/lib/quickgres-frontend.js
FN:5,r32
FN:8,r16
FN:17,(anonymous_2)
FN:24,(anonymous_3)
FN:68,(anonymous_4)
FN:74,(anonymous_5)
FN:127,(anonymous_6)
FN:170,(anonymous_7)
FN:194,(anonymous_8)
FN:199,(anonymous_9)
FN:204,(anonymous_10)
FN:209,(anonymous_11)
FN:216,(anonymous_12)
FN:234,(anonymous_13)
FN:253,(anonymous_14)
FN:262,(anonymous_15)
FN:283,(anonymous_16)
FN:284,(anonymous_17)
FN:285,(anonymous_18)
FN:286,(anonymous_19)
FN:287,(anonymous_20)
FN:288,(anonymous_21)
FN:290,(anonymous_22)
FN:295,(anonymous_23)
FN:302,(anonymous_24)
FN:310,(anonymous_25)
FN:315,(anonymous_26)
FN:316,(anonymous_27)
FN:317,(anonymous_28)
FN:318,(anonymous_29)
FN:319,(anonymous_30)
FN:320,(anonymous_31)
FN:321,(anonymous_32)
FN:322,(anonymous_33)
FNF:34
FNH:0
FNDA:0,r32
FNDA:0,r16
FNDA:0,(anonymous_2)
FNDA:0,(anonymous_3)
FNDA:0,(anonymous_4)
FNDA:0,(anonymous_5)
FNDA:0,(anonymous_6)
FNDA:0,(anonymous_7)
FNDA:0,(anonymous_8)
FNDA:0,(anonymous_9)
FNDA:0,(anonymous_10)
FNDA:0,(anonymous_11)
FNDA:0,(anonymous_12)
FNDA:0,(anonymous_13)
FNDA:0,(anonymous_14)
FNDA:0,(anonymous_15)
FNDA:0,(anonymous_16)
FNDA:0,(anonymous_17)
FNDA:0,(anonymous_18)
FNDA:0,(anonymous_19)
FNDA:0,(anonymous_20)
FNDA:0,(anonymous_21)
FNDA:0,(anonymous_22)
FNDA:0,(anonymous_23)
FNDA:0,(anonymous_24)
FNDA:0,(anonymous_25)
FNDA:0,(anonymous_26)
FNDA:0,(anonymous_27)
FNDA:0,(anonymous_28)
FNDA:0,(anonymous_29)
FNDA:0,(anonymous_30)
FNDA:0,(anonymous_31)
FNDA:0,(anonymous_32)
FNDA:0,(anonymous_33)
DA:6,0
DA:9,0
DA:19,0
DA:20,0
DA:21,0
DA:26,0
DA:27,0
DA:29,0
DA:31,0
DA:33,0
DA:34,0
DA:36,0
DA:37,0
DA:38,0
DA:39,0
DA:40,0
DA:41,0
DA:42,0
DA:45,0
DA:47,0
DA:53,0
DA:54,0
DA:55,0
DA:57,0
DA:58,0
DA:69,0
DA:70,0
DA:71,0
DA:75,0
DA:79,0
DA:80,0
DA:82,0
DA:83,0
DA:85,0
DA:89,0
DA:90,0
DA:91,0
DA:92,0
DA:93,0
DA:95,0
DA:96,0
DA:98,0
DA:99,0
DA:101,0
DA:102,0
DA:104,0
DA:105,0
DA:109,0
DA:110,0
DA:111,0
DA:112,0
DA:113,0
DA:114,0
DA:115,0
DA:116,0
DA:118,0
DA:129,0
DA:130,0
DA:131,0
DA:132,0
DA:133,0
DA:134,0
DA:135,0
DA:137,0
DA:138,0
DA:139,0
DA:140,0
DA:141,0
DA:142,0
DA:143,0
DA:144,0
DA:145,0
DA:146,0
DA:147,0
DA:148,0
DA:149,0
DA:150,0
DA:151,0
DA:152,0
DA:161,0
DA:163,0
DA:164,0
DA:165,0
DA:166,0
DA:168,0
DA:169,0
DA:172,0
DA:173,0
DA:174,0
DA:176,0
DA:177,0
DA:179,0
DA:180,0
DA:181,0
DA:182,0
DA:183,0
DA:186,0
DA:187,0
DA:188,0
DA:191,0
DA:192,0
DA:194,0
DA:195,0
DA:197,0
DA:198,0
DA:199,0
DA:201,0
DA:202,0
DA:204,0
DA:205,0
DA:207,0
DA:208,0
DA:209,0
DA:210,0
DA:215,7
DA:218,0
DA:219,0
DA:220,0
DA:221,0
DA:223,0
DA:224,0
DA:225,0
DA:226,0
DA:227,0
DA:229,0
DA:231,0
DA:236,0
DA:237,0
DA:238,0
DA:239,0
DA:241,0
DA:242,0
DA:243,0
DA:244,0
DA:245,0
DA:247,0
DA:249,0
DA:253,7
DA:254,0
DA:255,0
DA:257,0
DA:261,7
DA:263,0
DA:264,0
DA:266,0
DA:267,0
DA:268,0
DA:269,0
DA:270,0
DA:271,0
DA:272,0
DA:273,0
DA:274,0
DA:275,0
DA:276,0
DA:277,0
DA:278,0
DA:279,0
DA:281,0
DA:283,0
DA:284,0
DA:285,0
DA:286,0
DA:287,0
DA:288,0
DA:290,0
DA:297,0
DA:298,0
DA:299,0
DA:300,0
DA:304,0
DA:305,0
DA:306,0
DA:307,0
DA:312,0
DA:313,0
DA:315,0
DA:316,0
DA:317,0
DA:318,0
DA:319,0
DA:320,0
DA:321,0
DA:322,0
LF:184
LH:3
BRDA:29,0,0,0
BRDA:29,0,1,0
BRDA:31,1,0,0
BRDA:31,1,1,0
BRDA:34,2,0,0
BRDA:34,2,1,0
BRDA:45,3,0,0
BRDA:45,3,1,0
BRDA:55,4,0,0
BRDA:55,4,1,0
BRDA:74,5,0,0
BRDA:75,6,0,0
BRDA:75,6,1,0
BRDA:75,6,2,0
BRDA:75,6,3,0
BRDA:75,6,4,0
BRDA:75,6,5,0
BRDA:75,6,6,0
BRDA:75,6,7,0
BRDA:75,6,8,0
BRDA:75,6,9,0
BRDA:75,6,10,0
BRDA:89,7,0,0
BRDA:89,7,1,0
BRDA:92,8,0,0
BRDA:92,8,1,0
BRDA:127,9,0,0
BRDA:174,10,0,0
BRDA:174,10,1,0
BRDA:183,11,0,0
BRDA:183,11,1,0
BRDA:188,12,0,0
BRDA:188,12,1,0
BRDA:202,13,0,0
BRDA:202,13,1,0
BRDA:225,14,0,0
BRDA:225,14,1,0
BRDA:243,15,0,0
BRDA:243,15,1,0
BRDA:254,16,0,0
BRDA:254,16,1,0
BRDA:263,17,0,0
BRDA:263,17,1,0
BRDA:266,18,0,0
BRDA:266,18,1,0
BRDA:268,19,0,0
BRDA:268,19,1,0
BRDA:269,20,0,0
BRDA:269,20,1,0
BRDA:271,21,0,0
BRDA:271,21,1,0
BRDA:273,22,0,0
BRDA:273,22,1,0
BRDA:276,23,0,0
BRDA:276,23,1,0
BRDA:278,24,0,0
BRDA:278,24,1,0
BRF:57
BRH:0
end_of_record
TN:
SF:/Users/ilmari/code/covid-vis/src/qframe/HelpOverlay/index.jsx
FN:6,(anonymous_0)
FN:18,(anonymous_1)
FN:28,(anonymous_2)
FN:32,(anonymous_3)
FN:37,(anonymous_4)
FN:41,(anonymous_5)
FNF:6
FNH:0
FNDA:0,(anonymous_0)
FNDA:0,(anonymous_1)
FNDA:0,(anonymous_2)
FNDA:0,(anonymous_3)
FNDA:0,(anonymous_4)
FNDA:0,(anonymous_5)
DA:7,0
DA:8,0
DA:9,0
DA:10,0
DA:11,0
DA:12,0
DA:14,0
DA:18,0
DA:19,0
DA:20,0
DA:21,0
DA:23,0
DA:24,0
DA:29,0
DA:33,0
DA:34,0
DA:38,0
DA:42,0
LF:18
LH:0
BRDA:8,0,0,0
BRDA:8,0,1,0
BRDA:23,1,0,0
BRDA:23,1,1,0
BRF:4
BRH:0
end_of_record
TN:
SF:/Users/ilmari/code/covid-vis/src/qframe/LoginForm/index.jsx
FN:22,(anonymous_0)
FN:31,(anonymous_1)
FN:37,(anonymous_2)
FN:47,(anonymous_3)
FN:53,(anonymous_4)
FN:57,(anonymous_5)
FN:63,(anonymous_6)
FN:69,(anonymous_7)
FN:94,(anonymous_8)
FN:111,(anonymous_9)
FNF:10
FNH:0
FNDA:0,(anonymous_0)
FNDA:0,(anonymous_1)
FNDA:0,(anonymous_2)
FNDA:0,(anonymous_3)
FNDA:0,(anonymous_4)
FNDA:0,(anonymous_5)
FNDA:0,(anonymous_6)
FNDA:0,(anonymous_7)
FNDA:0,(anonymous_8)
FNDA:0,(anonymous_9)
DA:12,0
DA:23,0
DA:25,0
DA:31,0
DA:32,0
DA:37,0
DA:38,0
DA:44,0
DA:47,0
DA:48,0
DA:49,0
DA:50,0
DA:54,0
DA:58,0
DA:64,0
DA:65,0
DA:66,0
DA:79,0
DA:94,0
DA:111,0
LF:20
LH:0
BRDA:88,0,0,0
BRDA:88,0,1,0
BRDA:89,1,0,0
BRDA:89,1,1,0
BRDA:105,2,0,0
BRDA:105,2,1,0
BRDA:106,3,0,0
BRDA:106,3,1,0
BRF:8
BRH:0
end_of_record
TN:
SF:/Users/ilmari/code/covid-vis/src/qframe/RecoverForm/index.jsx
FN:24,(anonymous_0)
FN:28,(anonymous_1)
FN:34,(anonymous_2)
FN:40,(anonymous_3)
FN:50,(anonymous_4)
FN:56,(anonymous_5)
FN:81,(anonymous_6)
FN:98,(anonymous_7)
FN:132,(anonymous_8)
FN:137,(anonymous_9)
FN:141,(anonymous_10)
FN:143,(anonymous_11)
FN:148,(anonymous_12)
FN:164,(anonymous_13)
FN:170,(anonymous_14)
FN:195,(anonymous_15)
FNF:16
FNH:0
FNDA:0,(anonymous_0)
FNDA:0,(anonymous_1)
FNDA:0,(anonymous_2)
FNDA:0,(anonymous_3)
FNDA:0,(anonymous_4)
FNDA:0,(anonymous_5)
FNDA:0,(anonymous_6)
FNDA:0,(anonymous_7)
FNDA:0,(anonymous_8)
FNDA:0,(anonymous_9)
FNDA:0,(anonymous_10)
FNDA:0,(anonymous_11)
FNDA:0,(anonymous_12)
FNDA:0,(anonymous_13)
FNDA:0,(anonymous_14)
FNDA:0,(anonymous_15)
DA:13,0
DA:25,0
DA:28,0
DA:29,0
DA:30,0
DA:31,0
DA:32,0
DA:35,0
DA:36,0
DA:41,0
DA:51,0
DA:52,0
DA:53,0
DA:66,0
DA:81,0
DA:98,0
DA:124,0
DA:133,0
DA:134,0
DA:138,0
DA:141,0
DA:142,0
DA:143,0
DA:144,0
DA:149,0
DA:150,0
DA:159,0
DA:165,0
DA:166,0
DA:167,0
DA:180,0
DA:195,0
DA:210,0
DA:211,0
LF:34
LH:0
BRDA:75,0,0,0
BRDA:75,0,1,0
BRDA:76,1,0,0
BRDA:76,1,1,0
BRDA:92,2,0,0
BRDA:92,2,1,0
BRDA:93,3,0,0
BRDA:93,3,1,0
BRDA:149,4,0,0
BRDA:149,4,1,0
BRDA:189,5,0,0
BRDA:189,5,1,0
BRDA:190,6,0,0
BRDA:190,6,1,0
BRF:14
BRH:0
end_of_record
TN:
SF:/Users/ilmari/code/covid-vis/src/qframe/SignUpForm/index.jsx
FN:34,(anonymous_0)
FN:43,(anonymous_1)
FN:49,(anonymous_2)
FN:75,(anonymous_3)
FN:81,(anonymous_4)
FN:85,(anonymous_5)
FN:93,(anonymous_6)
FN:99,(anonymous_7)
FNF:8
FNH:0
FNDA:0,(anonymous_0)
FNDA:0,(anonymous_1)
FNDA:0,(anonymous_2)
FNDA:0,(anonymous_3)
FNDA:0,(anonymous_4)
FNDA:0,(anonymous_5)
FNDA:0,(anonymous_6)
FNDA:0,(anonymous_7)
DA:14,0
DA:35,0
DA:37,0
DA:43,0
DA:44,0
DA:50,0
DA:51,0
DA:52,0
DA:53,0
DA:58,0
DA:59,0
DA:61,0
DA:66,0
DA:67,0
DA:68,0
DA:69,0
DA:71,0
DA:75,0
DA:76,0
DA:77,0
DA:78,0
DA:82,0
DA:86,0
DA:87,0
DA:88,0
DA:94,0
DA:95,0
DA:96,0
DA:109,0
LF:29
LH:0
BRDA:50,0,0,0
BRDA:50,0,1,0
BRDA:58,1,0,0
BRDA:58,1,1,0
BRDA:71,2,0,0
BRDA:71,2,1,0
BRF:6
BRH:0
end_of_record
TN:
SF:/Users/ilmari/code/covid-vis/src/qframe/TopBar/index.jsx
FN:11,(anonymous_0)
FN:16,(anonymous_1)
FN:23,(anonymous_2)
FN:29,(anonymous_3)
FNF:4
FNH:0
FNDA:0,(anonymous_0)
FNDA:0,(anonymous_1)
FNDA:0,(anonymous_2)
FNDA:0,(anonymous_3)
DA:11,0
DA:12,0
DA:13,0
DA:16,0
DA:17,0
DA:18,0
DA:19,0
DA:20,0
DA:23,0
DA:24,0
DA:25,0
DA:26,0
DA:30,0
DA:31,0
LF:14
LH:0
BRDA:32,0,0,0
BRDA:32,0,1,0
BRDA:42,1,0,0
BRDA:42,1,1,0
BRDA:53,2,0,0
BRDA:53,2,1,0
BRF:6
BRH:0
end_of_record
TN:
SF:/Users/ilmari/code/covid-vis/src/qframe/UserActivation/index.jsx
FN:8,(anonymous_0)
FN:13,(anonymous_1)
FN:21,(anonymous_2)
FNF:3
FNH:0
FNDA:0,(anonymous_0)
FNDA:0,(anonymous_1)
FNDA:0,(anonymous_2)
DA:9,0
DA:10,0
DA:14,0
DA:15,0
DA:16,0
DA:17,0
DA:22,0
DA:27,0
LF:8
LH:0
BRDA:15,0,0,0
BRDA:15,0,1,0
BRDA:22,1,0,0
BRDA:22,1,1,0
BRF:4
BRH:0
end_of_record
